1: 0 2: 1033 3: 1252 
=== Logging started: 9/1/2024  5:47:39 ===
Message type: 0, Argument: 1033
Message type: 1, Argument: Microsoft Visual C++ 2013 x86 Minimum Runtime - 12.0.21005
Action 5:47:39: INSTALL. 
Action start 5:47:39: INSTALL.
1: 0 2: 1033 3: 1252 
1: 0 2: 1033 3: 1252 
=== Logging started: 9/1/2024  5:47:39 ===
Message type: 0, Argument: 1033
Message type: 1, Argument: Microsoft Visual C++ 2013 x86 Minimum Runtime - 12.0.21005
Action 5:47:39: INSTALL. 
Action start 5:47:39: INSTALL.
1: Microsoft Visual C++ 2013 x86 Minimum Runtime - 12.0.21005 2: {13A4EE12-23EA-3371-91EE-EFB36DDFFF3E} 
Action 5:47:39: FindRelatedProducts. Searching for related applications
Action start 5:47:39: FindRelatedProducts.
Action ended 5:47:39: FindRelatedProducts. Return value 1.
Action 5:47:39: LaunchConditions. Evaluating launch conditions
Action start 5:47:39: LaunchConditions.
Action ended 5:47:39: LaunchConditions. Return value 1.
Action 5:47:39: AppSearch. Searching for installed applications
Action start 5:47:39: AppSearch.
Property: REDISTFOUNDVERLANG, Signature: DetectRedistVerLangSignature
Property: REDISTFOUNDVER, Signature: DetectRedistVerSignature
Property: JSHFOUNDVER, Signature: DetectJSHVerSignature
Property: OCMFOUNDVER, Signature: DetectOCMRedistVerSignature
Property: OCMFOUNDVERLANG, Signature: DetectOCMRedistVerLangSignature
Action ended 5:47:39: AppSearch. Return value 1.
Action 5:47:39: ValidateProductID. 
Action start 5:47:39: ValidateProductID.
Action ended 5:47:39: ValidateProductID. Return value 1.
Action 5:47:39: CostInitialize. Computing space requirements
Action start 5:47:39: CostInitialize.
Action ended 5:47:39: CostInitialize. Return value 1.
Action 5:47:39: FileCost. Computing space requirements
Action start 5:47:39: FileCost.
Action ended 5:47:39: FileCost. Return value 1.
Action 5:47:39: CostFinalize. Computing space requirements
Action start 5:47:39: CostFinalize.
Action ended 5:47:39: CostFinalize. Return value 1.
Action 5:47:39: SetODBCFolders. Initializing ODBC directories
Action start 5:47:39: SetODBCFolders.
Action ended 5:47:39: SetODBCFolders. Return value 1.
Action 5:47:39: InstallValidate. Validating install
Action start 5:47:39: InstallValidate.
Action ended 5:47:39: InstallValidate. Return value 1.
Action 5:47:39: InstallInitialize. 
Action start 5:47:39: InstallInitialize.
Action ended 5:47:39: InstallInitialize. Return value 1.
Action 5:47:39: AllocateRegistrySpace. Allocating registry space
Action start 5:47:39: AllocateRegistrySpace.
Free space: 0
Action ended 5:47:39: AllocateRegistrySpace. Return value 1.
Action 5:47:39: ProcessComponents. Updating component registration
Action start 5:47:39: ProcessComponents.
Action ended 5:47:39: ProcessComponents. Return value 1.
Action 5:47:39: UnpublishComponents. Unpublishing Qualified Components
Action start 5:47:39: UnpublishComponents.
Action ended 5:47:39: UnpublishComponents. Return value 1.
Action 5:47:39: MsiUnpublishAssemblies. Unpublishing assembly information
Action start 5:47:39: MsiUnpublishAssemblies.
Action ended 5:47:39: MsiUnpublishAssemblies. Return value 1.
Action 5:47:39: UnpublishFeatures. Unpublishing Product Features
Action start 5:47:39: UnpublishFeatures.
Action ended 5:47:39: UnpublishFeatures. Return value 1.
Action 5:47:39: StopServices. Stopping services
Action start 5:47:39: StopServices.
Action ended 5:47:39: StopServices. Return value 1.
Action 5:47:39: DeleteServices. Deleting services
Action start 5:47:39: DeleteServices.
Action ended 5:47:39: DeleteServices. Return value 1.
Action 5:47:39: UnregisterComPlus. Unregistering COM+ Applications and Components
Action start 5:47:39: UnregisterComPlus.
Action ended 5:47:39: UnregisterComPlus. Return value 1.
Action 5:47:39: SelfUnregModules. Unregistering modules
Action start 5:47:39: SelfUnregModules.
Action ended 5:47:39: SelfUnregModules. Return value 1.
Action 5:47:39: UnregisterTypeLibraries. Unregistering type libraries
Action start 5:47:39: UnregisterTypeLibraries.
Action ended 5:47:39: UnregisterTypeLibraries. Return value 1.
Action 5:47:39: RemoveODBC. Removing ODBC components
Action start 5:47:39: RemoveODBC.
Action ended 5:47:39: RemoveODBC. Return value 1.
Action 5:47:39: UnregisterFonts. Unregistering fonts
Action start 5:47:39: UnregisterFonts.
Action ended 5:47:39: UnregisterFonts. Return value 1.
Action 5:47:39: RemoveRegistryValues. Removing system registry values
Action start 5:47:39: RemoveRegistryValues.
Action ended 5:47:39: RemoveRegistryValues. Return value 1.
Action 5:47:39: UnregisterClassInfo. Unregister Class servers
Action start 5:47:39: UnregisterClassInfo.
Action ended 5:47:39: UnregisterClassInfo. Return value 1.
Action 5:47:39: UnregisterMIMEInfo. Unregistering MIME info
Action start 5:47:39: UnregisterMIMEInfo.
Action ended 5:47:39: UnregisterMIMEInfo. Return value 1.
Action 5:47:39: RemoveIniValues. Removing INI files entries
Action start 5:47:39: RemoveIniValues.
Action ended 5:47:39: RemoveIniValues. Return value 1.
Action 5:47:39: RemoveShortcuts. Removing shortcuts
Action start 5:47:39: RemoveShortcuts.
Action ended 5:47:39: RemoveShortcuts. Return value 1.
Action 5:47:39: RemoveEnvironmentStrings. Updating environment strings
Action start 5:47:39: RemoveEnvironmentStrings.
Action ended 5:47:39: RemoveEnvironmentStrings. Return value 1.
Action 5:47:39: RemoveDuplicateFiles. Removing duplicated files
Action start 5:47:39: RemoveDuplicateFiles.
Action ended 5:47:39: RemoveDuplicateFiles. Return value 1.
Action 5:47:39: RemoveFiles. Removing files
Action start 5:47:39: RemoveFiles.
Action ended 5:47:39: RemoveFiles. Return value 1.
Action 5:47:39: RemoveFolders. Removing folders
Action start 5:47:39: RemoveFolders.
Action ended 5:47:39: RemoveFolders. Return value 1.
Action 5:47:39: CreateFolders. Creating folders
Action start 5:47:39: CreateFolders.
Action ended 5:47:39: CreateFolders. Return value 1.
Action 5:47:39: MoveFiles. Moving files
Action start 5:47:39: MoveFiles.
Action ended 5:47:39: MoveFiles. Return value 1.
Action 5:47:39: InstallFiles. Copying new files
Action start 5:47:39: InstallFiles.
Action ended 5:47:39: InstallFiles. Return value 1.
Action 5:47:39: DuplicateFiles. Creating duplicate files
Action start 5:47:39: DuplicateFiles.
Action ended 5:47:39: DuplicateFiles. Return value 1.
Action 5:47:39: BindImage. Binding executables
Action start 5:47:39: BindImage.
Action ended 5:47:39: BindImage. Return value 1.
Action 5:47:39: RegisterClassInfo. Registering Class servers
Action start 5:47:39: RegisterClassInfo.
Action ended 5:47:39: RegisterClassInfo. Return value 1.
Action 5:47:39: RegisterMIMEInfo. Registering MIME info
Action start 5:47:39: RegisterMIMEInfo.
Action ended 5:47:39: RegisterMIMEInfo. Return value 1.
Action 5:47:39: RegisterTypeLibraries. Registering type libraries
Action start 5:47:39: RegisterTypeLibraries.
Action ended 5:47:39: RegisterTypeLibraries. Return value 1.
Action 5:47:39: WriteRegistryValues. Writing system registry values
Action start 5:47:39: WriteRegistryValues.
Action ended 5:47:39: WriteRegistryValues. Return value 1.
Action 5:47:39: WriteIniValues. Writing INI files values
Action start 5:47:39: WriteIniValues.
Action ended 5:47:39: WriteIniValues. Return value 1.
Action 5:47:39: WriteEnvironmentStrings. Updating environment strings
Action start 5:47:39: WriteEnvironmentStrings.
Action ended 5:47:39: WriteEnvironmentStrings. Return value 1.
Action 5:47:39: RegisterFonts. Registering fonts
Action start 5:47:39: RegisterFonts.
Action ended 5:47:39: RegisterFonts. Return value 1.
Action 5:47:39: InstallODBC. Installing ODBC components
Action start 5:47:39: InstallODBC.
Action ended 5:47:39: InstallODBC. Return value 1.
Action 5:47:39: SelfRegModules. Registering modules
Action start 5:47:39: SelfRegModules.
Action ended 5:47:39: SelfRegModules. Return value 1.
Action 5:47:39: RegisterComPlus. Registering COM+ Applications and Components
Action start 5:47:39: RegisterComPlus.
Action ended 5:47:39: RegisterComPlus. Return value 1.
Action 5:47:39: InstallServices. Installing new services
Action start 5:47:39: InstallServices.
Action ended 5:47:39: InstallServices. Return value 1.
Action 5:47:39: StartServices. Starting services
Action start 5:47:39: StartServices.
Action ended 5:47:39: StartServices. Return value 1.
Action 5:47:39: RegisterUser. Registering user
Action start 5:47:39: RegisterUser.
Action ended 5:47:39: RegisterUser. Return value 1.
Action 5:47:39: RegisterProduct. Registering product
Action start 5:47:39: RegisterProduct.
Action ended 5:47:39: RegisterProduct. Return value 1.
Action 5:47:39: PublishComponents. Publishing Qualified Components
Action start 5:47:39: PublishComponents.
Action ended 5:47:39: PublishComponents. Return value 1.
Action 5:47:39: MsiPublishAssemblies. Publishing assembly information
Action start 5:47:39: MsiPublishAssemblies.
Action ended 5:47:39: MsiPublishAssemblies. Return value 1.
Action 5:47:39: PublishFeatures. Publishing Product Features
Action start 5:47:39: PublishFeatures.
Action ended 5:47:39: PublishFeatures. Return value 1.
Action 5:47:39: PublishProduct. Publishing product information
Action start 5:47:39: PublishProduct.
Action ended 5:47:39: PublishProduct. Return value 1.
Action 5:47:39: CreateShortcuts. Creating shortcuts
Action start 5:47:39: CreateShortcuts.
Action ended 5:47:39: CreateShortcuts. Return value 1.
Action 5:47:39: InstallFinalize. 
Action start 5:47:39: InstallFinalize.
Action 5:47:39: ProcessComponents. Updating component registration
Action start 5:47:39: ProcessComponents.
1: {13A4EE12-23EA-3371-91EE-EFB36DDFFF3E} 2: {FE80AAC7-9373-345B-8C89-01D4359338F8} 3: 02:\SOFTWARE\Microsoft\VisualStudio\12.0\VC\Runtimes\x86\Version 
1: {13A4EE12-23EA-3371-91EE-EFB36DDFFF3E} 2: {0835C947-D6D2-4E52-AF14-0231D04E88EA} 3: C:\windows\syswow64\msvcr120.dll 
1: {13A4EE12-23EA-3371-91EE-EFB36DDFFF3E} 2: {74260D9F-D644-423B-B2D4-0291EA4BA8BE} 3: C:\windows\syswow64\msvcp120.dll 
1: {13A4EE12-23EA-3371-91EE-EFB36DDFFF3E} 2: {63B83B20-1AB9-4F49-B0B2-4489724CA96C} 3: C:\windows\syswow64\vccorlib120.dll 
1: {13A4EE12-23EA-3371-91EE-EFB36DDFFF3E} 2: {E08DC543-ADA7-466B-B629-CE908DD9BDE3} 3: C:\windows\syswow64\vcamp120.dll 
1: {13A4EE12-23EA-3371-91EE-EFB36DDFFF3E} 2: {1A7754D3-744B-439A-B284-BD7A1C24FCFA} 3: C:\windows\syswow64\vcomp120.dll 
1: {13A4EE12-23EA-3371-91EE-EFB36DDFFF3E} 2: {02A33D46-BBAA-3AE1-B18F-390B34F69D25} 3: 02:\SOFTWARE\Microsoft\DevDiv\vc\Servicing\12.0\SP 
1: {13A4EE12-23EA-3371-91EE-EFB36DDFFF3E} 2: {0158CC3C-4468-3BEE-AAE9-C15CBC41D67D} 3: 02:\SOFTWARE\Microsoft\DevDiv\vc\Servicing\12.0\RuntimeMinimum\Install 
1: {13A4EE12-23EA-3371-91EE-EFB36DDFFF3E} 2: {6F8AC7C7-2FFA-388E-BCFE-186E61ACB437} 3: -1:\Software\Classes\Installer\Dependencies\Microsoft.VS.VC_RuntimeMinimumVSU_x86,v12\Version 
Action ended 5:47:39: ProcessComponents. Return value 1.
Action 5:47:39: UnpublishComponents. Unpublishing Qualified Components
Action start 5:47:39: UnpublishComponents.
Action ended 5:47:39: UnpublishComponents. Return value 1.
Action 5:47:39: MsiUnpublishAssemblies. Unpublishing assembly information
Action start 5:47:39: MsiUnpublishAssemblies.
Action ended 5:47:39: MsiUnpublishAssemblies. Return value 1.
Action 5:47:39: UnpublishFeatures. Unpublishing Product Features
Action start 5:47:39: UnpublishFeatures.
Action ended 5:47:39: UnpublishFeatures. Return value 1.
Action 5:47:39: StopServices. Stopping services
Action start 5:47:39: StopServices.
Action ended 5:47:39: StopServices. Return value 1.
Action 5:47:39: DeleteServices. Deleting services
Action start 5:47:39: DeleteServices.
Action ended 5:47:39: DeleteServices. Return value 1.
Action 5:47:39: SelfUnregModules. Unregistering modules
Action start 5:47:39: SelfUnregModules.
Action ended 5:47:39: SelfUnregModules. Return value 1.
Action 5:47:39: UnregisterTypeLibraries. Unregistering type libraries
Action start 5:47:39: UnregisterTypeLibraries.
Action ended 5:47:39: UnregisterTypeLibraries. Return value 1.
Action 5:47:39: RemoveODBC. Removing ODBC components
Action start 5:47:39: RemoveODBC.
Action ended 5:47:39: RemoveODBC. Return value 1.
Action 5:47:39: UnregisterFonts. Unregistering fonts
Action start 5:47:39: UnregisterFonts.
Action ended 5:47:39: UnregisterFonts. Return value 1.
Action 5:47:39: RemoveRegistryValues. Removing system registry values
Action start 5:47:39: RemoveRegistryValues.
Action ended 5:47:39: RemoveRegistryValues. Return value 1.
Action 5:47:39: UnregisterClassInfo. Unregister Class servers
Action start 5:47:39: UnregisterClassInfo.
Action ended 5:47:39: UnregisterClassInfo. Return value 1.
Action 5:47:39: UnregisterMIMEInfo. Unregistering MIME info
Action start 5:47:39: UnregisterMIMEInfo.
Action ended 5:47:39: UnregisterMIMEInfo. Return value 1.
Action 5:47:39: RemoveIniValues. Removing INI files entries
Action start 5:47:39: RemoveIniValues.
Action ended 5:47:39: RemoveIniValues. Return value 1.
Action 5:47:39: RemoveShortcuts. Removing shortcuts
Action start 5:47:39: RemoveShortcuts.
Action ended 5:47:39: RemoveShortcuts. Return value 1.
Action 5:47:39: RemoveEnvironmentStrings. Updating environment strings
Action start 5:47:39: RemoveEnvironmentStrings.
Action ended 5:47:39: RemoveEnvironmentStrings. Return value 1.
Action 5:47:39: RemoveDuplicateFiles. Removing duplicated files
Action start 5:47:39: RemoveDuplicateFiles.
Action ended 5:47:39: RemoveDuplicateFiles. Return value 1.
Action 5:47:39: RemoveFiles. Removing files
Action start 5:47:39: RemoveFiles.
File: msvcp120.dll, Directory: SystemFolder_x86_VC
File: msvcr120.dll, Directory: SystemFolder_x86_VC
File: vcamp120.dll, Directory: SystemFolder_x86_VC
File: vccorlib120.dll, Directory: SystemFolder_x86_VC
File: vcomp120.dll, Directory: SystemFolder_x86_VC
Action ended 5:47:39: RemoveFiles. Return value 1.
Action 5:47:39: RemoveFolders. Removing folders
Action start 5:47:39: RemoveFolders.
Action ended 5:47:39: RemoveFolders. Return value 1.
Action 5:47:39: CreateFolders. Creating folders
Action start 5:47:39: CreateFolders.
Action ended 5:47:39: CreateFolders. Return value 1.
Action 5:47:39: MoveFiles. Moving files
Action start 5:47:39: MoveFiles.
Action ended 5:47:39: MoveFiles. Return value 1.
Action 5:47:39: InstallFiles. Copying new files
Action start 5:47:39: InstallFiles.
File: msvcp120.dll,  Directory: SystemFolder_x86_VC,  Size: 455328
File: msvcr120.dll,  Directory: SystemFolder_x86_VC,  Size: 970912
File: vcamp120.dll,  Directory: SystemFolder_x86_VC,  Size: 339616
File: vccorlib120.dll,  Directory: SystemFolder_x86_VC,  Size: 247984
File: vcomp120.dll,  Directory: SystemFolder_x86_VC,  Size: 119456
Action ended 5:47:39: InstallFiles. Return value 1.
Action 5:47:39: DuplicateFiles. Creating duplicate files
Action start 5:47:39: DuplicateFiles.
Action ended 5:47:39: DuplicateFiles. Return value 1.
Action 5:47:39: RegisterClassInfo. Registering Class servers
Action start 5:47:39: RegisterClassInfo.
Action ended 5:47:39: RegisterClassInfo. Return value 1.
Action 5:47:39: RegisterMIMEInfo. Registering MIME info
Action start 5:47:39: RegisterMIMEInfo.
Action ended 5:47:39: RegisterMIMEInfo. Return value 1.
Action 5:47:39: RegisterTypeLibraries. Registering type libraries
Action start 5:47:39: RegisterTypeLibraries.
Action ended 5:47:39: RegisterTypeLibraries. Return value 1.
Action 5:47:39: WriteRegistryValues. Writing system registry values
Action start 5:47:39: WriteRegistryValues.
Key: HKEY_LOCAL_MACHINE\SOFTWARE\Microsoft\VisualStudio\12.0\VC\Runtimes\x86, Name: Version, Value: v12.0.21005.01
Key: HKEY_LOCAL_MACHINE\SOFTWARE\Microsoft\DevDiv\vc\Servicing\12.0, Name: SP, Value: 
Key: HKEY_LOCAL_MACHINE\SOFTWARE\Microsoft\DevDiv\vc\Servicing\12.0\RuntimeMinimum, Name: Install, Value: 
Key: HKEY_LOCAL_MACHINE\Software\Classes\Installer\Dependencies\Microsoft.VS.VC_RuntimeMinimumVSU_x86,v12, Name: Version, Value: 12.0.21005
Key: HKEY_LOCAL_MACHINE\SOFTWARE\Microsoft\VisualStudio\12.0\VC\Runtimes\x86, Name: Installed, Value: 
Key: HKEY_LOCAL_MACHINE\SOFTWARE\Microsoft\VisualStudio\12.0\VC\Runtimes\x86, Name: Major, Value: 
Key: HKEY_LOCAL_MACHINE\SOFTWARE\Microsoft\VisualStudio\12.0\VC\Runtimes\x86, Name: Minor, Value: 
Key: HKEY_LOCAL_MACHINE\SOFTWARE\Microsoft\VisualStudio\12.0\VC\Runtimes\x86, Name: Bld, Value: 
Key: HKEY_LOCAL_MACHINE\SOFTWARE\Microsoft\VisualStudio\12.0\VC\Runtimes\x86, Name: Rbld, Value: 
Key: HKEY_LOCAL_MACHINE\SOFTWARE\Microsoft\DevDiv\vc\Servicing\12.0, Name: SPIndex, Value: 
Key: HKEY_LOCAL_MACHINE\SOFTWARE\Microsoft\DevDiv\vc\Servicing\12.0\RuntimeMinimum, Name: InstallerType, Value: MSI
Key: HKEY_LOCAL_MACHINE\SOFTWARE\Microsoft\DevDiv\vc\Servicing\12.0\RuntimeMinimum, Name: SP, Value: 
Key: HKEY_LOCAL_MACHINE\SOFTWARE\Microsoft\DevDiv\vc\Servicing\12.0\RuntimeMinimum, Name: SPIndex, Value: 
Key: HKEY_LOCAL_MACHINE\SOFTWARE\Microsoft\DevDiv\vc\Servicing\12.0\RuntimeMinimum, Name: SPName, Value: RTM
Key: HKEY_LOCAL_MACHINE\SOFTWARE\Microsoft\DevDiv\vc\Servicing\12.0\RuntimeMinimum, Name: Version, Value: 12.0.21005
Key: HKEY_LOCAL_MACHINE\SOFTWARE\Microsoft\DevDiv\vc\Servicing\12.0\RuntimeMinimum, Name: UpdateVersion, Value: 12.0.21005
Key: HKEY_LOCAL_MACHINE\Software\Classes\Installer\Dependencies\Microsoft.VS.VC_RuntimeMinimumVSU_x86,v12, Name: , Value: {13A4EE12-23EA-3371-91EE-EFB36DDFFF3E}
Key: HKEY_LOCAL_MACHINE\Software\Classes\Installer\Dependencies\Microsoft.VS.VC_RuntimeMinimumVSU_x86,v12, Name: DisplayName, Value: Microsoft Visual C++ 2013 x86 Minimum Runtime - 12.0.21005
Action ended 5:47:39: WriteRegistryValues. Return value 1.
Action 5:47:39: WriteIniValues. Writing INI files values
Action start 5:47:39: WriteIniValues.
Action ended 5:47:39: WriteIniValues. Return value 1.
Action 5:47:39: WriteEnvironmentStrings. Updating environment strings
Action start 5:47:39: WriteEnvironmentStrings.
Action ended 5:47:39: WriteEnvironmentStrings. Return value 1.
Action 5:47:39: RegisterFonts. Registering fonts
Action start 5:47:39: RegisterFonts.
Action ended 5:47:39: RegisterFonts. Return value 1.
Action 5:47:39: InstallODBC. Installing ODBC components
Action start 5:47:39: InstallODBC.
Action ended 5:47:39: InstallODBC. Return value 1.
Action 5:47:39: SelfRegModules. Registering modules
Action start 5:47:39: SelfRegModules.
Action ended 5:47:39: SelfRegModules. Return value 1.
Action 5:47:39: InstallServices. Installing new services
Action start 5:47:39: InstallServices.
Action ended 5:47:39: InstallServices. Return value 1.
Action 5:47:39: StartServices. Starting services
Action start 5:47:39: StartServices.
Action ended 5:47:39: StartServices. Return value 1.
Action 5:47:39: RegisterUser. Registering user
Action start 5:47:39: RegisterUser.
1:  
Action ended 5:47:39: RegisterUser. Return value 1.
Action 5:47:39: RegisterProduct. Registering product
Action start 5:47:39: RegisterProduct.
1: {13A4EE12-23EA-3371-91EE-EFB36DDFFF3E} 
Action ended 5:47:39: RegisterProduct. Return value 1.
Action 5:47:39: PublishComponents. Publishing Qualified Components
Action start 5:47:39: PublishComponents.
Action ended 5:47:39: PublishComponents. Return value 1.
Action 5:47:39: MsiPublishAssemblies. Publishing assembly information
Action start 5:47:39: MsiPublishAssemblies.
Action ended 5:47:39: MsiPublishAssemblies. Return value 1.
Action 5:47:39: PublishFeatures. Publishing Product Features
Action start 5:47:39: PublishFeatures.
Feature: VC_Runtime_Minimum
Feature: Provider
Feature: Servicing_Key
Action ended 5:47:39: PublishFeatures. Return value 1.
Action 5:47:39: PublishProduct. Publishing product information
Action start 5:47:39: PublishProduct.
1: {13A4EE12-23EA-3371-91EE-EFB36DDFFF3E} 
Action ended 5:47:39: PublishProduct. Return value 1.
Action 5:47:39: CreateShortcuts. Creating shortcuts
Action start 5:47:39: CreateShortcuts.
Action ended 5:47:39: CreateShortcuts. Return value 1.
Action ended 5:47:39: InstallFinalize. Return value 1.
Action 5:47:39: RemoveExistingProducts. Removing applications
Action start 5:47:39: RemoveExistingProducts.
Action ended 5:47:39: RemoveExistingProducts. Return value 1.
Action ended 5:47:39: INSTALL. Return value 1.
1: Microsoft Visual C++ 2013 x86 Minimum Runtime - 12.0.21005 2: {13A4EE12-23EA-3371-91EE-EFB36DDFFF3E} 3: 1 
Property(S): DiskPrompt = 
Property(S): UpgradeCode = {B59F5BF1-67C8-3802-8E59-2CE551A39FC5}
Property(S): REDISTFOUNDVERLANG = #1
Property(S): REDISTFOUNDVER = #1
Property(S): TARGETDIR = C:\
Property(S): SystemFolder_x86_VC = C:\windows\syswow64\
Property(S): SourceDir = C:\ProgramData\Package Cache\{13A4EE12-23EA-3371-91EE-EFB36DDFFF3E}v12.0.21005\packages\vcRuntimeMinimum_x86\
Property(S): SystemFolder = C:\windows\syswow64\
Property(S): VersionNT = 603
Property(S): ALLUSERS = 1
Property(S): ARPHELPLINK = http://go.microsoft.com/fwlink/?LinkId=133405
Property(S): ARPNOMODIFY = 1
Property(S): ARPURLUpdateInfo = http://go.microsoft.com/fwlink/?LinkId=133408
Property(S): ARPCOMMENTS = Caution. Removing this product might prevent some applications from running.
Property(S): comspec_cmd = %comspec%
Property(S): DDPatch = 0
Property(S): FeatureID = 1
Property(S): FILESINUSETEXT = The following applications should be closed before continuing the install:
Property(S): FXAssemblyVersion = 4.0.0.0
Property(S): FXAssemblyVersion35 = 3.5.0.0
Property(S): INSTALLLEVEL = 2
Property(S): LIMITUI = 1
Property(S): NullGUID = {00000000-0000-0000-0000-000000000000}
Property(S): PIDRegEntryName = ProductID
Property(S): PIDUserNameRegKey = SOFTWARE\Microsoft\VisualStudio\7.0\Registration
Property(S): PIDUserNameRegRoot = HKEY_LOCAL_MACHINE
Property(S): PrimaryDir = VS7.3643236F_FC70_11D3_A536_0090278A1BB8
Property(S): REBOOT = ReallySuppress
Property(S): REPAIR_REINSTALLMODE = pecmsu
Property(S): ReserveAdditionalCostVS7UI = 8388608
Property(S): RunCount = 49
Property(S): UpdateProp1 = 0
Property(S): UpdateProp2 = 0
Property(S): UpdateProp3 = 0
Property(S): UpdateProp4 = 0
Property(S): UpdateProp5 = 0
Property(S): UserNameRegEntryName = UserName
Property(S): ARPSYSTEMCOMPONENT = 1
Property(S): BuildType = ret
Property(S): URTVersion = v4.0.30319
Property(S): LocProductName = Microsoft Visual C++ 2013 x86 Runtime
Property(S): ProductCPU = x86
Property(S): ProductEdition = Runtime
Property(S): ProductFamily = VC
Property(S): ProductImage = net
Property(S): RTM_ProductVersion = 12.0.21005
Property(S): ProductVersionHigh = 720896
Property(S): ProductVersionLow = 1999110144
Property(S): MsiLogging = voicewarmup
Property(S): Manufacturer = Microsoft Corporation
Property(S): ProductCode = {13A4EE12-23EA-3371-91EE-EFB36DDFFF3E}
Property(S): ProductLanguage = 1033
Property(S): ProductName = Microsoft Visual C++ 2013 x86 Minimum Runtime - 12.0.21005
Property(S): ProductVersion = 12.0.21005
Property(S): DirectoryTable100_x86 = DirectoryTable
Property(S): SecureCustomProperties = IE501FOUND.3643236F_FC70_11D3_A536_0090278A1BB8;IGNOREDEPENDENCIES;INSTALLBLOCKFOUND.3643236F_FC70_11D3_A536_0090278A1BB8;JSHFOUNDVER;NEWERVCRUNTIMEVERSIONDETECTED;OCMFOUNDVER;OCMFOUNDVERLANG;REDISTFOUNDVER;REDISTFOUNDVERLANG;UNINSTALLBLOCKFOUND.3643236F_FC70_11D3_A536_0090278A1BB8;UPGRADEVCRUNTIME
Property(S): WixPdbPath = f:\ddSetup\SD\1\wix\outs\x86ret\enu\cooked\vc_RuntimeMinimum_net.wixpdb
Property(S): AdminUser = 1
Property(S): Privileged = 1
Property(S): MsiRunningElevated = 1
Property(S): CommonAppDataFolder = C:\ProgramData\
Property(S): FavoritesFolder = C:\users\steamuser\Favorites\
Property(S): FontsFolder = C:\windows\Fonts\
Property(S): SendToFolder = C:\users\steamuser\AppData\Roaming\Microsoft\Windows\SendTo\
Property(S): StartMenuFolder = C:\users\steamuser\AppData\Roaming\Microsoft\Windows\Start Menu\
Property(S): StartupFolder = C:\users\steamuser\AppData\Roaming\Microsoft\Windows\Start Menu\Programs\StartUp\
Property(S): TemplateFolder = C:\users\steamuser\AppData\Roaming\Microsoft\Windows\Templates\
Property(S): DesktopFolder = C:\users\steamuser\Desktop\
Property(S): ProgramMenuFolder = C:\users\steamuser\AppData\Roaming\Microsoft\Windows\Start Menu\Programs\
Property(S): AdminToolsFolder = C:\users\steamuser\AppData\Roaming\Microsoft\Windows\Start Menu\Programs\Administrative Tools\
Property(S): AppDataFolder = C:\users\steamuser\AppData\Roaming\
Property(S): System16Folder = C:\windows\system32\
Property(S): LocalAppDataFolder = C:\users\steamuser\AppData\Local\
Property(S): MyPicturesFolder = C:\users\steamuser\Pictures\
Property(S): PersonalFolder = C:\users\steamuser\Documents\
Property(S): WindowsFolder = C:\windows\
Property(S): PrintHoodFolder = C:\users\steamuser\AppData\Roaming\Microsoft\Windows\Printer Shortcuts\
Property(S): NetHoodFolder = C:\users\steamuser\AppData\Roaming\Microsoft\Windows\Network Shortcuts\
Property(S): RecentFolder = C:\users\steamuser\AppData\Roaming\Microsoft\Windows\Recent\
Property(S): PhysicalMemory = 14814
Property(S): WindowsVolume = C:\
Property(S): TempFolder = C:\users\steamuser\Temp\
Property(S): MsiNTProductType = 1
Property(S): WindowsBuild = 9600
Property(S): ServicePackLevel = 0
Property(S): VersionMsi = 4.5
Property(S): VersionDatabase = 400
Property(S): Intel = 23
Property(S): MsiAMD64 = 23
Property(S): Msix64 = 23
Property(S): VersionNT64 = 603
Property(S): System64Folder = C:\windows\system32\
Property(S): ProgramFiles64Folder = C:\Program Files\
Property(S): ProgramFilesFolder = C:\Program Files (x86)\
Property(S): CommonFiles64Folder = C:\Program Files\Common Files\
Property(S): CommonFilesFolder = C:\Program Files (x86)\Common Files\
Property(S): ScreenX = 1280
Property(S): ScreenY = 720
Property(S): ColorBits = 32
Property(S): UserSID = S-1-5-21-588913932-151339152-1000-1000
Property(S): UserLanguageID = 1033
Property(S): SystemLanguageID = 1033
Property(S): ProductState = -1
Property(S): LogonUser = steamuser
Property(S): ComputerName = STEAMDECK
Property(S): UILevel = 2
Property(S): PackageCode = {E9934153-EAB1-4DA6-AA72-86C8BB1EDF2C}
Property(S): DATABASE = C:\windows\Installer\dbfc.msi
Property(S): OriginalDatabase = C:\ProgramData\Package Cache\{13A4EE12-23EA-3371-91EE-EFB36DDFFF3E}v12.0.21005\packages\vcRuntimeMinimum_x86\vc_runtimeMinimum_x86.msi
Property(S): SOURCEDIR = C:\ProgramData\Package Cache\{13A4EE12-23EA-3371-91EE-EFB36DDFFF3E}v12.0.21005\packages\vcRuntimeMinimum_x86\
Property(S): MSIFASTINSTALL = 7
Property(S): NOVSUI = 1
Property(S): ACTION = INSTALL
Property(S): EXECUTEACTION = INSTALL
Property(S): CostingComplete = 1
Property(S): ROOTDRIVE = C:\
Property(S): OutOfDiskSpace = 0
Property(S): OutOfNoRbDiskSpace = 0
1: 2 2: 0 
1: 2 2: 1 
Action ended 5:47:39: INSTALL. Return value 1.
