1: 0 2: 1033 3: 1252 
=== Logging started: 8/11/2024  7:49:50 ===
Message type: 0, Argument: 1033, 1252
Message type: 1, Argument: Microsoft Visual C++ 2019 X64 Additional Runtime - 14.28.29334
Action 7:49:50: INSTALL. 
Action start 7:49:50: INSTALL.
1: 0 2: 1033 3: 1252 
1: 0 2: 1033 3: 1252 
=== Logging started: 8/11/2024  7:49:50 ===
Message type: 0, Argument: 1033, 1252
Message type: 1, Argument: Microsoft Visual C++ 2019 X64 Additional Runtime - 14.28.29334
Action 7:49:50: INSTALL. 
Action start 7:49:51: INSTALL.
1: Microsoft Visual C++ 2019 X64 Additional Runtime - 14.28.29334 2: {2E11EF4E-901F-4B2D-B68E-3DB2A566C857} 
Action 7:49:51: FindRelatedProducts. Searching for related applications
Action start 7:49:51: FindRelatedProducts.
Action ended 7:49:51: FindRelatedProducts. Return value 1.
Action 7:49:51: LaunchConditions. Evaluating launch conditions
Action start 7:49:51: LaunchConditions.
Action ended 7:49:51: LaunchConditions. Return value 1.
Action 7:49:51: ValidateProductID. 
Action start 7:49:51: ValidateProductID.
Action ended 7:49:51: ValidateProductID. Return value 1.
Action 7:49:51: CostInitialize. Computing space requirements
Action start 7:49:51: CostInitialize.
Action ended 7:49:51: CostInitialize. Return value 1.
Action 7:49:51: FileCost. Computing space requirements
Action start 7:49:51: FileCost.
Action ended 7:49:51: FileCost. Return value 1.
Action 7:49:51: CostFinalize. Computing space requirements
Action start 7:49:51: CostFinalize.
Action ended 7:49:51: CostFinalize. Return value 1.
Action 7:49:51: InstallValidate. Validating install
Action start 7:49:51: InstallValidate.
Action ended 7:49:51: InstallValidate. Return value 1.
Action 7:49:51: InstallInitialize. 
Action start 7:49:51: InstallInitialize.
Action ended 7:49:51: InstallInitialize. Return value 1.
Action 7:49:51: RemoveExistingProducts. Removing applications
Action start 7:49:51: RemoveExistingProducts.
Action ended 7:49:51: RemoveExistingProducts. Return value 1.
Action 7:49:51: ProcessComponents. Updating component registration
Action start 7:49:51: ProcessComponents.
Action ended 7:49:51: ProcessComponents. Return value 1.
Action 7:49:51: UnpublishFeatures. Unpublishing Product Features
Action start 7:49:51: UnpublishFeatures.
Action ended 7:49:51: UnpublishFeatures. Return value 1.
Action 7:49:51: RemoveRegistryValues. Removing system registry values
Action start 7:49:51: RemoveRegistryValues.
Action ended 7:49:51: RemoveRegistryValues. Return value 1.
Action 7:49:51: RemoveFiles. Removing files
Action start 7:49:51: RemoveFiles.
Action ended 7:49:51: RemoveFiles. Return value 1.
Action 7:49:51: InstallFiles. Copying new files
Action start 7:49:51: InstallFiles.
Action ended 7:49:51: InstallFiles. Return value 1.
Action 7:49:51: WriteRegistryValues. Writing system registry values
Action start 7:49:51: WriteRegistryValues.
Action ended 7:49:51: WriteRegistryValues. Return value 1.
Action 7:49:51: RegisterUser. Registering user
Action start 7:49:51: RegisterUser.
Action ended 7:49:51: RegisterUser. Return value 1.
Action 7:49:51: RegisterProduct. Registering product
Action start 7:49:51: RegisterProduct.
Action ended 7:49:51: RegisterProduct. Return value 1.
Action 7:49:51: PublishFeatures. Publishing Product Features
Action start 7:49:51: PublishFeatures.
Action ended 7:49:51: PublishFeatures. Return value 1.
Action 7:49:51: PublishProduct. Publishing product information
Action start 7:49:51: PublishProduct.
Action ended 7:49:51: PublishProduct. Return value 1.
Action 7:49:51: InstallFinalize. 
Action start 7:49:51: InstallFinalize.
Action 7:49:51: ProcessComponents. Updating component registration
Action start 7:49:51: ProcessComponents.
1: {2E11EF4E-901F-4B2D-B68E-3DB2A566C857} 2: {3639FCCA-5969-316D-AC18-E0C6B2B532E9} 3: 02:\SOFTWARE\Microsoft\VisualStudio\14.0\VC\Runtimes\X64\Version 
1: {2E11EF4E-901F-4B2D-B68E-3DB2A566C857} 2: {D2959D22-4DB7-32AF-A1B0-8405C4221749} 3: 02:\SOFTWARE\Microsoft\VisualStudio\14.0\VC\Runtimes\X64\Version 
1: {2E11EF4E-901F-4B2D-B68E-3DB2A566C857} 2: {99A922E3-648F-3C37-8AE6-78232F317B1E} 3: C:\windows\system32\mfc140.dll 
1: {2E11EF4E-901F-4B2D-B68E-3DB2A566C857} 2: {8924DA15-E863-388D-A06B-E7A3931AD77B} 3: C:\windows\system32\mfc140u.dll 
1: {2E11EF4E-901F-4B2D-B68E-3DB2A566C857} 2: {32252141-0BE5-3AFE-9849-D281CD954D43} 3: C:\windows\system32\mfcm140.dll 
1: {2E11EF4E-901F-4B2D-B68E-3DB2A566C857} 2: {AD221A2C-956B-3F16-8F64-FC938CBFD1C9} 3: C:\windows\system32\mfcm140u.dll 
1: {2E11EF4E-901F-4B2D-B68E-3DB2A566C857} 2: {CA9C8888-CEE6-38D6-A64D-33DA28675281} 3: C:\windows\system32\mfc140chs.dll 
1: {2E11EF4E-901F-4B2D-B68E-3DB2A566C857} 2: {F692B585-1C66-3BD5-AC31-442E4221ED80} 3: C:\windows\system32\mfc140cht.dll 
1: {2E11EF4E-901F-4B2D-B68E-3DB2A566C857} 2: {7F148EE8-E61F-3462-B6D4-E1411A8EC5C9} 3: C:\windows\system32\mfc140deu.dll 
1: {2E11EF4E-901F-4B2D-B68E-3DB2A566C857} 2: {686933F1-9A99-3CD8-A071-2BE11CEA5E99} 3: C:\windows\system32\mfc140enu.dll 
1: {2E11EF4E-901F-4B2D-B68E-3DB2A566C857} 2: {674A4EC5-F732-3C6D-A0FB-289D61963665} 3: C:\windows\system32\mfc140esn.dll 
1: {2E11EF4E-901F-4B2D-B68E-3DB2A566C857} 2: {3A88BA88-2780-3262-A7A9-7A11D3ED9A88} 3: C:\windows\system32\mfc140fra.dll 
1: {2E11EF4E-901F-4B2D-B68E-3DB2A566C857} 2: {8D300AD7-942A-3EDF-AA03-3D442AF99208} 3: C:\windows\system32\mfc140ita.dll 
1: {2E11EF4E-901F-4B2D-B68E-3DB2A566C857} 2: {51C499DB-BD7A-31E9-AAFA-5D0813741B43} 3: C:\windows\system32\mfc140jpn.dll 
1: {2E11EF4E-901F-4B2D-B68E-3DB2A566C857} 2: {C6C22F1F-CEB2-31D6-A2E9-8F124A82428F} 3: C:\windows\system32\mfc140kor.dll 
1: {2E11EF4E-901F-4B2D-B68E-3DB2A566C857} 2: {21B0261D-5191-3D58-9C29-B9232B27D616} 3: C:\windows\system32\mfc140rus.dll 
1: {2E11EF4E-901F-4B2D-B68E-3DB2A566C857} 2: {EA0D3A76-AE46-3F46-B94D-309D5097A125} 3: 02:\SOFTWARE\Microsoft\DevDiv\VC\Servicing\14.0\SP 
1: {2E11EF4E-901F-4B2D-B68E-3DB2A566C857} 2: {225DB27C-EE31-3DF8-B4BB-AC5506C5673A} 3: 02:\SOFTWARE\Microsoft\DevDiv\VC\Servicing\14.0\RuntimeAdditional\Install 
1: {2E11EF4E-901F-4B2D-B68E-3DB2A566C857} 2: {04D1E303-8E0F-36D1-BC1F-E27EE209198A} 3: 02:\SOFTWARE\Microsoft\DevDiv\VC\Servicing\14.0\SP 
1: {2E11EF4E-901F-4B2D-B68E-3DB2A566C857} 2: {ABC89929-9E1E-30F1-A5A6-C685BDDDB7E3} 3: 02:\SOFTWARE\Microsoft\DevDiv\VC\Servicing\14.0\RuntimeAdditional\Install 
1: {2E11EF4E-901F-4B2D-B68E-3DB2A566C857} 2: {610423BB-1113-392F-8B0A-340000E19044} 3: -1:\Software\Classes\Installer\Dependencies\Microsoft.VS.VC_RuntimeAdditionalVSU_amd64,v14\Version 
Action ended 7:49:51: ProcessComponents. Return value 1.
Action 7:49:51: UnpublishFeatures. Unpublishing Product Features
Action start 7:49:51: UnpublishFeatures.
Action ended 7:49:51: UnpublishFeatures. Return value 1.
Action 7:49:51: RemoveRegistryValues. Removing system registry values
Action start 7:49:51: RemoveRegistryValues.
Action ended 7:49:51: RemoveRegistryValues. Return value 1.
Action 7:49:51: RemoveFiles. Removing files
Action start 7:49:51: RemoveFiles.
File: mfc140.dll, Directory: System64Folder
File: mfc140chs.dll, Directory: System64Folder
File: mfc140cht.dll, Directory: System64Folder
File: mfc140deu.dll, Directory: System64Folder
File: mfc140enu.dll, Directory: System64Folder
File: mfc140esn.dll, Directory: System64Folder
File: mfc140fra.dll, Directory: System64Folder
File: mfc140ita.dll, Directory: System64Folder
File: mfc140jpn.dll, Directory: System64Folder
File: mfc140kor.dll, Directory: System64Folder
File: mfc140rus.dll, Directory: System64Folder
File: mfc140u.dll, Directory: System64Folder
File: mfcm140.dll, Directory: System64Folder
File: mfcm140u.dll, Directory: System64Folder
Action ended 7:49:51: RemoveFiles. Return value 1.
Action 7:49:51: InstallFiles. Copying new files
Action start 7:49:51: InstallFiles.
File: mfc140.dll,  Directory: System64Folder,  Size: 5606280
File: mfc140chs.dll,  Directory: System64Folder,  Size: 39816
File: mfc140cht.dll,  Directory: System64Folder,  Size: 39816
File: mfc140deu.dll,  Directory: System64Folder,  Size: 68488
File: mfc140enu.dll,  Directory: System64Folder,  Size: 58752
File: mfc140esn.dll,  Directory: System64Folder,  Size: 67464
File: mfc140fra.dll,  Directory: System64Folder,  Size: 68488
File: mfc140ita.dll,  Directory: System64Folder,  Size: 66440
File: mfc140jpn.dll,  Directory: System64Folder,  Size: 48008
File: mfc140kor.dll,  Directory: System64Folder,  Size: 46984
File: mfc140rus.dll,  Directory: System64Folder,  Size: 64392
File: mfc140u.dll,  Directory: System64Folder,  Size: 5639560
File: mfcm140.dll,  Directory: System64Folder,  Size: 84864
File: mfcm140u.dll,  Directory: System64Folder,  Size: 84864
Action ended 7:49:51: InstallFiles. Return value 1.
Action 7:49:51: WriteRegistryValues. Writing system registry values
Action start 7:49:51: WriteRegistryValues.
Key: HKEY_LOCAL_MACHINE\SOFTWARE\Microsoft\VisualStudio\14.0\VC\Runtimes\X64, Name: Version, Value: v14.28.29334.00
Key: HKEY_LOCAL_MACHINE\SOFTWARE\Microsoft\VisualStudio\14.0\VC\Runtimes\X64, Name: Version, Value: v14.28.29334.00
Key: HKEY_LOCAL_MACHINE\SOFTWARE\Microsoft\DevDiv\VC\Servicing\14.0, Name: SP, Value: 
Key: HKEY_LOCAL_MACHINE\SOFTWARE\Microsoft\DevDiv\VC\Servicing\14.0\RuntimeAdditional, Name: Install, Value: 
Key: HKEY_LOCAL_MACHINE\SOFTWARE\Microsoft\DevDiv\VC\Servicing\14.0, Name: SP, Value: 
Key: HKEY_LOCAL_MACHINE\SOFTWARE\Microsoft\DevDiv\VC\Servicing\14.0\RuntimeAdditional, Name: Install, Value: 
Key: HKEY_LOCAL_MACHINE\Software\Classes\Installer\Dependencies\Microsoft.VS.VC_RuntimeAdditionalVSU_amd64,v14, Name: Version, Value: 14.28.29334
Key: HKEY_LOCAL_MACHINE\SOFTWARE\Microsoft\VisualStudio\14.0\VC\Runtimes\X64, Name: Installed, Value: 
Key: HKEY_LOCAL_MACHINE\SOFTWARE\Microsoft\VisualStudio\14.0\VC\Runtimes\X64, Name: Major, Value: 
Key: HKEY_LOCAL_MACHINE\SOFTWARE\Microsoft\VisualStudio\14.0\VC\Runtimes\X64, Name: Minor, Value: 
Key: HKEY_LOCAL_MACHINE\SOFTWARE\Microsoft\VisualStudio\14.0\VC\Runtimes\X64, Name: Bld, Value: 
Key: HKEY_LOCAL_MACHINE\SOFTWARE\Microsoft\VisualStudio\14.0\VC\Runtimes\X64, Name: Rbld, Value: 
Key: HKEY_LOCAL_MACHINE\SOFTWARE\Microsoft\VisualStudio\14.0\VC\Runtimes\X64, Name: Installed, Value: 
Key: HKEY_LOCAL_MACHINE\SOFTWARE\Microsoft\VisualStudio\14.0\VC\Runtimes\X64, Name: Major, Value: 
Key: HKEY_LOCAL_MACHINE\SOFTWARE\Microsoft\VisualStudio\14.0\VC\Runtimes\X64, Name: Minor, Value: 
Key: HKEY_LOCAL_MACHINE\SOFTWARE\Microsoft\VisualStudio\14.0\VC\Runtimes\X64, Name: Bld, Value: 
Key: HKEY_LOCAL_MACHINE\SOFTWARE\Microsoft\VisualStudio\14.0\VC\Runtimes\X64, Name: Rbld, Value: 
Key: HKEY_LOCAL_MACHINE\SOFTWARE\Microsoft\DevDiv\VC\Servicing\14.0, Name: SPIndex, Value: 
Key: HKEY_LOCAL_MACHINE\SOFTWARE\Microsoft\DevDiv\VC\Servicing\14.0\RuntimeAdditional, Name: InstallerType, Value: MSI
Key: HKEY_LOCAL_MACHINE\SOFTWARE\Microsoft\DevDiv\VC\Servicing\14.0\RuntimeAdditional, Name: SP, Value: 
Key: HKEY_LOCAL_MACHINE\SOFTWARE\Microsoft\DevDiv\VC\Servicing\14.0\RuntimeAdditional, Name: SPIndex, Value: 
Key: HKEY_LOCAL_MACHINE\SOFTWARE\Microsoft\DevDiv\VC\Servicing\14.0\RuntimeAdditional, Name: SPName, Value: RTM
Key: HKEY_LOCAL_MACHINE\SOFTWARE\Microsoft\DevDiv\VC\Servicing\14.0\RuntimeAdditional, Name: Version, Value: 14.28.29334
Key: HKEY_LOCAL_MACHINE\SOFTWARE\Microsoft\DevDiv\VC\Servicing\14.0\RuntimeAdditional, Name: UpdateVersion, Value: 14.28.29334
Key: HKEY_LOCAL_MACHINE\SOFTWARE\Microsoft\DevDiv\VC\Servicing\14.0, Name: SPIndex, Value: 
Key: HKEY_LOCAL_MACHINE\SOFTWARE\Microsoft\DevDiv\VC\Servicing\14.0\RuntimeAdditional, Name: InstallerType, Value: MSI
Key: HKEY_LOCAL_MACHINE\SOFTWARE\Microsoft\DevDiv\VC\Servicing\14.0\RuntimeAdditional, Name: SP, Value: 
Key: HKEY_LOCAL_MACHINE\SOFTWARE\Microsoft\DevDiv\VC\Servicing\14.0\RuntimeAdditional, Name: SPIndex, Value: 
Key: HKEY_LOCAL_MACHINE\SOFTWARE\Microsoft\DevDiv\VC\Servicing\14.0\RuntimeAdditional, Name: SPName, Value: RTM
Key: HKEY_LOCAL_MACHINE\SOFTWARE\Microsoft\DevDiv\VC\Servicing\14.0\RuntimeAdditional, Name: Version, Value: 14.28.29334
Key: HKEY_LOCAL_MACHINE\SOFTWARE\Microsoft\DevDiv\VC\Servicing\14.0\RuntimeAdditional, Name: UpdateVersion, Value: 14.28.29334
Key: HKEY_LOCAL_MACHINE\Software\Classes\Installer\Dependencies\Microsoft.VS.VC_RuntimeAdditionalVSU_amd64,v14, Name: , Value: {2E11EF4E-901F-4B2D-B68E-3DB2A566C857}
Key: HKEY_LOCAL_MACHINE\Software\Classes\Installer\Dependencies\Microsoft.VS.VC_RuntimeAdditionalVSU_amd64,v14, Name: DisplayName, Value: Microsoft Visual C++ 2019 X64 Additional Runtime - 14.28.29334
Action ended 7:49:51: WriteRegistryValues. Return value 1.
Action 7:49:51: RegisterUser. Registering user
Action start 7:49:51: RegisterUser.
1:  
Action ended 7:49:51: RegisterUser. Return value 1.
Action 7:49:51: RegisterProduct. Registering product
Action start 7:49:51: RegisterProduct.
1: {2E11EF4E-901F-4B2D-B68E-3DB2A566C857} 
Action ended 7:49:51: RegisterProduct. Return value 1.
Action 7:49:51: PublishFeatures. Publishing Product Features
Action start 7:49:51: PublishFeatures.
Feature: VC_Runtime_Additional
Feature: Provider
Feature: Servicing_Key
Action ended 7:49:51: PublishFeatures. Return value 1.
Action 7:49:51: PublishProduct. Publishing product information
Action start 7:49:51: PublishProduct.
1: {2E11EF4E-901F-4B2D-B68E-3DB2A566C857} 
Action ended 7:49:51: PublishProduct. Return value 1.
Action ended 7:49:51: InstallFinalize. Return value 1.
Action ended 7:49:51: INSTALL. Return value 1.
1: Microsoft Visual C++ 2019 X64 Additional Runtime - 14.28.29334 2: {2E11EF4E-901F-4B2D-B68E-3DB2A566C857} 3: 1 
Property(S): UpgradeCode = {9B0BAA88-E15F-3A1F-ACC0-B206E9DDF71C}
Property(S): TARGETDIR = C:\
Property(S): System64Folder = C:\windows\system32\
Property(S): SourceDir = C:\ProgramData\Package Cache\{2E11EF4E-901F-4B2D-B68E-3DB2A566C857}v14.28.29334\packages\vcRuntimeAdditional_amd64\
Property(S): ALLUSERS = 1
Property(S): FILESINUSETEXT = The following applications should be closed before continuing the install:
Property(S): INSTALLLEVEL = 2
Property(S): LIMITUI = 1
Property(S): REBOOT = ReallySuppress
Property(S): REPAIR_REINSTALLMODE = pecmsu
Property(S): ARPSYSTEMCOMPONENT = 1
Property(S): LocProductName = Microsoft Visual C++ 2019 X64 Runtime
Property(S): ProductCPU = amd64
Property(S): ProductEdition = Runtime
Property(S): ProductFamily = VC
Property(S): RTM_ProductVersion = 14.28.29334
Property(S): MsiLogging = voicewarmup
Property(S): Manufacturer = Microsoft Corporation
Property(S): ProductCode = {2E11EF4E-901F-4B2D-B68E-3DB2A566C857}
Property(S): ProductLanguage = 1033
Property(S): ProductName = Microsoft Visual C++ 2019 X64 Additional Runtime - 14.28.29334
Property(S): ProductVersion = 14.28.29334
Property(S): DirectoryTable100_amd64 = DirectoryTable
Property(S): SecureCustomProperties = IGNOREDEPENDENCIES;NEWERVCRUNTIMEVERSIONDETECTED;UPGRADEVCRUNTIME
Property(S): AdminUser = 1
Property(S): Privileged = 1
Property(S): MsiRunningElevated = 1
Property(S): CommonAppDataFolder = C:\ProgramData\
Property(S): FavoritesFolder = C:\users\steamuser\Favorites\
Property(S): FontsFolder = C:\windows\Fonts\
Property(S): SendToFolder = C:\users\steamuser\AppData\Roaming\Microsoft\Windows\SendTo\
Property(S): StartMenuFolder = C:\users\steamuser\AppData\Roaming\Microsoft\Windows\Start Menu\
Property(S): StartupFolder = C:\users\steamuser\AppData\Roaming\Microsoft\Windows\Start Menu\Programs\StartUp\
Property(S): TemplateFolder = C:\users\steamuser\AppData\Roaming\Microsoft\Windows\Templates\
Property(S): DesktopFolder = C:\users\steamuser\Desktop\
Property(S): ProgramMenuFolder = C:\users\steamuser\AppData\Roaming\Microsoft\Windows\Start Menu\Programs\
Property(S): AdminToolsFolder = C:\users\steamuser\AppData\Roaming\Microsoft\Windows\Start Menu\Programs\Administrative Tools\
Property(S): AppDataFolder = C:\users\steamuser\AppData\Roaming\
Property(S): SystemFolder = C:\windows\syswow64\
Property(S): System16Folder = C:\windows\system32\
Property(S): LocalAppDataFolder = C:\users\steamuser\AppData\Local\
Property(S): MyPicturesFolder = C:\users\steamuser\Pictures\
Property(S): PersonalFolder = C:\users\steamuser\Documents\
Property(S): WindowsFolder = C:\windows\
Property(S): PrintHoodFolder = C:\users\steamuser\AppData\Roaming\Microsoft\Windows\Printer Shortcuts\
Property(S): NetHoodFolder = C:\users\steamuser\AppData\Roaming\Microsoft\Windows\Network Shortcuts\
Property(S): RecentFolder = C:\users\steamuser\AppData\Roaming\Microsoft\Windows\Recent\
Property(S): PhysicalMemory = 14814
Property(S): WindowsVolume = C:\
Property(S): TempFolder = C:\users\steamuser\Temp\
Property(S): VersionNT = 603
Property(S): MsiNTProductType = 1
Property(S): WindowsBuild = 9600
Property(S): ServicePackLevel = 0
Property(S): VersionMsi = 4.5
Property(S): VersionDatabase = 400
Property(S): Intel = 23
Property(S): MsiAMD64 = 23
Property(S): Msix64 = 23
Property(S): VersionNT64 = 603
Property(S): ProgramFiles64Folder = C:\Program Files\
Property(S): ProgramFilesFolder = C:\Program Files (x86)\
Property(S): CommonFiles64Folder = C:\Program Files\Common Files\
Property(S): CommonFilesFolder = C:\Program Files (x86)\Common Files\
Property(S): ScreenX = 1280
Property(S): ScreenY = 800
Property(S): ColorBits = 32
Property(S): UserSID = S-1-5-21-588913932-151339152-1000-1000
Property(S): MsiNetAssemblySupport = 4.6.1590.0
Property(S): UserLanguageID = 1033
Property(S): SystemLanguageID = 1033
Property(S): ProductState = -1
Property(S): LogonUser = steamuser
Property(S): ComputerName = STEAMDECK
Property(S): UILevel = 2
Property(S): PackageCode = {134DB9BE-5422-4A55-B072-7ACD53349398}
Property(S): DATABASE = C:\windows\Installer\1027.msi
Property(S): OriginalDatabase = C:\ProgramData\Package Cache\{2E11EF4E-901F-4B2D-B68E-3DB2A566C857}v14.28.29334\packages\vcRuntimeAdditional_amd64\vc_runtimeAdditional_x64.msi
Property(S): SOURCEDIR = C:\ProgramData\Package Cache\{2E11EF4E-901F-4B2D-B68E-3DB2A566C857}v14.28.29334\packages\vcRuntimeAdditional_amd64\
Property(S): MSIFASTINSTALL = 7
Property(S): NOVSUI = 1
Property(S): ACTION = INSTALL
Property(S): EXECUTEACTION = INSTALL
Property(S): CostingComplete = 1
Property(S): ROOTDRIVE = C:\
Property(S): OutOfDiskSpace = 0
Property(S): OutOfNoRbDiskSpace = 0
1: 2 2: 0 
1: 2 2: 1 
Action ended 7:49:51: INSTALL. Return value 1.
