[0164:0168][2024-08-11T19:49:47]i001: Burn v3.10.4.4718, Windows v10.0 (Build 19043: Service Pack 0), path: C:\windows\temp\{AD76CCD0-564C-44F5-81F7-6C1C1A4EBCAD}\.cr\VC_redist.x86.exe
[0164:0168][2024-08-11T19:49:47]i009: Command Line: '"-burn.clean.room=Z:\home\deck\.local\share\Steam\steamapps\common\Steamworks Shared\_CommonRedist\vcredist\2019\VC_redist.x86.exe" -burn.filehandle.attached=144 -burn.filehandle.self=148 /q /norestart'
[0164:0168][2024-08-11T19:49:47]i000: Setting string variable 'WixBundleOriginalSource' to value 'Z:\home\deck\.local\share\Steam\steamapps\common\Steamworks Shared\_CommonRedist\vcredist\2019\VC_redist.x86.exe'
[0164:0168][2024-08-11T19:49:47]i000: Setting string variable 'WixBundleOriginalSourceFolder' to value 'Z:\home\deck\.local\share\Steam\steamapps\common\Steamworks Shared\_CommonRedist\vcredist\2019\'
[0164:0168][2024-08-11T19:49:47]i000: Setting string variable 'WixBundleLog' to value 'C:\users\steamuser\Temp\dd_vcredist_x86_20240811194947.log'
[0164:0168][2024-08-11T19:49:48]i000: Setting string variable 'WixBundleName' to value 'Microsoft Visual C++ 2015-2019 Redistributable (x86) - 14.28.29334'
[0164:0168][2024-08-11T19:49:48]i000: Setting string variable 'WixBundleManufacturer' to value 'Microsoft Corporation'
[0164:017C][2024-08-11T19:49:48]i000: Setting version variable 'WixBundleFileVersion' to value '14.28.29334.0'
[0164:0168][2024-08-11T19:49:48]i100: Detect begin, 10 packages
[0164:0168][2024-08-11T19:49:48]i000: Setting version variable 'windows_uCRT_DetectKey' to value '10.0.14393.2247'
[0164:0168][2024-08-11T19:49:48]i000: Setting numeric variable 'windows_uCRT_DetectKeyExists' to value 1
[0164:0168][2024-08-11T19:49:48]i052: Condition '(VersionNT = v6.3 AND NOT VersionNT64) AND (windows_uCRT_DetectKeyExists AND windows_uCRT_DetectKey >= v10.0.10240.0)' evaluates to false.
[0164:0168][2024-08-11T19:49:48]i052: Condition '(VersionNT = v6.3 AND VersionNT64) AND (windows_uCRT_DetectKeyExists AND windows_uCRT_DetectKey >= v10.0.10240.0)' evaluates to false.
[0164:0168][2024-08-11T19:49:48]i052: Condition '(VersionNT = v6.2 AND NOT VersionNT64) AND (windows_uCRT_DetectKeyExists AND windows_uCRT_DetectKey >= v10.0.10240.0)' evaluates to false.
[0164:0168][2024-08-11T19:49:48]i052: Condition '(VersionNT = v6.2 AND VersionNT64) AND (windows_uCRT_DetectKeyExists AND windows_uCRT_DetectKey >= v10.0.10240.0)' evaluates to false.
[0164:0168][2024-08-11T19:49:48]i052: Condition '(VersionNT = v6.1 AND NOT VersionNT64) AND (windows_uCRT_DetectKeyExists AND windows_uCRT_DetectKey >= v10.0.10240.0)' evaluates to false.
[0164:0168][2024-08-11T19:49:48]i052: Condition '(VersionNT = v6.1 AND VersionNT64) AND (windows_uCRT_DetectKeyExists AND windows_uCRT_DetectKey >= v10.0.10240.0)' evaluates to false.
[0164:0168][2024-08-11T19:49:48]i052: Condition '(VersionNT = v6.0 AND NOT VersionNT64) AND (windows_uCRT_DetectKeyExists AND windows_uCRT_DetectKey >= v10.0.10240.0)' evaluates to false.
[0164:0168][2024-08-11T19:49:48]i052: Condition '(VersionNT = v6.0 AND VersionNT64) AND (windows_uCRT_DetectKeyExists AND windows_uCRT_DetectKey >= v10.0.10240.0)' evaluates to false.
[0164:0168][2024-08-11T19:49:48]i101: Detected package: Windows81_x86, state: Absent, cached: None
[0164:0168][2024-08-11T19:49:48]i101: Detected package: Windows81_x64, state: Absent, cached: None
[0164:0168][2024-08-11T19:49:48]i101: Detected package: Windows8_x86, state: Absent, cached: None
[0164:0168][2024-08-11T19:49:48]i101: Detected package: Windows8_x64, state: Absent, cached: None
[0164:0168][2024-08-11T19:49:48]i101: Detected package: Windows7_MSU_x86, state: Absent, cached: None
[0164:0168][2024-08-11T19:49:48]i101: Detected package: Windows7_MSU_x64, state: Absent, cached: None
[0164:0168][2024-08-11T19:49:48]i101: Detected package: WindowsVista_MSU_x86, state: Absent, cached: None
[0164:0168][2024-08-11T19:49:48]i101: Detected package: WindowsVista_MSU_x64, state: Absent, cached: None
[0164:0168][2024-08-11T19:49:48]i101: Detected package: vcRuntimeMinimum_x86, state: Absent, cached: None
[0164:0168][2024-08-11T19:49:48]i101: Detected package: vcRuntimeAdditional_x86, state: Absent, cached: None
[0164:0168][2024-08-11T19:49:48]i052: Condition 'VersionNT >= v6.0 OR (VersionNT = v5.1 AND ServicePackLevel >= 2) OR (VersionNT = v5.2 AND ServicePackLevel >= 1)' evaluates to true.
[0164:0168][2024-08-11T19:49:48]i199: Detect complete, result: 0x0
[0164:0168][2024-08-11T19:49:48]i200: Plan begin, 10 packages, action: Install
[0164:0168][2024-08-11T19:49:48]i052: Condition 'VersionNT = v6.3 AND NOT VersionNT64' evaluates to false.
[0164:0168][2024-08-11T19:49:48]w321: Skipping dependency registration on package with no dependency providers: Windows81_x86
[0164:0168][2024-08-11T19:49:48]i052: Condition 'VersionNT = v6.3 AND VersionNT64' evaluates to false.
[0164:0168][2024-08-11T19:49:48]w321: Skipping dependency registration on package with no dependency providers: Windows81_x64
[0164:0168][2024-08-11T19:49:48]i052: Condition 'VersionNT = v6.2 AND NOT VersionNT64' evaluates to false.
[0164:0168][2024-08-11T19:49:48]w321: Skipping dependency registration on package with no dependency providers: Windows8_x86
[0164:0168][2024-08-11T19:49:48]i052: Condition 'VersionNT = v6.2 AND VersionNT64' evaluates to false.
[0164:0168][2024-08-11T19:49:48]w321: Skipping dependency registration on package with no dependency providers: Windows8_x64
[0164:0168][2024-08-11T19:49:48]i052: Condition 'VersionNT = v6.1 AND NOT VersionNT64' evaluates to false.
[0164:0168][2024-08-11T19:49:48]w321: Skipping dependency registration on package with no dependency providers: Windows7_MSU_x86
[0164:0168][2024-08-11T19:49:48]i052: Condition 'VersionNT = v6.1 AND VersionNT64' evaluates to false.
[0164:0168][2024-08-11T19:49:48]w321: Skipping dependency registration on package with no dependency providers: Windows7_MSU_x64
[0164:0168][2024-08-11T19:49:48]i052: Condition 'VersionNT = v6.0 AND NOT VersionNT64' evaluates to false.
[0164:0168][2024-08-11T19:49:48]w321: Skipping dependency registration on package with no dependency providers: WindowsVista_MSU_x86
[0164:0168][2024-08-11T19:49:48]i052: Condition 'VersionNT = v6.0 AND VersionNT64' evaluates to false.
[0164:0168][2024-08-11T19:49:48]w321: Skipping dependency registration on package with no dependency providers: WindowsVista_MSU_x64
[0164:0168][2024-08-11T19:49:48]i000: Setting string variable 'WixBundleRollbackLog_vcRuntimeMinimum_x86' to value 'C:\users\steamuser\Temp\dd_vcredist_x86_20240811194947_000_vcRuntimeMinimum_x86_rollback.log'
[0164:0168][2024-08-11T19:49:48]i000: Setting string variable 'WixBundleLog_vcRuntimeMinimum_x86' to value 'C:\users\steamuser\Temp\dd_vcredist_x86_20240811194947_000_vcRuntimeMinimum_x86.log'
[0164:0168][2024-08-11T19:49:48]i000: Setting string variable 'WixBundleRollbackLog_vcRuntimeAdditional_x86' to value 'C:\users\steamuser\Temp\dd_vcredist_x86_20240811194947_001_vcRuntimeAdditional_x86_rollback.log'
[0164:0168][2024-08-11T19:49:48]i000: Setting string variable 'WixBundleLog_vcRuntimeAdditional_x86' to value 'C:\users\steamuser\Temp\dd_vcredist_x86_20240811194947_001_vcRuntimeAdditional_x86.log'
[0164:0168][2024-08-11T19:49:48]i201: Planned package: Windows81_x86, state: Absent, default requested: Absent, ba requested: Absent, execute: None, rollback: None, cache: No, uncache: No, dependency: None
[0164:0168][2024-08-11T19:49:48]i201: Planned package: Windows81_x64, state: Absent, default requested: Absent, ba requested: Absent, execute: None, rollback: None, cache: No, uncache: No, dependency: None
[0164:0168][2024-08-11T19:49:48]i201: Planned package: Windows8_x86, state: Absent, default requested: Absent, ba requested: Absent, execute: None, rollback: None, cache: No, uncache: No, dependency: None
[0164:0168][2024-08-11T19:49:48]i201: Planned package: Windows8_x64, state: Absent, default requested: Absent, ba requested: Absent, execute: None, rollback: None, cache: No, uncache: No, dependency: None
[0164:0168][2024-08-11T19:49:48]i201: Planned package: Windows7_MSU_x86, state: Absent, default requested: Absent, ba requested: Absent, execute: None, rollback: None, cache: No, uncache: No, dependency: None
[0164:0168][2024-08-11T19:49:48]i201: Planned package: Windows7_MSU_x64, state: Absent, default requested: Absent, ba requested: Absent, execute: None, rollback: None, cache: No, uncache: No, dependency: None
[0164:0168][2024-08-11T19:49:48]i201: Planned package: WindowsVista_MSU_x86, state: Absent, default requested: Absent, ba requested: Absent, execute: None, rollback: None, cache: No, uncache: No, dependency: None
[0164:0168][2024-08-11T19:49:48]i201: Planned package: WindowsVista_MSU_x64, state: Absent, default requested: Absent, ba requested: Absent, execute: None, rollback: None, cache: No, uncache: No, dependency: None
[0164:0168][2024-08-11T19:49:48]i201: Planned package: vcRuntimeMinimum_x86, state: Absent, default requested: Present, ba requested: Present, execute: Install, rollback: Uninstall, cache: Yes, uncache: No, dependency: Register
[0164:0168][2024-08-11T19:49:48]i201: Planned package: vcRuntimeAdditional_x86, state: Absent, default requested: Present, ba requested: Present, execute: Install, rollback: Uninstall, cache: Yes, uncache: No, dependency: Register
[0164:0168][2024-08-11T19:49:48]i299: Plan complete, result: 0x0
[0164:0168][2024-08-11T19:49:48]i300: Apply begin
[0164:0168][2024-08-11T19:49:48]i010: Launching elevated engine process.
[0164:0168][2024-08-11T19:49:48]i011: Launched elevated engine process.
[0164:0168][2024-08-11T19:49:48]i012: Connected to elevated engine.
[0184:0188][2024-08-11T19:49:48]i358: Pausing automatic updates.
[0184:0188][2024-08-11T19:49:48]i359: Paused automatic updates.
[0184:0188][2024-08-11T19:49:48]i360: Creating a system restore point.
[0184:0188][2024-08-11T19:49:48]i361: Created a system restore point.
[0184:0188][2024-08-11T19:49:48]i370: Session begin, registration key: SOFTWARE\Microsoft\Windows\CurrentVersion\Uninstall\{b2d0f752-adc5-496e-8f70-8669de01f746}, options: 0x7, disable resume: No
[0184:0188][2024-08-11T19:49:48]i000: Caching bundle from: 'C:\windows\Temp\{BE6FAF49-EF51-463A-A541-C85A9EEA634C}\.be\VC_redist.x86.exe' to: 'C:\ProgramData\Package Cache\{b2d0f752-adc5-496e-8f70-8669de01f746}\VC_redist.x86.exe'
[0184:0188][2024-08-11T19:49:48]i320: Registering bundle dependency provider: VC,redist.x86,x86,14.28,bundle, version: 14.28.29334.0
[0184:0188][2024-08-11T19:49:48]i371: Updating session, registration key: SOFTWARE\Microsoft\Windows\CurrentVersion\Uninstall\{b2d0f752-adc5-496e-8f70-8669de01f746}, resume: Active, restart initiated: No, disable resume: No
[0184:0198][2024-08-11T19:49:48]i305: Verified acquired payload: vcRuntimeMinimum_x86 at path: C:\ProgramData\Package Cache\.unverified\vcRuntimeMinimum_x86, moving to: C:\ProgramData\Package Cache\{0D01A812-82A1-481F-8546-8E28E976F8DF}v14.28.29334\packages\vcRuntimeMinimum_x86\vc_runtimeMinimum_x86.msi.
[0184:0198][2024-08-11T19:49:48]i305: Verified acquired payload: cab54A5CABBE7274D8A22EB58060AAB7623 at path: C:\ProgramData\Package Cache\.unverified\cab54A5CABBE7274D8A22EB58060AAB7623, moving to: C:\ProgramData\Package Cache\{0D01A812-82A1-481F-8546-8E28E976F8DF}v14.28.29334\packages\vcRuntimeMinimum_x86\cab1.cab.
[0184:0198][2024-08-11T19:49:48]i305: Verified acquired payload: vcRuntimeAdditional_x86 at path: C:\ProgramData\Package Cache\.unverified\vcRuntimeAdditional_x86, moving to: C:\ProgramData\Package Cache\{14C49FC8-3E9B-4F29-8526-26629B5CF30B}v14.28.29334\packages\vcRuntimeAdditional_x86\vc_runtimeAdditional_x86.msi.
[0184:0198][2024-08-11T19:49:48]i305: Verified acquired payload: cabB3E1576D1FEFBB979E13B1A5379E0B16 at path: C:\ProgramData\Package Cache\.unverified\cabB3E1576D1FEFBB979E13B1A5379E0B16, moving to: C:\ProgramData\Package Cache\{14C49FC8-3E9B-4F29-8526-26629B5CF30B}v14.28.29334\packages\vcRuntimeAdditional_x86\cab1.cab.
[0184:0188][2024-08-11T19:49:48]i301: Applying execute package: vcRuntimeMinimum_x86, action: Install, path: C:\ProgramData\Package Cache\{0D01A812-82A1-481F-8546-8E28E976F8DF}v14.28.29334\packages\vcRuntimeMinimum_x86\vc_runtimeMinimum_x86.msi, arguments: ' MSIFASTINSTALL="7" NOVSUI="1"'
[0164:0168][2024-08-11T19:49:49]i319: Applied execute package: vcRuntimeMinimum_x86, result: 0x0, restart: None
[0184:0188][2024-08-11T19:49:49]i325: Registering dependency: {b2d0f752-adc5-496e-8f70-8669de01f746} on package provider: Microsoft.VS.VC_RuntimeMinimumVSU_x86,v14, package: vcRuntimeMinimum_x86
[0184:0188][2024-08-11T19:49:49]i301: Applying execute package: vcRuntimeAdditional_x86, action: Install, path: C:\ProgramData\Package Cache\{14C49FC8-3E9B-4F29-8526-26629B5CF30B}v14.28.29334\packages\vcRuntimeAdditional_x86\vc_runtimeAdditional_x86.msi, arguments: ' MSIFASTINSTALL="7" NOVSUI="1"'
[0164:0168][2024-08-11T19:49:49]i319: Applied execute package: vcRuntimeAdditional_x86, result: 0x0, restart: None
[0184:0188][2024-08-11T19:49:49]i325: Registering dependency: {b2d0f752-adc5-496e-8f70-8669de01f746} on package provider: Microsoft.VS.VC_RuntimeAdditionalVSU_x86,v14, package: vcRuntimeAdditional_x86
[0184:0188][2024-08-11T19:49:49]i372: Session end, registration key: SOFTWARE\Microsoft\Windows\CurrentVersion\Uninstall\{b2d0f752-adc5-496e-8f70-8669de01f746}, resume: ARP, restart: None, disable resume: No
[0184:0188][2024-08-11T19:49:49]i371: Updating session, registration key: SOFTWARE\Microsoft\Windows\CurrentVersion\Uninstall\{b2d0f752-adc5-496e-8f70-8669de01f746}, resume: ARP, restart initiated: No, disable resume: No
[0164:0168][2024-08-11T19:49:49]i399: Apply complete, result: 0x0, restart: None, ba requested restart:  No
[0164:0168][2024-08-11T19:49:49]i500: Shutting down, exit code: 0x0
[0164:0168][2024-08-11T19:49:49]i410: Variable: SystemFolder = C:\windows\system32\
[0164:0168][2024-08-11T19:49:49]i410: Variable: VersionNT = 10.0.0.0
[0164:0168][2024-08-11T19:49:49]i410: Variable: VersionNT64 = 10.0.0.0
[0164:0168][2024-08-11T19:49:49]i410: Variable: windows_uCRT_DetectKey = 10.0.14393.2247
[0164:0168][2024-08-11T19:49:49]i410: Variable: windows_uCRT_DetectKeyExists = 1
[0164:0168][2024-08-11T19:49:49]i410: Variable: WixBundleAction = 5
[0164:0168][2024-08-11T19:49:49]i410: Variable: WixBundleElevated = 1
[0164:0168][2024-08-11T19:49:49]i410: Variable: WixBundleFileVersion = 14.28.29334.0
[0164:0168][2024-08-11T19:49:49]i410: Variable: WixBundleInstalled = 0
[0164:0168][2024-08-11T19:49:49]i410: Variable: WixBundleLog = C:\users\steamuser\Temp\dd_vcredist_x86_20240811194947.log
[0164:0168][2024-08-11T19:49:49]i410: Variable: WixBundleLog_vcRuntimeAdditional_x86 = C:\users\steamuser\Temp\dd_vcredist_x86_20240811194947_001_vcRuntimeAdditional_x86.log
[0164:0168][2024-08-11T19:49:49]i410: Variable: WixBundleLog_vcRuntimeMinimum_x86 = C:\users\steamuser\Temp\dd_vcredist_x86_20240811194947_000_vcRuntimeMinimum_x86.log
[0164:0168][2024-08-11T19:49:49]i410: Variable: WixBundleManufacturer = Microsoft Corporation
[0164:0168][2024-08-11T19:49:49]i410: Variable: WixBundleName = Microsoft Visual C++ 2015-2019 Redistributable (x86) - 14.28.29334
[0164:0168][2024-08-11T19:49:49]i410: Variable: WixBundleOriginalSource = Z:\home\deck\.local\share\Steam\steamapps\common\Steamworks Shared\_CommonRedist\vcredist\2019\VC_redist.x86.exe
[0164:0168][2024-08-11T19:49:49]i410: Variable: WixBundleOriginalSourceFolder = Z:\home\deck\.local\share\Steam\steamapps\common\Steamworks Shared\_CommonRedist\vcredist\2019\
[0164:0168][2024-08-11T19:49:49]i410: Variable: WixBundleProviderKey = VC,redist.x86,x86,14.28,bundle
[0164:0168][2024-08-11T19:49:49]i410: Variable: WixBundleRollbackLog_vcRuntimeAdditional_x86 = C:\users\steamuser\Temp\dd_vcredist_x86_20240811194947_001_vcRuntimeAdditional_x86_rollback.log
[0164:0168][2024-08-11T19:49:49]i410: Variable: WixBundleRollbackLog_vcRuntimeMinimum_x86 = C:\users\steamuser\Temp\dd_vcredist_x86_20240811194947_000_vcRuntimeMinimum_x86_rollback.log
[0164:0168][2024-08-11T19:49:49]i410: Variable: WixBundleSourceProcessFolder = Z:\home\deck\.local\share\Steam\steamapps\common\Steamworks Shared\_CommonRedist\vcredist\2019\
[0164:0168][2024-08-11T19:49:49]i410: Variable: WixBundleSourceProcessPath = Z:\home\deck\.local\share\Steam\steamapps\common\Steamworks Shared\_CommonRedist\vcredist\2019\VC_redist.x86.exe
[0164:0168][2024-08-11T19:49:49]i410: Variable: WixBundleTag = 
[0164:0168][2024-08-11T19:49:49]i410: Variable: WixBundleVersion = 14.28.29334.0
[0164:0168][2024-08-11T19:49:49]i007: Exit code: 0x0, restarting: No
