[0280:0284][2024-10-05T21:21:57]i001: Burn v3.10.4.4718, Windows v10.0 (Build 19043: Service Pack 0), path: C:\windows\temp\{2B5EFE3D-D75B-4279-BBAF-D8CD54707114}\.cr\VC_redist.x64.exe
[0280:0284][2024-10-05T21:21:57]i009: Command Line: '"-burn.clean.room=Z:\home\deck\.local\share\Steam\steamapps\common\Steamworks Shared\_CommonRedist\vcredist\2019\VC_redist.x64.exe" -burn.filehandle.attached=144 -burn.filehandle.self=148 /q /norestart'
[0280:0284][2024-10-05T21:21:57]i000: Setting string variable 'WixBundleOriginalSource' to value 'Z:\home\deck\.local\share\Steam\steamapps\common\Steamworks Shared\_CommonRedist\vcredist\2019\VC_redist.x64.exe'
[0280:0284][2024-10-05T21:21:57]i000: Setting string variable 'WixBundleOriginalSourceFolder' to value 'Z:\home\deck\.local\share\Steam\steamapps\common\Steamworks Shared\_CommonRedist\vcredist\2019\'
[0280:0284][2024-10-05T21:21:57]i000: Setting string variable 'WixBundleLog' to value 'C:\users\steamuser\Temp\dd_vcredist_amd64_20241005212157.log'
[0280:0284][2024-10-05T21:21:57]i000: Setting string variable 'WixBundleName' to value 'Microsoft Visual C++ 2015-2019 Redistributable (x64) - 14.28.29334'
[0280:0284][2024-10-05T21:21:57]i000: Setting string variable 'WixBundleManufacturer' to value 'Microsoft Corporation'
[0280:02A0][2024-10-05T21:21:57]i000: Setting version variable 'WixBundleFileVersion' to value '14.28.29334.0'
[0280:0284][2024-10-05T21:21:57]i100: Detect begin, 10 packages
[0280:0284][2024-10-05T21:21:57]i000: Setting version variable 'windows_uCRT_DetectKey' to value '10.0.14393.2247'
[0280:0284][2024-10-05T21:21:57]i000: Setting numeric variable 'windows_uCRT_DetectKeyExists' to value 1
[0280:0284][2024-10-05T21:21:57]i052: Condition '(VersionNT = v6.3 AND NOT VersionNT64) AND (windows_uCRT_DetectKeyExists AND windows_uCRT_DetectKey >= v10.0.10240.0)' evaluates to false.
[0280:0284][2024-10-05T21:21:57]i052: Condition '(VersionNT = v6.3 AND VersionNT64) AND (windows_uCRT_DetectKeyExists AND windows_uCRT_DetectKey >= v10.0.10240.0)' evaluates to false.
[0280:0284][2024-10-05T21:21:57]i052: Condition '(VersionNT = v6.2 AND NOT VersionNT64) AND (windows_uCRT_DetectKeyExists AND windows_uCRT_DetectKey >= v10.0.10240.0)' evaluates to false.
[0280:0284][2024-10-05T21:21:57]i052: Condition '(VersionNT = v6.2 AND VersionNT64) AND (windows_uCRT_DetectKeyExists AND windows_uCRT_DetectKey >= v10.0.10240.0)' evaluates to false.
[0280:0284][2024-10-05T21:21:57]i052: Condition '(VersionNT = v6.1 AND NOT VersionNT64) AND (windows_uCRT_DetectKeyExists AND windows_uCRT_DetectKey >= v10.0.10240.0)' evaluates to false.
[0280:0284][2024-10-05T21:21:57]i052: Condition '(VersionNT = v6.1 AND VersionNT64) AND (windows_uCRT_DetectKeyExists AND windows_uCRT_DetectKey >= v10.0.10240.0)' evaluates to false.
[0280:0284][2024-10-05T21:21:57]i052: Condition '(VersionNT = v6.0 AND NOT VersionNT64) AND (windows_uCRT_DetectKeyExists AND windows_uCRT_DetectKey >= v10.0.10240.0)' evaluates to false.
[0280:0284][2024-10-05T21:21:57]i052: Condition '(VersionNT = v6.0 AND VersionNT64) AND (windows_uCRT_DetectKeyExists AND windows_uCRT_DetectKey >= v10.0.10240.0)' evaluates to false.
[0280:0284][2024-10-05T21:21:57]i101: Detected package: Windows81_x86, state: Absent, cached: None
[0280:0284][2024-10-05T21:21:57]i101: Detected package: Windows81_x64, state: Absent, cached: None
[0280:0284][2024-10-05T21:21:57]i101: Detected package: Windows8_x86, state: Absent, cached: None
[0280:0284][2024-10-05T21:21:57]i101: Detected package: Windows8_x64, state: Absent, cached: None
[0280:0284][2024-10-05T21:21:57]i101: Detected package: Windows7_MSU_x86, state: Absent, cached: None
[0280:0284][2024-10-05T21:21:57]i101: Detected package: Windows7_MSU_x64, state: Absent, cached: None
[0280:0284][2024-10-05T21:21:57]i101: Detected package: WindowsVista_MSU_x86, state: Absent, cached: None
[0280:0284][2024-10-05T21:21:57]i101: Detected package: WindowsVista_MSU_x64, state: Absent, cached: None
[0280:0284][2024-10-05T21:21:57]i101: Detected package: vcRuntimeMinimum_x64, state: Absent, cached: None
[0280:0284][2024-10-05T21:21:57]i101: Detected package: vcRuntimeAdditional_x64, state: Absent, cached: None
[0280:0284][2024-10-05T21:21:57]i052: Condition 'VersionNT64 >= v6.0 OR (VersionNT64 = v5.2 AND ServicePackLevel >= 1)' evaluates to true.
[0280:0284][2024-10-05T21:21:57]i199: Detect complete, result: 0x0
[0280:0284][2024-10-05T21:21:57]i200: Plan begin, 10 packages, action: Install
[0280:0284][2024-10-05T21:21:57]i052: Condition 'VersionNT = v6.3 AND NOT VersionNT64' evaluates to false.
[0280:0284][2024-10-05T21:21:57]w321: Skipping dependency registration on package with no dependency providers: Windows81_x86
[0280:0284][2024-10-05T21:21:57]i052: Condition 'VersionNT = v6.3 AND VersionNT64' evaluates to false.
[0280:0284][2024-10-05T21:21:57]w321: Skipping dependency registration on package with no dependency providers: Windows81_x64
[0280:0284][2024-10-05T21:21:57]i052: Condition 'VersionNT = v6.2 AND NOT VersionNT64' evaluates to false.
[0280:0284][2024-10-05T21:21:57]w321: Skipping dependency registration on package with no dependency providers: Windows8_x86
[0280:0284][2024-10-05T21:21:57]i052: Condition 'VersionNT = v6.2 AND VersionNT64' evaluates to false.
[0280:0284][2024-10-05T21:21:57]w321: Skipping dependency registration on package with no dependency providers: Windows8_x64
[0280:0284][2024-10-05T21:21:57]i052: Condition 'VersionNT = v6.1 AND NOT VersionNT64' evaluates to false.
[0280:0284][2024-10-05T21:21:57]w321: Skipping dependency registration on package with no dependency providers: Windows7_MSU_x86
[0280:0284][2024-10-05T21:21:57]i052: Condition 'VersionNT = v6.1 AND VersionNT64' evaluates to false.
[0280:0284][2024-10-05T21:21:57]w321: Skipping dependency registration on package with no dependency providers: Windows7_MSU_x64
[0280:0284][2024-10-05T21:21:57]i052: Condition 'VersionNT = v6.0 AND NOT VersionNT64' evaluates to false.
[0280:0284][2024-10-05T21:21:57]w321: Skipping dependency registration on package with no dependency providers: WindowsVista_MSU_x86
[0280:0284][2024-10-05T21:21:57]i052: Condition 'VersionNT = v6.0 AND VersionNT64' evaluates to false.
[0280:0284][2024-10-05T21:21:57]w321: Skipping dependency registration on package with no dependency providers: WindowsVista_MSU_x64
[0280:0284][2024-10-05T21:21:57]i052: Condition '(VersionNT64)' evaluates to true.
[0280:0284][2024-10-05T21:21:57]i000: Setting string variable 'WixBundleRollbackLog_vcRuntimeMinimum_x64' to value 'C:\users\steamuser\Temp\dd_vcredist_amd64_20241005212157_000_vcRuntimeMinimum_x64_rollback.log'
[0280:0284][2024-10-05T21:21:57]i000: Setting string variable 'WixBundleLog_vcRuntimeMinimum_x64' to value 'C:\users\steamuser\Temp\dd_vcredist_amd64_20241005212157_000_vcRuntimeMinimum_x64.log'
[0280:0284][2024-10-05T21:21:57]i052: Condition '(VersionNT64)' evaluates to true.
[0280:0284][2024-10-05T21:21:57]i000: Setting string variable 'WixBundleRollbackLog_vcRuntimeAdditional_x64' to value 'C:\users\steamuser\Temp\dd_vcredist_amd64_20241005212157_001_vcRuntimeAdditional_x64_rollback.log'
[0280:0284][2024-10-05T21:21:57]i000: Setting string variable 'WixBundleLog_vcRuntimeAdditional_x64' to value 'C:\users\steamuser\Temp\dd_vcredist_amd64_20241005212157_001_vcRuntimeAdditional_x64.log'
[0280:0284][2024-10-05T21:21:57]i201: Planned package: Windows81_x86, state: Absent, default requested: Absent, ba requested: Absent, execute: None, rollback: None, cache: No, uncache: No, dependency: None
[0280:0284][2024-10-05T21:21:57]i201: Planned package: Windows81_x64, state: Absent, default requested: Absent, ba requested: Absent, execute: None, rollback: None, cache: No, uncache: No, dependency: None
[0280:0284][2024-10-05T21:21:57]i201: Planned package: Windows8_x86, state: Absent, default requested: Absent, ba requested: Absent, execute: None, rollback: None, cache: No, uncache: No, dependency: None
[0280:0284][2024-10-05T21:21:57]i201: Planned package: Windows8_x64, state: Absent, default requested: Absent, ba requested: Absent, execute: None, rollback: None, cache: No, uncache: No, dependency: None
[0280:0284][2024-10-05T21:21:57]i201: Planned package: Windows7_MSU_x86, state: Absent, default requested: Absent, ba requested: Absent, execute: None, rollback: None, cache: No, uncache: No, dependency: None
[0280:0284][2024-10-05T21:21:57]i201: Planned package: Windows7_MSU_x64, state: Absent, default requested: Absent, ba requested: Absent, execute: None, rollback: None, cache: No, uncache: No, dependency: None
[0280:0284][2024-10-05T21:21:57]i201: Planned package: WindowsVista_MSU_x86, state: Absent, default requested: Absent, ba requested: Absent, execute: None, rollback: None, cache: No, uncache: No, dependency: None
[0280:0284][2024-10-05T21:21:57]i201: Planned package: WindowsVista_MSU_x64, state: Absent, default requested: Absent, ba requested: Absent, execute: None, rollback: None, cache: No, uncache: No, dependency: None
[0280:0284][2024-10-05T21:21:57]i201: Planned package: vcRuntimeMinimum_x64, state: Absent, default requested: Present, ba requested: Present, execute: Install, rollback: Uninstall, cache: Yes, uncache: No, dependency: Register
[0280:0284][2024-10-05T21:21:57]i201: Planned package: vcRuntimeAdditional_x64, state: Absent, default requested: Present, ba requested: Present, execute: Install, rollback: Uninstall, cache: Yes, uncache: No, dependency: Register
[0280:0284][2024-10-05T21:21:57]i299: Plan complete, result: 0x0
[0280:0284][2024-10-05T21:21:57]i300: Apply begin
[0280:0284][2024-10-05T21:21:57]i010: Launching elevated engine process.
[0280:0284][2024-10-05T21:21:57]i011: Launched elevated engine process.
[0280:0284][2024-10-05T21:21:57]i012: Connected to elevated engine.
[02A8:02AC][2024-10-05T21:21:57]i358: Pausing automatic updates.
[02A8:02AC][2024-10-05T21:21:57]i359: Paused automatic updates.
[02A8:02AC][2024-10-05T21:21:57]i360: Creating a system restore point.
[02A8:02AC][2024-10-05T21:21:57]i361: Created a system restore point.
[02A8:02AC][2024-10-05T21:21:57]i370: Session begin, registration key: SOFTWARE\Microsoft\Windows\CurrentVersion\Uninstall\{a9cfe9c7-e54f-46cd-9c5c-542ff8e3e8c4}, options: 0x7, disable resume: No
[02A8:02AC][2024-10-05T21:21:57]i000: Caching bundle from: 'C:\windows\Temp\{10C5DB96-9F23-4BE2-BFB3-9992DA5BB06A}\.be\VC_redist.x64.exe' to: 'C:\ProgramData\Package Cache\{a9cfe9c7-e54f-46cd-9c5c-542ff8e3e8c4}\VC_redist.x64.exe'
[02A8:02AC][2024-10-05T21:21:57]i320: Registering bundle dependency provider: VC,redist.x64,amd64,14.28,bundle, version: 14.28.29334.0
[02A8:02AC][2024-10-05T21:21:57]i371: Updating session, registration key: SOFTWARE\Microsoft\Windows\CurrentVersion\Uninstall\{a9cfe9c7-e54f-46cd-9c5c-542ff8e3e8c4}, resume: Active, restart initiated: No, disable resume: No
[02A8:02C0][2024-10-05T21:21:57]i305: Verified acquired payload: vcRuntimeMinimum_x64 at path: C:\ProgramData\Package Cache\.unverified\vcRuntimeMinimum_x64, moving to: C:\ProgramData\Package Cache\{8A3F7D5B-422D-49D9-84F7-8DC1B7782967}v14.28.29334\packages\vcRuntimeMinimum_amd64\vc_runtimeMinimum_x64.msi.
[02A8:02C0][2024-10-05T21:21:57]i305: Verified acquired payload: cab5046A8AB272BF37297BB7928664C9503 at path: C:\ProgramData\Package Cache\.unverified\cab5046A8AB272BF37297BB7928664C9503, moving to: C:\ProgramData\Package Cache\{8A3F7D5B-422D-49D9-84F7-8DC1B7782967}v14.28.29334\packages\vcRuntimeMinimum_amd64\cab1.cab.
[02A8:02C0][2024-10-05T21:21:57]i305: Verified acquired payload: vcRuntimeAdditional_x64 at path: C:\ProgramData\Package Cache\.unverified\vcRuntimeAdditional_x64, moving to: C:\ProgramData\Package Cache\{2E11EF4E-901F-4B2D-B68E-3DB2A566C857}v14.28.29334\packages\vcRuntimeAdditional_amd64\vc_runtimeAdditional_x64.msi.
[02A8:02C0][2024-10-05T21:21:57]i305: Verified acquired payload: cab2C04DDC374BD96EB5C8EB8208F2C7C92 at path: C:\ProgramData\Package Cache\.unverified\cab2C04DDC374BD96EB5C8EB8208F2C7C92, moving to: C:\ProgramData\Package Cache\{2E11EF4E-901F-4B2D-B68E-3DB2A566C857}v14.28.29334\packages\vcRuntimeAdditional_amd64\cab1.cab.
[02A8:02AC][2024-10-05T21:21:57]i301: Applying execute package: vcRuntimeMinimum_x64, action: Install, path: C:\ProgramData\Package Cache\{8A3F7D5B-422D-49D9-84F7-8DC1B7782967}v14.28.29334\packages\vcRuntimeMinimum_amd64\vc_runtimeMinimum_x64.msi, arguments: ' MSIFASTINSTALL="7" NOVSUI="1"'
[0280:0284][2024-10-05T21:21:58]i319: Applied execute package: vcRuntimeMinimum_x64, result: 0x0, restart: None
[02A8:02AC][2024-10-05T21:21:58]i325: Registering dependency: {a9cfe9c7-e54f-46cd-9c5c-542ff8e3e8c4} on package provider: Microsoft.VS.VC_RuntimeMinimumVSU_amd64,v14, package: vcRuntimeMinimum_x64
[02A8:02AC][2024-10-05T21:21:58]i301: Applying execute package: vcRuntimeAdditional_x64, action: Install, path: C:\ProgramData\Package Cache\{2E11EF4E-901F-4B2D-B68E-3DB2A566C857}v14.28.29334\packages\vcRuntimeAdditional_amd64\vc_runtimeAdditional_x64.msi, arguments: ' MSIFASTINSTALL="7" NOVSUI="1"'
[0280:0284][2024-10-05T21:21:58]i319: Applied execute package: vcRuntimeAdditional_x64, result: 0x0, restart: None
[02A8:02AC][2024-10-05T21:21:58]i325: Registering dependency: {a9cfe9c7-e54f-46cd-9c5c-542ff8e3e8c4} on package provider: Microsoft.VS.VC_RuntimeAdditionalVSU_amd64,v14, package: vcRuntimeAdditional_x64
[02A8:02AC][2024-10-05T21:21:58]i372: Session end, registration key: SOFTWARE\Microsoft\Windows\CurrentVersion\Uninstall\{a9cfe9c7-e54f-46cd-9c5c-542ff8e3e8c4}, resume: ARP, restart: None, disable resume: No
[02A8:02AC][2024-10-05T21:21:58]i371: Updating session, registration key: SOFTWARE\Microsoft\Windows\CurrentVersion\Uninstall\{a9cfe9c7-e54f-46cd-9c5c-542ff8e3e8c4}, resume: ARP, restart initiated: No, disable resume: No
[0280:0284][2024-10-05T21:21:58]i399: Apply complete, result: 0x0, restart: None, ba requested restart:  No
[0280:0284][2024-10-05T21:21:58]i500: Shutting down, exit code: 0x0
[0280:0284][2024-10-05T21:21:58]i410: Variable: SystemFolder = C:\windows\system32\
[0280:0284][2024-10-05T21:21:58]i410: Variable: VersionNT = 10.0.0.0
[0280:0284][2024-10-05T21:21:58]i410: Variable: VersionNT64 = 10.0.0.0
[0280:0284][2024-10-05T21:21:58]i410: Variable: windows_uCRT_DetectKey = 10.0.14393.2247
[0280:0284][2024-10-05T21:21:58]i410: Variable: windows_uCRT_DetectKeyExists = 1
[0280:0284][2024-10-05T21:21:58]i410: Variable: WixBundleAction = 5
[0280:0284][2024-10-05T21:21:58]i410: Variable: WixBundleElevated = 1
[0280:0284][2024-10-05T21:21:58]i410: Variable: WixBundleFileVersion = 14.28.29334.0
[0280:0284][2024-10-05T21:21:58]i410: Variable: WixBundleInstalled = 0
[0280:0284][2024-10-05T21:21:58]i410: Variable: WixBundleLog = C:\users\steamuser\Temp\dd_vcredist_amd64_20241005212157.log
[0280:0284][2024-10-05T21:21:58]i410: Variable: WixBundleLog_vcRuntimeAdditional_x64 = C:\users\steamuser\Temp\dd_vcredist_amd64_20241005212157_001_vcRuntimeAdditional_x64.log
[0280:0284][2024-10-05T21:21:58]i410: Variable: WixBundleLog_vcRuntimeMinimum_x64 = C:\users\steamuser\Temp\dd_vcredist_amd64_20241005212157_000_vcRuntimeMinimum_x64.log
[0280:0284][2024-10-05T21:21:58]i410: Variable: WixBundleManufacturer = Microsoft Corporation
[0280:0284][2024-10-05T21:21:58]i410: Variable: WixBundleName = Microsoft Visual C++ 2015-2019 Redistributable (x64) - 14.28.29334
[0280:0284][2024-10-05T21:21:58]i410: Variable: WixBundleOriginalSource = Z:\home\deck\.local\share\Steam\steamapps\common\Steamworks Shared\_CommonRedist\vcredist\2019\VC_redist.x64.exe
[0280:0284][2024-10-05T21:21:58]i410: Variable: WixBundleOriginalSourceFolder = Z:\home\deck\.local\share\Steam\steamapps\common\Steamworks Shared\_CommonRedist\vcredist\2019\
[0280:0284][2024-10-05T21:21:58]i410: Variable: WixBundleProviderKey = VC,redist.x64,amd64,14.28,bundle
[0280:0284][2024-10-05T21:21:58]i410: Variable: WixBundleRollbackLog_vcRuntimeAdditional_x64 = C:\users\steamuser\Temp\dd_vcredist_amd64_20241005212157_001_vcRuntimeAdditional_x64_rollback.log
[0280:0284][2024-10-05T21:21:58]i410: Variable: WixBundleRollbackLog_vcRuntimeMinimum_x64 = C:\users\steamuser\Temp\dd_vcredist_amd64_20241005212157_000_vcRuntimeMinimum_x64_rollback.log
[0280:0284][2024-10-05T21:21:58]i410: Variable: WixBundleSourceProcessFolder = Z:\home\deck\.local\share\Steam\steamapps\common\Steamworks Shared\_CommonRedist\vcredist\2019\
[0280:0284][2024-10-05T21:21:58]i410: Variable: WixBundleSourceProcessPath = Z:\home\deck\.local\share\Steam\steamapps\common\Steamworks Shared\_CommonRedist\vcredist\2019\VC_redist.x64.exe
[0280:0284][2024-10-05T21:21:58]i410: Variable: WixBundleTag = 
[0280:0284][2024-10-05T21:21:58]i410: Variable: WixBundleVersion = 14.28.29334.0
[0280:0284][2024-10-05T21:21:58]i007: Exit code: 0x0, restarting: No
