Initialize engine version: 2020.3.12f1 (b3b2c6512326)
[Subsystems] Discovering subsystems at path E:/SteamLibrary/steamapps/common/Disco Elysium/disco_Data/UnitySubsystems
GfxDevice: creating device client; threaded=1
Direct3D:
    Version:  Direct3D 11.0 [level 11.1]
    Renderer: AMD Custom GPU 0405 (RADV VANGOGH) (ID=0x163f)
    Vendor:   
    VRAM:     6101 MB
    Driver:   31.0.21902.5
D3D11 device created for Microsoft Media Foundation video decoding.
<RI> Initializing input.
<RI> Input initialized.
<RI> Initialized touch support.
UnloadTime: 0.663100 ms
Unloading 5 Unused Serialized files (Serialized files now loaded: 3)
[LocalizationManager_Languages] SavedLanguage:English
UnityEngine.Logger:Log(LogType, Object)
UnityEngine.Debug:Log(Object)
I2.Loc.LocalizationManager:SelectStartupLanguage()
I2.Loc.LocalizationManager:InitializeIfNeeded()
I2.Loc.LocalizationManager:get_CurrentLanguageCode()
LocalizationCustomSystem.LocalizationManager:OnEnable()

[LocalizationManager_Languages] SysLanguage:English
UnityEngine.Logger:Log(LogType, Object)
UnityEngine.Debug:Log(Object)
I2.Loc.LocalizationManager:SelectStartupLanguage()
I2.Loc.LocalizationManager:InitializeIfNeeded()
I2.Loc.LocalizationManager:get_CurrentLanguageCode()
LocalizationCustomSystem.LocalizationManager:OnEnable()


Unloading 2 unused Assets to reduce memory usage. Loaded Objects now: 7057.
Total: 4.740700 ms (FindLiveObjects: 0.399200 ms CreateObjectMapping: 0.369600 ms MarkObjects: 3.948200 ms  DeleteObjects: 0.022600 ms)

Loading profile 1 MEDIUM
UnityEngine.Logger:Log(LogType, Object)
UnityEngine.Debug:Log(Object)
FontSizeProfiles.LayoutProfileChanger:LoadProfile(Int32)
FontSizeProfiles.LayoutProfileChanger:Start()

OpenGameSettingsCoR:  True
UnityEngine.Logger:Log(LogType, Object)
UnityEngine.Debug:Log(Object)
<OpenGameSettingsCoR>d__20:MoveNext()
UnityEngine.SetupCoroutine:InvokeMoveNext(IEnumerator, IntPtr)
PreInitialize:Update()

CloseGameSettingsCoR:  True
UnityEngine.Logger:Log(LogType, Object)
UnityEngine.Debug:Log(Object)
<CloseGameSettingsCoR>d__21:MoveNext()
UnityEngine.SetupCoroutine:InvokeMoveNext(IEnumerator, IntPtr)

ReadGameSettings: True
UnityEngine.Logger:Log(LogType, Object)
UnityEngine.Debug:Log(Object)
<ReadGameSettingsCoR>d__7:MoveNext()
UnityEngine.SetupCoroutine:InvokeMoveNext(IEnumerator, IntPtr)

StartupLanguage = English
UnityEngine.Logger:Log(LogType, Object)
UnityEngine.Debug:Log(Object)
<LoadGameData>d__18:MoveNext()
UnityEngine.SetupCoroutine:InvokeMoveNext(IEnumerator, IntPtr)

Amount of Save Games: 11
UnityEngine.Logger:Log(LogType, Object)
UnityEngine.Debug:Log(Object)
<CacheSaveGamesInit>d__53:MoveNext()
UnityEngine.SetupCoroutine:InvokeMoveNext(IEnumerator, IntPtr)

LoadGameData total time: 0.2120888
UnityEngine.Logger:Log(LogType, Object)
UnityEngine.Debug:Log(Object)
<LoadGameData>d__18:MoveNext()
UnityEngine.SetupCoroutine:InvokeMoveNext(IEnumerator, IntPtr)

Init: Move to next scene
UnityEngine.Logger:Log(LogType, Object)
UnityEngine.Debug:Log(Object)
<WaitAndStartTheGame>d__13:MoveNext()
UnityEngine.SetupCoroutine:InvokeMoveNext(IEnumerator, IntPtr)

Unloading 5 Unused Serialized files (Serialized files now loaded: 3)
UnloadTime: 0.984500 ms
InControl (version 1.8.3 build 9361)
UnityEngine.Logger:Log(LogType, Object)
UnityEngine.Debug:Log(Object)
System.Action`1:Invoke(T)
InControl.Logger:LogInfo(String)
InControl.InControlManager:OnEnable()

INITIALIZE ACHIEVEMENTS:  NONE
UnityEngine.Logger:Log(LogType, Object)
UnityEngine.Debug:Log(Object)
Achievements:Initialize()
GogGalaxyManager:Awake()

Selected keyboard layout: QWERTY
UnityEngine.Logger:Log(LogType, Object)
UnityEngine.Debug:Log(Object)
KeyboardLayoutBindings:SetKeyboardLayout(KeyboardLayout)
CrossPlatformInputManager:CreateDefaultBindings(String, KeyboardLayout, Boolean)
CrossPlatformInputManager:Awake()

AttachDevice XInput Controller
UnityEngine.Logger:Log(LogType, Object)
UnityEngine.Debug:Log(Object)
InControl.InputManager:AttachDevice(InputDevice)
InControl.NativeInputDeviceManager:DetectDevice(UInt32, InputDeviceInfo)
InControl.NativeInputDeviceManager:Update(UInt64, Single)
InControl.InputManager:UpdateInternal()
InControl.InControlManager:OnSceneWasLoaded(Scene, LoadSceneMode)
UnityEngine.Events.UnityAction`2:Invoke(T0, T1)
UnityEngine.SceneManagement.SceneManager:Internal_SceneLoaded(Scene, LoadSceneMode)

Attached native device with handle 1:
Name: XInput Controller
Driver Type: XInput
TransportType: Unknown
Location ID: XInput::1
Serial Number: 
Vendor ID: 0xffff
Product ID: 0x0
Version Number: 0x1
Buttons: 14
Analogs: 6
UnityEngine.Logger:Log(LogType, Object)
UnityEngine.Debug:Log(Object)
System.Action`1:Invoke(T)
InControl.Logger:LogInfo(String)
InControl.NativeInputDeviceManager:Update(UInt64, Single)
InControl.InputManager:UpdateInternal()
InControl.InControlManager:OnSceneWasLoaded(Scene, LoadSceneMode)
UnityEngine.Events.UnityAction`2:Invoke(T0, T1)
UnityEngine.SceneManagement.SceneManager:Internal_SceneLoaded(Scene, LoadSceneMode)

AttachDevice XInput Controller
UnityEngine.Logger:Log(LogType, Object)
UnityEngine.Debug:Log(Object)
InControl.InputManager:AttachDevice(InputDevice)
InControl.NativeInputDeviceManager:DetectDevice(UInt32, InputDeviceInfo)
InControl.NativeInputDeviceManager:Update(UInt64, Single)
InControl.InputManager:UpdateInternal()
InControl.InControlManager:OnSceneWasLoaded(Scene, LoadSceneMode)
UnityEngine.Events.UnityAction`2:Invoke(T0, T1)
UnityEngine.SceneManagement.SceneManager:Internal_SceneLoaded(Scene, LoadSceneMode)

Attached native device with handle 2:
Name: XInput Controller
Driver Type: XInput
TransportType: Unknown
Location ID: XInput::2
Serial Number: 
Vendor ID: 0xffff
Product ID: 0x0
Version Number: 0x1
Buttons: 14
Analogs: 6
UnityEngine.Logger:Log(LogType, Object)
UnityEngine.Debug:Log(Object)
System.Action`1:Invoke(T)
InControl.Logger:LogInfo(String)
InControl.NativeInputDeviceManager:Update(UInt64, Single)
InControl.InputManager:UpdateInternal()
InControl.InControlManager:OnSceneWasLoaded(Scene, LoadSceneMode)
UnityEngine.Events.UnityAction`2:Invoke(T0, T1)
UnityEngine.SceneManagement.SceneManager:Internal_SceneLoaded(Scene, LoadSceneMode)

PlayIntroSequence - start
UnityEngine.Logger:Log(LogType, Object)
UnityEngine.Debug:Log(Object)
IntroSystem.<PlayIntroSequence>d__19:MoveNext()
UnityEngine.SetupCoroutine:InvokeMoveNext(IEnumerator, IntPtr)
IntroSystem.IntroManager:Start()


Unloading 6 unused Assets to reduce memory usage. Loaded Objects now: 21955.
Total: 153.895600 ms (FindLiveObjects: 1.488900 ms CreateObjectMapping: 2.269800 ms MarkObjects: 150.034300 ms  DeleteObjects: 0.101200 ms)

[AreaManager] LoadAreas
UnityEngine.Logger:Log(LogType, Object)
UnityEngine.Debug:Log(Object)
Sunshine.AreaManager:LoadAreas()
UnityEngine.DisplaysUpdatedDelegate:Invoke()
UnityEngine.Events.InvokableCall:Invoke(Object[])
UnityEngine.Events.UnityEvent:Invoke()
<StreamVideo>d__6:MoveNext()
UnityEngine.SetupCoroutine:InvokeMoveNext(IEnumerator, IntPtr)

PlayIntroSequence - end
UnityEngine.Logger:Log(LogType, Object)
UnityEngine.Debug:Log(Object)
IntroSystem.<PlayIntroSequence>d__19:MoveNext()
UnityEngine.SetupCoroutine:InvokeMoveNext(IEnumerator, IntPtr)

The 'Play on Awake' checkbox in the Audio Source for Sound Group 'authority-scene', Variation 'ambient' is checked. This is not used in Master Audio and can lead to buggy behavior. Make sure to uncheck it before hitting Play next time. To play ambient sounds, use an EventSounds component and activate the Start event to play a Sound Group of your choice.
UnityEngine.Logger:Log(LogType, Object)
UnityEngine.Debug:LogWarning(Object)
DarkTonic.MasterAudio.SoundGroupVariation:Awake()

[GameModeController] Hardcore Mode off
UnityEngine.Logger:Log(LogType, Object)
UnityEngine.Debug:Log(Object)
GameModeController:HardcoreModeOn(Boolean)
GameModeController:Awake()

Build Number:94f782a7
UnityEngine.Logger:Log(LogType, Object)
UnityEngine.Debug:Log(Object)
BuildIdDisplay:Awake()

NotSupportedException: To marshal a managed method, please add an attribute named 'MonoPInvokeCallback' to the method definition. The method we're attempting to marshal is: SteamManager::SteamAPIDebugTextHook
  at Steamworks.SteamClient.SetWarningMessageHook (Steamworks.SteamAPIWarningMessageHook_t pFunction) [0x00000] in <00000000000000000000000000000000>:0 
  at SteamManager.OnEnable () [0x00000] in <00000000000000000000000000000000>:0 

[AmplifyTexture] Initializing collections took 0.001857758 sec
UnityEngine.Logger:Log(LogType, Object)
UnityEngine.Debug:Log(Object)
AmplifyTextureManager:InitializeCollections()
AmplifyTextureManager:Awake()

Unloading 6 Unused Serialized files (Serialized files now loaded: 3)
SAME KEYBOARD LAYOUT SELECTED. BAIL OUT
UnityEngine.Logger:Log(LogType, Object)
UnityEngine.Debug:LogWarning(Object)
CrossPlatformInputManager:CreateDefaultBindings(String, KeyboardLayout, Boolean)
KeyboardMappingOption:OnChange()

[SunBehaviour] Toggled shadows ON
UnityEngine.Logger:Log(LogType, Object)
UnityEngine.Debug:Log(Object)
SunBehaviour:OnRenderingQualityChanged(Int32)
PixelCrushers.UnloadSceneDelegate:Invoke(Int32)
ShaderGraphicsOption:OnChange()

[DisplayModeOption] onChange FullScreenWindow
UnityEngine.Logger:Log(LogType, Object)
UnityEngine.Debug:Log(Object)
DisplayModeOption:OnChange()

[AreaManager] LoadAreasCoR finished
UnityEngine.Logger:Log(LogType, Object)
UnityEngine.Debug:Log(Object)
Sunshine.<LoadAreasCoR>d__26:MoveNext()
UnityEngine.SetupCoroutine:InvokeMoveNext(IEnumerator, IntPtr)

<color=#00FFFF>DialogueBundle is not yet ready - we need to wait until DialogBundle is ready.
 Extending Loading</color>
UnityEngine.Logger:Log(LogType, Object)
UnityEngine.Debug:Log(Object)
FortressOccident.ApplicationManager:OnStartCompleted()
IntroSystem.IntroManager:OnLoadCompleted()
UnityEngine.DisplaysUpdatedDelegate:Invoke()
UnityEngine.Events.InvokableCall:Invoke(Object[])
UnityEngine.Events.UnityEvent:Invoke()
Sunshine.<LoadAreasCoR>d__26:MoveNext()
UnityEngine.SetupCoroutine:InvokeMoveNext(IEnumerator, IntPtr)

INITIALIZE ACHIEVEMENTS:  STEAM
UnityEngine.Logger:Log(LogType, Object)
UnityEngine.Debug:Log(Object)
Achievements:Initialize()
SteamAchievements:Start()

Loading profile 1 MEDIUM
UnityEngine.Logger:Log(LogType, Object)
UnityEngine.Debug:Log(Object)
FontSizeProfiles.LayoutProfileChanger:LoadProfile(Int32)
LayoutProfileConfiguration:Start()

[UnregisterEscapeKeyListener]
UnityEngine.Logger:Log(LogType, Object)
UnityEngine.Debug:Log(Object)
Sunshine.Credits:HideCredits()

[LocalizationSettingsOption] Main language set to: English
UnityEngine.Logger:Log(LogType, Object)
UnityEngine.Debug:Log(Object)
LocalizationCustomSystem.LocalizationSettingsOption:Start()

[LocalizationSettingsOption] Switchable language set to: English
UnityEngine.Logger:Log(LogType, Object)
UnityEngine.Debug:Log(Object)


Unloading 74 unused Assets to reduce memory usage. Loaded Objects now: 66245.
Total: 318.470600 ms (FindLiveObjects: 5.346600 ms CreateObjectMapping: 3.272200 ms MarkObjects: 309.369900 ms  DeleteObjects: 0.480600 ms)

<color=#00FFFF>Loading Build Bundle</color>
UnityEngine.Logger:Log(LogType, Object)
UnityEngine.Debug:Log(Object)
DialogueBundleLoader:LoadBuildBundle()
<Start>d__10:MoveNext()
UnityEngine.SetupCoroutine:InvokeMoveNext(IEnumerator, IntPtr)

<color=#00FFFF>Successfully loaded Build Bundle</color>
UnityEngine.Logger:Log(LogType, Object)
UnityEngine.Debug:Log(Object)
DialogueBundleLoader:LoadDone(AsyncOperationHandle`1)
System.Action`1:Invoke(T)
DelegateList`1:Invoke(T)
UnityEngine.ResourceManagement.AsyncOperations.AsyncOperationBase`1:InvokeCompletionEvent()
UnityEngine.ResourceManagement.AsyncOperations.AsyncOperationBase`1:Complete(TObject, Boolean, Exception, Boolean)
UnityEngine.ResourceManagement.AsyncOperations.ProviderOperation`1:ProviderCompleted(T, Boolean, Exception)
UnityEngine.ResourceManagement.ResourceProviders.InternalOp:CompleteOperation()
System.Action`1:Invoke(T)
UnityEngine.AsyncOperation:InvokeCompletionEvent()

Unloading 8 Unused Serialized files (Serialized files now loaded: 4)
UnloadTime: 1.424700 ms
LOADING Scenes/Church-int took 703.2089 ms
UnityEngine.Logger:Log(LogType, Object)
UnityEngine.Debug:Log(Object)
<LoadAllScenes>d__8:MoveNext()
UnityEngine.SetupCoroutine:InvokeMoveNext(IEnumerator, IntPtr)


Unloading 14368 unused Assets to reduce memory usage. Loaded Objects now: 56590.
Total: 705.129100 ms (FindLiveObjects: 5.985400 ms CreateObjectMapping: 3.252000 ms MarkObjects: 689.195400 ms  DeleteObjects: 6.695300 ms)

LOADING Scenes/Whirling-int-f1 took 1297.39 ms
UnityEngine.Logger:Log(LogType, Object)
UnityEngine.Debug:Log(Object)
<LoadAllScenes>d__8:MoveNext()
UnityEngine.SetupCoroutine:InvokeMoveNext(IEnumerator, IntPtr)

LOADING Scenes/Whirling-int-f2 took 229.0096 ms
UnityEngine.Logger:Log(LogType, Object)
UnityEngine.Debug:Log(Object)
<LoadAllScenes>d__8:MoveNext()
UnityEngine.SetupCoroutine:InvokeMoveNext(IEnumerator, IntPtr)

LOADING Scenes/Martinaise-ext took 2262.425 ms
UnityEngine.Logger:Log(LogType, Object)
UnityEngine.Debug:Log(Object)
<LoadAllScenes>d__8:MoveNext()
UnityEngine.SetupCoroutine:InvokeMoveNext(IEnumerator, IntPtr)

LOADING Scenes/Doomed-commerce-int-f2 took 104.7935 ms
UnityEngine.Logger:Log(LogType, Object)
UnityEngine.Debug:Log(Object)
<LoadAllScenes>d__8:MoveNext()
UnityEngine.SetupCoroutine:InvokeMoveNext(IEnumerator, IntPtr)

LOADING Scenes/Doomed-commerce-int-f1 took 84.67293 ms
UnityEngine.Logger:Log(LogType, Object)
UnityEngine.Debug:Log(Object)
<LoadAllScenes>d__8:MoveNext()
UnityEngine.SetupCoroutine:InvokeMoveNext(IEnumerator, IntPtr)

LOADING Scenes/Doomed-commerce-int-s1 took 113.8344 ms
UnityEngine.Logger:Log(LogType, Object)
UnityEngine.Debug:Log(Object)
<LoadAllScenes>d__8:MoveNext()
UnityEngine.SetupCoroutine:InvokeMoveNext(IEnumerator, IntPtr)

LOADING Scenes/Kiosque-int took 116.0507 ms
UnityEngine.Logger:Log(LogType, Object)
UnityEngine.Debug:Log(Object)
<LoadAllScenes>d__8:MoveNext()
UnityEngine.SetupCoroutine:InvokeMoveNext(IEnumerator, IntPtr)

LOADING Scenes/Capeside-apartments-int took 86.51161 ms
UnityEngine.Logger:Log(LogType, Object)
UnityEngine.Debug:Log(Object)
<LoadAllScenes>d__8:MoveNext()
UnityEngine.SetupCoroutine:InvokeMoveNext(IEnumerator, IntPtr)

LOADING Scenes/Whirling-int-f3 took 79.07867 ms
UnityEngine.Logger:Log(LogType, Object)
UnityEngine.Debug:Log(Object)
<LoadAllScenes>d__8:MoveNext()
UnityEngine.SetupCoroutine:InvokeMoveNext(IEnumerator, IntPtr)

LOADING Scenes/Whirling-int-f3-antechamber took 50.52185 ms
UnityEngine.Logger:Log(LogType, Object)
UnityEngine.Debug:Log(Object)
<LoadAllScenes>d__8:MoveNext()
UnityEngine.SetupCoroutine:InvokeMoveNext(IEnumerator, IntPtr)

LOADING Scenes/Capeside-coalchamber-int took 66.15639 ms
UnityEngine.Logger:Log(LogType, Object)
UnityEngine.Debug:Log(Object)
<LoadAllScenes>d__8:MoveNext()
UnityEngine.SetupCoroutine:InvokeMoveNext(IEnumerator, IntPtr)

LOADING Scenes/Secretary-int took 66.25748 ms
UnityEngine.Logger:Log(LogType, Object)
UnityEngine.Debug:Log(Object)
<LoadAllScenes>d__8:MoveNext()
UnityEngine.SetupCoroutine:InvokeMoveNext(IEnumerator, IntPtr)

LOADING Scenes/Pawnshop-int took 84.48982 ms
UnityEngine.Logger:Log(LogType, Object)
UnityEngine.Debug:Log(Object)
<LoadAllScenes>d__8:MoveNext()
UnityEngine.SetupCoroutine:InvokeMoveNext(IEnumerator, IntPtr)

LOADING Scenes/Cunos-shack-int took 65.78445 ms
UnityEngine.Logger:Log(LogType, Object)
UnityEngine.Debug:Log(Object)
<LoadAllScenes>d__8:MoveNext()
UnityEngine.SetupCoroutine:InvokeMoveNext(IEnumerator, IntPtr)

LOADING Scenes/Capeside-smoker-int took 66.77246 ms
UnityEngine.Logger:Log(LogType, Object)
UnityEngine.Debug:Log(Object)
<LoadAllScenes>d__8:MoveNext()
UnityEngine.SetupCoroutine:InvokeMoveNext(IEnumerator, IntPtr)

LOADING Scenes/Sea-fortress-int took 83.22716 ms
UnityEngine.Logger:Log(LogType, Object)
UnityEngine.Debug:Log(Object)
<LoadAllScenes>d__8:MoveNext()
UnityEngine.SetupCoroutine:InvokeMoveNext(IEnumerator, IntPtr)

LOADING Scenes/Tent-int took 65.7692 ms
UnityEngine.Logger:Log(LogType, Object)
UnityEngine.Debug:Log(Object)
<LoadAllScenes>d__8:MoveNext()
UnityEngine.SetupCoroutine:InvokeMoveNext(IEnumerator, IntPtr)

LOADING Scenes/Second-home-int took 67.33513 ms
UnityEngine.Logger:Log(LogType, Object)
UnityEngine.Debug:Log(Object)
<LoadAllScenes>d__8:MoveNext()
UnityEngine.SetupCoroutine:InvokeMoveNext(IEnumerator, IntPtr)

LOADING Scenes/FV-house-int took 85.00862 ms
UnityEngine.Logger:Log(LogType, Object)
UnityEngine.Debug:Log(Object)
<LoadAllScenes>d__8:MoveNext()
UnityEngine.SetupCoroutine:InvokeMoveNext(IEnumerator, IntPtr)

LOADING Scenes/Instigators-lair-int took 180.9254 ms
UnityEngine.Logger:Log(LogType, Object)
UnityEngine.Debug:Log(Object)
<LoadAllScenes>d__8:MoveNext()
UnityEngine.SetupCoroutine:InvokeMoveNext(IEnumerator, IntPtr)

LOADING Scenes/Union-container-int took 69.06509 ms
UnityEngine.Logger:Log(LogType, Object)
UnityEngine.Debug:Log(Object)
<LoadAllScenes>d__8:MoveNext()
UnityEngine.SetupCoroutine:InvokeMoveNext(IEnumerator, IntPtr)

LOADING Scenes/Union-boss-int took 129.5128 ms
UnityEngine.Logger:Log(LogType, Object)
UnityEngine.Debug:Log(Object)
<LoadAllScenes>d__8:MoveNext()
UnityEngine.SetupCoroutine:InvokeMoveNext(IEnumerator, IntPtr)

LOADING Scenes/Capeside-wcw-int took 66.6256 ms
UnityEngine.Logger:Log(LogType, Object)
UnityEngine.Debug:Log(Object)
<LoadAllScenes>d__8:MoveNext()
UnityEngine.SetupCoroutine:InvokeMoveNext(IEnumerator, IntPtr)

LOADING Scenes/Crypto-garys-apt-int took 68.98499 ms
UnityEngine.Logger:Log(LogType, Object)
UnityEngine.Debug:Log(Object)
<LoadAllScenes>d__8:MoveNext()
UnityEngine.SetupCoroutine:InvokeMoveNext(IEnumerator, IntPtr)

LOADING Scenes/Dream-2 took 81.19011 ms
UnityEngine.Logger:Log(LogType, Object)
UnityEngine.Debug:Log(Object)
<LoadAllScenes>d__8:MoveNext()
UnityEngine.SetupCoroutine:InvokeMoveNext(IEnumerator, IntPtr)

LOADING Scenes/FV-shack-int took 82.8495 ms
UnityEngine.Logger:Log(LogType, Object)
UnityEngine.Debug:Log(Object)
<LoadAllScenes>d__8:MoveNext()
UnityEngine.SetupCoroutine:InvokeMoveNext(IEnumerator, IntPtr)

LOADING Scenes/Feld-int took 69.24248 ms
UnityEngine.Logger:Log(LogType, Object)
UnityEngine.Debug:Log(Object)
<LoadAllScenes>d__8:MoveNext()
UnityEngine.SetupCoroutine:InvokeMoveNext(IEnumerator, IntPtr)

LOADING Scenes/Dream-3-ext took 99.26033 ms
UnityEngine.Logger:Log(LogType, Object)
UnityEngine.Debug:Log(Object)
<LoadAllScenes>d__8:MoveNext()
UnityEngine.SetupCoroutine:InvokeMoveNext(IEnumerator, IntPtr)

LOADING Scenes/Dream-3-int took 67.27982 ms
UnityEngine.Logger:Log(LogType, Object)
UnityEngine.Debug:Log(Object)
<LoadAllScenes>d__8:MoveNext()
UnityEngine.SetupCoroutine:InvokeMoveNext(IEnumerator, IntPtr)

LOADING Scenes/Commustudent-int took 743.4979 ms
UnityEngine.Logger:Log(LogType, Object)
UnityEngine.Debug:Log(Object)
<LoadAllScenes>d__8:MoveNext()
UnityEngine.SetupCoroutine:InvokeMoveNext(IEnumerator, IntPtr)

LOADING Scenes/CollageMode took 3257.467 ms
UnityEngine.Logger:Log(LogType, Object)
UnityEngine.Debug:Log(Object)
<LoadAllScenes>d__8:MoveNext()
UnityEngine.SetupCoroutine:InvokeMoveNext(IEnumerator, IntPtr)

CleanCacheAndUpdateSources took 17.21573 ms
UnityEngine.Logger:Log(LogType, Object)
UnityEngine.Debug:Log(Object)
<LoadAllScenes>d__8:MoveNext()
UnityEngine.SetupCoroutine:InvokeMoveNext(IEnumerator, IntPtr)

GCCollect took 190.731 ms
UnityEngine.Logger:Log(LogType, Object)
UnityEngine.Debug:Log(Object)
<LoadAllScenes>d__8:MoveNext()
UnityEngine.SetupCoroutine:InvokeMoveNext(IEnumerator, IntPtr)

TOTAL SCENE LOADING took 0m 10s
UnityEngine.Logger:Log(LogType, Object)
UnityEngine.Debug:Log(Object)
<LoadAllScenes>d__8:MoveNext()
UnityEngine.SetupCoroutine:InvokeMoveNext(IEnumerator, IntPtr)

Unloading 36 Unused Serialized files (Serialized files now loaded: 4)
Scene Loading Scenes/Lobby took 392.8165 ms
UnityEngine.Logger:Log(LogType, Object)
UnityEngine.Debug:Log(Object)
FortressOccident.<LoadSceneCoR>d__36:MoveNext()
UnityEngine.SetupCoroutine:InvokeMoveNext(IEnumerator, IntPtr)


Unloading 34 unused Assets to reduce memory usage. Loaded Objects now: 321289.
Total: 754.588700 ms (FindLiveObjects: 19.413500 ms CreateObjectMapping: 19.854600 ms MarkObjects: 714.851300 ms  DeleteObjects: 0.468300 ms)

WARNING!  Shaders Prewarmed!
UnityEngine.Logger:Log(LogType, Object)
UnityEngine.Debug:Log(Object)
ShaderWarmupper:Warmup()
System.Action:Invoke()
Voidforge.PrioritizedActionList:Invoke()
FortressOccident.<LoadSceneCoR>d__36:MoveNext()
UnityEngine.SetupCoroutine:InvokeMoveNext(IEnumerator, IntPtr)

Shader warmup: 135 shaders 14961 combinations 4.056s
Unloading 0 Unused Serialized files (Serialized files now loaded: 4)

Unloading 7 unused Assets to reduce memory usage. Loaded Objects now: 321230.
Total: 753.201300 ms (FindLiveObjects: 20.196600 ms CreateObjectMapping: 19.383100 ms MarkObjects: 713.146500 ms  DeleteObjects: 0.474100 ms)

IsTaskActive("TASK.perform_in_whirling"): task does not exist (or tasks not yet initialized if 0 == 0)
UnityEngine.Logger:Log(LogType, Object)
UnityEngine.Debug:Log(Object)
Sunshine.Journal.JournalModel:IsTaskActive(String)
System.Reflection.MonoMethod:Invoke(Object, BindingFlags, Binder, Object[], CultureInfo)
System.Reflection.MethodBase:Invoke(Object, Object[])
Language.Lua.LuaMethodFunction:InvokeMethod(LuaValue[])
System.Diagnostics.Tracing.Transformer`1:Invoke(ValueType)
Language.Lua.PrimaryExpr:Evaluate(LuaTable)
Language.Lua.LuaInterpreterExtensions:EvaluateAll(List`1, LuaTable)
Language.Lua.Chunk:Execute(Boolean&)
Language.Lua.Chunk:Execute()
Language.Lua.LuaInterpreter:Interpreter(String, LuaTable)
PixelCrushers.DialogueSystem.Lua:RunRaw(String, Boolean, Boolean)
PixelCrushers.DialogueSystem.Lua:Run(String)
FortressOccident.BasicEntity:get_PrerequisitesMet()
FortressOccident.BasicEntity:UpdateCache()
SceneLoadingManager:SetObjects()
FortressOccident.SceneTransitionManager:SetActive(Scene, Boolean)
FortressOccident.<LoadSceneCoR>d__36:MoveNext()
UnityEngine.SetupCoroutine:InvokeMoveNext(IEnumerator, IntPtr)
FortressOccident.SceneTransitionManager:Load(String, String, Boolean, Boolean, Boolean)
FortressOccident.ApplicationManager:ChangeArea(String, String, Boolean, Boolean, Boolean)
SunshinePersistenceLoadDataManager:LoadAreaAndQueueCallbacksFromMemory(String)
<LoadCoR>d__59:MoveNext()
UnityEngine.SetupCoroutine:InvokeMoveNext(IEnumerator, IntPtr)

Scene Loading Scenes/Whirling-int-f1 took 153.5797 ms
UnityEngine.Logger:Log(LogType, Object)
UnityEngine.Debug:Log(Object)
FortressOccident.<LoadSceneCoR>d__36:MoveNext()
UnityEngine.SetupCoroutine:InvokeMoveNext(IEnumerator, IntPtr)
FortressOccident.SceneTransitionManager:Load(String, String, Boolean, Boolean, Boolean)
FortressOccident.ApplicationManager:ChangeArea(String, String, Boolean, Boolean, Boolean)
SunshinePersistenceLoadDataManager:LoadAreaAndQueueCallbacksFromMemory(String)
<LoadCoR>d__59:MoveNext()
UnityEngine.SetupCoroutine:InvokeMoveNext(IEnumerator, IntPtr)

LoadCoR GCCollect took 238.2622 ms
UnityEngine.Logger:Log(LogType, Object)
UnityEngine.Debug:Log(Object)
<LoadCoR>d__59:MoveNext()
UnityEngine.SetupCoroutine:InvokeMoveNext(IEnumerator, IntPtr)

[AmplifyTexture] Resized cache for screen resolution 1280x720 => 4096x2048 (450 pages, 43 MB, Compressed, Adaptive)
UnityEngine.Logger:Log(LogType, Object)
UnityEngine.Debug:Log(Object)
AmplifyTextureCamera:InternalInitialize(EditorRuntimeProperties)
AmplifyTextureManager:InternalUpdate()

WARNING!  Shaders Prewarmed!
UnityEngine.Logger:Log(LogType, Object)
UnityEngine.Debug:Log(Object)
ShaderWarmupper:Warmup()
System.Action:Invoke()
Voidforge.PrioritizedActionList:Invoke()
FortressOccident.<LoadSceneCoR>d__36:MoveNext()
UnityEngine.SetupCoroutine:InvokeMoveNext(IEnumerator, IntPtr)

Shader warmup: 137 shaders 14967 combinations 0.085s
[GameModeController] Hardcore Mode off
UnityEngine.Logger:Log(LogType, Object)
UnityEngine.Debug:Log(Object)
GameModeController:HardcoreModeOn(Boolean)
GameModePersister:Deserialize(GameModeState)
SunshinePersistenceLoadDataManager:LoadDataAfterLoadingArea()
System.Action:Invoke()
Voidforge.PrioritizedActionList:Invoke()
FortressOccident.<LoadSceneCoR>d__36:MoveNext()
UnityEngine.SetupCoroutine:InvokeMoveNext(IEnumerator, IntPtr)

Reset
UnityEngine.Logger:Log(LogType, Object)
UnityEngine.Debug:Log(Object)
ModusMullen:Start()

Interacting via cache
UnityEngine.Logger:Log(LogType, Object)
UnityEngine.Debug:Log(Object)
CommonPadInteractable:Interact(Boolean)
InteractableSelectionManager:Interact(Boolean)
CharacterAnalogueControl:LateUpdate()

OpenGameSettingsCoR:  True
UnityEngine.Logger:Log(LogType, Object)
UnityEngine.Debug:Log(Object)
<OpenGameSettingsCoR>d__20:MoveNext()
UnityEngine.SetupCoroutine:InvokeMoveNext(IEnumerator, IntPtr)
SaveFolderAccessor:TouchGameSettingsWrites(Int32)
SettingsPersister:Save(Boolean, Int32)
Sunshine.ConversationLogger:SaveLastConversationTitle()
Sunshine.ConversationLogger:StopWorldOnConversationStart()
Sunshine.ConversationLogger:OnConversationStart(Transform)
PixelCrushers.DialogueSystem.DialogueSystemController:StartConversation(String, Transform, Transform, Int32)
PixelCrushers.DialogueSystem.DialogueSystemController:StartConversation(String, Transform, Transform)
FortressOccident.BasicEntity:SendActivationEvent(Boolean)
FortressOccident.GameEntity:set_IsActive(Boolean)
Sunshine.GameController:OnCharacterHasArrived(Character, Boolean)
System.Action`2:Invoke(T1, T2)
FortressOccident.Character:set_movementStatus(MovementStatus)
FortressOccident.Character:LateUpdate()

Expensive FindSpecifier invocation for object: titus Whirling in the scene: Whirling-int-f1. Please add SequencerUsedObject component to this object
UnityEngine.Logger:Log(LogType, Object)
UnityEngine.Debug:LogWarning(Object)
PixelCrushers.DialogueSystem.SequencerTools:FindSpecifier(String, Boolean)
PixelCrushers.DialogueSystem.SequencerTools:GetSubject(String, Transform, Transform, Transform)
PixelCrushers.DialogueSystem.SequencerCommands.SequencerCommand:GetSubject(Int32, Transform)
PixelCrushers.DialogueSystem.SequencerCommands.SequencerCommandPlayAnimation:Start()

CloseGameSettingsCoR:  True
UnityEngine.Logger:Log(LogType, Object)
UnityEngine.Debug:Log(Object)
<CloseGameSettingsCoR>d__21:MoveNext()
UnityEngine.SetupCoroutine:InvokeMoveNext(IEnumerator, IntPtr)

Expensive FindSpecifier invocation for object: titus Whirling in the scene: Whirling-int-f1. Please add SequencerUsedObject component to this object
UnityEngine.Logger:Log(LogType, Object)
UnityEngine.Debug:LogWarning(Object)
PixelCrushers.DialogueSystem.SequencerTools:FindSpecifier(String, Boolean)
PixelCrushers.DialogueSystem.SequencerTools:GetSubject(String, Transform, Transform, Transform)
PixelCrushers.DialogueSystem.SequencerCommands.SequencerCommand:GetSubject(Int32, Transform)
PixelCrushers.DialogueSystem.SequencerCommands.SequencerCommandPlayAnimation:Start()

Interacting via cache
UnityEngine.Logger:Log(LogType, Object)
UnityEngine.Debug:Log(Object)
CommonPadInteractable:Interact(Boolean)
InteractableSelectionManager:Interact(Boolean)
CharacterAnalogueControl:LateUpdate()

Scene Loading Scenes/Martinaise-ext took 1364.227 ms
UnityEngine.Logger:Log(LogType, Object)
UnityEngine.Debug:Log(Object)
FortressOccident.<LoadSceneCoR>d__36:MoveNext()
UnityEngine.SetupCoroutine:InvokeMoveNext(IEnumerator, IntPtr)
FortressOccident.SceneTransitionManager:Load(String, String, Boolean, Boolean, Boolean)
FortressOccident.ApplicationManager:ChangeArea(String, String, Boolean, Boolean, Boolean)
FortressOccident.<Activate>d__6:MoveNext()
UnityEngine.SetupCoroutine:InvokeMoveNext(IEnumerator, IntPtr)

Setting up 2 worker threads for Enlighten.
  Thread -> id: 2c4 -> priority: 1 
  Thread -> id: 2c8 -> priority: 1 
WARNING!  Shaders Prewarmed!
UnityEngine.Logger:Log(LogType, Object)
UnityEngine.Debug:Log(Object)
ShaderWarmupper:Warmup()
System.Action:Invoke()
Voidforge.PrioritizedActionList:Invoke()
FortressOccident.<LoadSceneCoR>d__36:MoveNext()
UnityEngine.SetupCoroutine:InvokeMoveNext(IEnumerator, IntPtr)

Shader warmup: 141 shaders 17864 combinations 0.507s
Interacting via cache
UnityEngine.Logger:Log(LogType, Object)
UnityEngine.Debug:Log(Object)
CommonPadInteractable:Interact(Boolean)
InteractableSelectionManager:Interact(Boolean)
CharacterAnalogueControl:LateUpdate()

OpenGameSettingsCoR:  True
UnityEngine.Logger:Log(LogType, Object)
UnityEngine.Debug:Log(Object)
<OpenGameSettingsCoR>d__20:MoveNext()
UnityEngine.SetupCoroutine:InvokeMoveNext(IEnumerator, IntPtr)
SaveFolderAccessor:TouchGameSettingsWrites(Int32)
SettingsPersister:Save(Boolean, Int32)
Sunshine.ConversationLogger:SaveLastConversationTitle()
Sunshine.ConversationLogger:StopWorldOnConversationStart()
Sunshine.ConversationLogger:OnConversationStart(Transform)
PixelCrushers.DialogueSystem.DialogueSystemController:StartConversation(String, Transform, Transform, Int32)
PixelCrushers.DialogueSystem.DialogueSystemController:StartConversation(String, Transform, Transform)
FortressOccident.BasicEntity:SendActivationEvent(Boolean)
FortressOccident.GameEntity:set_IsActive(Boolean)
Sunshine.GameController:OnCharacterHasArrived(Character, Boolean)
System.Action`2:Invoke(T1, T2)
FortressOccident.Character:set_movementStatus(MovementStatus)
FortressOccident.Character:LateUpdate()

CloseGameSettingsCoR:  True
UnityEngine.Logger:Log(LogType, Object)
UnityEngine.Debug:Log(Object)
<CloseGameSettingsCoR>d__21:MoveNext()
UnityEngine.SetupCoroutine:InvokeMoveNext(IEnumerator, IntPtr)

Interacting via cache
UnityEngine.Logger:Log(LogType, Object)
UnityEngine.Debug:Log(Object)
CommonPadInteractable:Interact(Boolean)
InteractableSelectionManager:Interact(Boolean)
CharacterAnalogueControl:LateUpdate()

OpenGameSettingsCoR:  True
UnityEngine.Logger:Log(LogType, Object)
UnityEngine.Debug:Log(Object)
<OpenGameSettingsCoR>d__20:MoveNext()
UnityEngine.SetupCoroutine:InvokeMoveNext(IEnumerator, IntPtr)
SaveFolderAccessor:TouchGameSettingsWrites(Int32)
SettingsPersister:Save(Boolean, Int32)
Sunshine.ConversationLogger:SaveLastConversationTitle()
Sunshine.ConversationLogger:StopWorldOnConversationStart()
Sunshine.ConversationLogger:OnConversationStart(Transform)
PixelCrushers.DialogueSystem.DialogueSystemController:StartConversation(String, Transform, Transform, Int32)
PixelCrushers.DialogueSystem.DialogueSystemController:StartConversation(String, Transform, Transform)
FortressOccident.BasicEntity:SendActivationEvent(Boolean)
FortressOccident.GameEntity:set_IsActive(Boolean)
Sunshine.GameController:OnCharacterHasArrived(Character, Boolean)
System.Action`2:Invoke(T1, T2)
FortressOccident.Character:set_movementStatus(MovementStatus)
FortressOccident.Character:LateUpdate()

CloseGameSettingsCoR:  True
UnityEngine.Logger:Log(LogType, Object)
UnityEngine.Debug:Log(Object)
<CloseGameSettingsCoR>d__21:MoveNext()
UnityEngine.SetupCoroutine:InvokeMoveNext(IEnumerator, IntPtr)

Expensive FindSpecifier invocation for object: hangedManFallen in the scene: Martinaise-ext. Please add SequencerUsedObject component to this object
UnityEngine.Logger:Log(LogType, Object)
UnityEngine.Debug:LogWarning(Object)
PixelCrushers.DialogueSystem.SequencerTools:FindSpecifier(String, Boolean)
PixelCrushers.DialogueSystem.SequencerTools:GetSubject(String, Transform, Transform, Transform)
PixelCrushers.DialogueSystem.SequencerCommands.SequencerCommand:GetSubject(Int32, Transform)
PixelCrushers.DialogueSystem.SequencerCommands.SequencerCommandEnable:Start()

Expensive FindSpecifier invocation for object: hangedManUpATree in the scene: Martinaise-ext. Please add SequencerUsedObject component to this object
UnityEngine.Logger:Log(LogType, Object)
UnityEngine.Debug:LogWarning(Object)
PixelCrushers.DialogueSystem.SequencerTools:FindSpecifier(String, Boolean)
PixelCrushers.DialogueSystem.SequencerTools:GetSubject(String, Transform, Transform, Transform)
PixelCrushers.DialogueSystem.SequencerCommands.SequencerCommand:GetSubject(Int32, Transform)
PixelCrushers.DialogueSystem.SequencerCommands.SequencerCommandEnable:Start()

Expensive FindSpecifier invocation for object: The Hanged Man in the scene: Martinaise-ext. Please add SequencerUsedObject component to this object
UnityEngine.Logger:Log(LogType, Object)
UnityEngine.Debug:LogWarning(Object)
PixelCrushers.DialogueSystem.SequencerTools:FindSpecifier(String, Boolean)
PixelCrushers.DialogueSystem.SequencerTools:GetSubject(String, Transform, Transform, Transform)
PixelCrushers.DialogueSystem.SequencerCommands.SequencerCommand:GetSubject(Int32, Transform)
PixelCrushers.DialogueSystem.SequencerCommands.SequencerCommandPlayAnimation:Start()

Expensive FindSpecifier invocation for object: hangedMan_rope in the scene: Martinaise-ext. Please add SequencerUsedObject component to this object
UnityEngine.Logger:Log(LogType, Object)
UnityEngine.Debug:LogWarning(Object)
PixelCrushers.DialogueSystem.SequencerTools:FindSpecifier(String, Boolean)
PixelCrushers.DialogueSystem.SequencerTools:GetSubject(String, Transform, Transform, Transform)
PixelCrushers.DialogueSystem.SequencerCommands.SequencerCommand:GetSubject(Int32, Transform)
PixelCrushers.DialogueSystem.SequencerCommands.SequencerCommandPlayAnimation:Start()

Expensive FindSpecifier invocation for object: The Hanged Man in the scene: Martinaise-ext. Please add SequencerUsedObject component to this object
UnityEngine.Logger:Log(LogType, Object)
UnityEngine.Debug:LogWarning(Object)
PixelCrushers.DialogueSystem.SequencerTools:FindSpecifier(String, Boolean)
PixelCrushers.DialogueSystem.SequencerTools:GetSubject(String, Transform, Transform, Transform)
PixelCrushers.DialogueSystem.SequencerCommands.SequencerCommand:GetSubject(Int32, Transform)
PixelCrushers.DialogueSystem.SequencerCommands.SequencerCommandPlayAnimation:Start()

Expensive FindSpecifier invocation for object: hangedMan_rope in the scene: Martinaise-ext. Please add SequencerUsedObject component to this object
UnityEngine.Logger:Log(LogType, Object)
UnityEngine.Debug:LogWarning(Object)
PixelCrushers.DialogueSystem.SequencerTools:FindSpecifier(String, Boolean)
PixelCrushers.DialogueSystem.SequencerTools:GetSubject(String, Transform, Transform, Transform)
PixelCrushers.DialogueSystem.SequencerCommands.SequencerCommand:GetSubject(Int32, Transform)
PixelCrushers.DialogueSystem.SequencerCommands.SequencerCommandPlayAnimation:Start()

Interacting via cache
UnityEngine.Logger:Log(LogType, Object)
UnityEngine.Debug:Log(Object)
CommonPadInteractable:Interact(Boolean)
InteractableSelectionManager:Interact(Boolean)
CharacterAnalogueControl:LateUpdate()

OpenGameSettingsCoR:  True
UnityEngine.Logger:Log(LogType, Object)
UnityEngine.Debug:Log(Object)
<OpenGameSettingsCoR>d__20:MoveNext()
UnityEngine.SetupCoroutine:InvokeMoveNext(IEnumerator, IntPtr)
SaveFolderAccessor:TouchGameSettingsWrites(Int32)
SettingsPersister:Save(Boolean, Int32)
Sunshine.ConversationLogger:SaveLastConversationTitle()
Sunshine.ConversationLogger:StopWorldOnConversationStart()
Sunshine.ConversationLogger:OnConversationStart(Transform)
PixelCrushers.DialogueSystem.DialogueSystemController:StartConversation(String, Transform, Transform, Int32)
PixelCrushers.DialogueSystem.DialogueSystemController:StartConversation(String, Transform, Transform)
FortressOccident.BasicEntity:SendActivationEvent(Boolean)
FortressOccident.GameEntity:set_IsActive(Boolean)
Sunshine.GameController:OnCharacterHasArrived(Character, Boolean)
System.Action`2:Invoke(T1, T2)
FortressOccident.Character:set_movementStatus(MovementStatus)
FortressOccident.Character:LateUpdate()

CloseGameSettingsCoR:  True
UnityEngine.Logger:Log(LogType, Object)
UnityEngine.Debug:Log(Object)
<CloseGameSettingsCoR>d__21:MoveNext()
UnityEngine.SetupCoroutine:InvokeMoveNext(IEnumerator, IntPtr)

[PersistentDataManager.GetRawData] Memory stream took 8252 KB
UnityEngine.Logger:Log(LogType, Object)
UnityEngine.Debug:Log(Object)
PixelCrushers.DialogueSystem.PersistentDataManager:GetRawData(MemoryStream)
<SaveCoR>d__54:MoveNext()
UnityEngine.SetupCoroutine:InvokeMoveNext(IEnumerator, IntPtr)

[SunshinePersistentFileManager.GetZipBytes] Memory stream took 999 KB (CAPACITY: 4096 KB)
UnityEngine.Logger:Log(LogType, Object)
UnityEngine.Debug:LogWarning(Object)
SunshinePersistenceFileManager:GetZipBytes(ZipFile, Byte[]&, Int32&)
<SaveCoR>d__54:MoveNext()
UnityEngine.SetupCoroutine:InvokeMoveNext(IEnumerator, IntPtr)

SaveCoR GCCollect took 230.2246 ms
UnityEngine.Logger:Log(LogType, Object)
UnityEngine.Debug:Log(Object)
<SaveCoR>d__54:MoveNext()
UnityEngine.SetupCoroutine:InvokeMoveNext(IEnumerator, IntPtr)

<color=#FF0000>Validate Movement failed, movement target is null!</color>
UnityEngine.Logger:Log(LogType, Object)
UnityEngine.Debug:Log(Object)
Sunshine.GameController:MoveToTarget(Object, MovementMode, Purpose, Boolean, Boolean)
FortressOccident.GameEntity:Interact(ClickEventData)
CommonPadInteractable:Interact(Boolean)
InteractableSelectionManager:Interact(Boolean)
CharacterAnalogueControl:LateUpdate()

<color=#FFEB04>GameController.MoveToTarget: no valid path was found!</color>
UnityEngine.Logger:Log(LogType, Object)
UnityEngine.Debug:Log(Object)
Sunshine.GameController:MoveToTarget(Object, MovementMode, Purpose, Boolean, Boolean)
FortressOccident.GameEntity:Interact(ClickEventData)
CommonPadInteractable:Interact(Boolean)
InteractableSelectionManager:Interact(Boolean)
CharacterAnalogueControl:LateUpdate()

<color=#FF0000>Validate Movement failed, movement target is null!</color>
UnityEngine.Logger:Log(LogType, Object)
UnityEngine.Debug:Log(Object)
Sunshine.GameController:MoveToTarget(Object, MovementMode, Purpose, Boolean, Boolean)
FortressOccident.GameEntity:Interact(ClickEventData)
CommonPadInteractable:Interact(Boolean)
InteractableSelectionManager:Interact(Boolean)
CharacterAnalogueControl:LateUpdate()

<color=#FFEB04>GameController.MoveToTarget: no valid path was found!</color>
UnityEngine.Logger:Log(LogType, Object)
UnityEngine.Debug:Log(Object)
Sunshine.GameController:MoveToTarget(Object, MovementMode, Purpose, Boolean, Boolean)
FortressOccident.GameEntity:Interact(ClickEventData)
CommonPadInteractable:Interact(Boolean)
InteractableSelectionManager:Interact(Boolean)
CharacterAnalogueControl:LateUpdate()

collapsing doorway (Canvas).GetInteractionLocation(): NavMesh.SamplePosition didn't return a hit! Try increasing InteractionRadius value.
UnityEngine.Logger:Log(LogType, Object)
UnityEngine.Debug:LogWarning(Object)
FortressOccident.GameEntity:GetInteractionLocation(Location)
CommonPadInteractable:PathToInteractableExist()
InteractableSelectionManager:SelectClosestToPositionInDirection(Vector3, Vector2)
InteractableSelectionManager:GetNextInteractableInDirection(Vector3, Vector2)
CharacterAnalogueControl:LateUpdate()

collapsing doorway (Canvas).GetInteractionLocation(): NavMesh.SamplePosition didn't return a hit! Try increasing InteractionRadius value.
UnityEngine.Logger:Log(LogType, Object)
UnityEngine.Debug:LogWarning(Object)
FortressOccident.GameEntity:CheckIfCanCreatePathToHavePath(Location)
CommonPadInteractable:PathToInteractableExist()
InteractableSelectionManager:SelectClosestToPositionInDirection(Vector3, Vector2)
InteractableSelectionManager:GetNextInteractableInDirection(Vector3, Vector2)
CharacterAnalogueControl:LateUpdate()

collapsing doorway (Canvas).GetInteractionLocation(): NavMesh.SamplePosition didn't return a hit! Try increasing InteractionRadius value.
UnityEngine.Logger:Log(LogType, Object)
UnityEngine.Debug:LogWarning(Object)
FortressOccident.GameEntity:GetInteractionLocation(Location)
CommonPadInteractable:PathToInteractableExist()
InteractableSelectionManager:SelectClosestToPositionInDirection(Vector3, Vector2)
InteractableSelectionManager:GetNextInteractableInDirection(Vector3, Vector2)
CharacterAnalogueControl:LateUpdate()

collapsing doorway (Canvas).GetInteractionLocation(): NavMesh.SamplePosition didn't return a hit! Try increasing InteractionRadius value.
UnityEngine.Logger:Log(LogType, Object)
UnityEngine.Debug:LogWarning(Object)
FortressOccident.GameEntity:CheckIfCanCreatePathToHavePath(Location)
CommonPadInteractable:PathToInteractableExist()
InteractableSelectionManager:SelectClosestToPositionInDirection(Vector3, Vector2)
InteractableSelectionManager:GetNextInteractableInDirection(Vector3, Vector2)
CharacterAnalogueControl:LateUpdate()

collapsing doorway (Canvas).GetInteractionLocation(): NavMesh.SamplePosition didn't return a hit! Try increasing InteractionRadius value.
UnityEngine.Logger:Log(LogType, Object)
UnityEngine.Debug:LogWarning(Object)
FortressOccident.GameEntity:GetInteractionLocation(Location)
CommonPadInteractable:PathToInteractableExist()
InteractableSelectionManager:SelectClosestToPositionInDirection(Vector3, Vector2)
InteractableSelectionManager:GetNextInteractableInDirection(Vector3, Vector2)
CharacterAnalogueControl:LateUpdate()

collapsing doorway (Canvas).GetInteractionLocation(): NavMesh.SamplePosition didn't return a hit! Try increasing InteractionRadius value.
UnityEngine.Logger:Log(LogType, Object)
UnityEngine.Debug:LogWarning(Object)
FortressOccident.GameEntity:CheckIfCanCreatePathToHavePath(Location)
CommonPadInteractable:PathToInteractableExist()
InteractableSelectionManager:SelectClosestToPositionInDirection(Vector3, Vector2)
InteractableSelectionManager:GetNextInteractableInDirection(Vector3, Vector2)
CharacterAnalogueControl:LateUpdate()

collapsing doorway (Canvas).GetInteractionLocation(): NavMesh.SamplePosition didn't return a hit! Try increasing InteractionRadius value.
UnityEngine.Logger:Log(LogType, Object)
UnityEngine.Debug:LogWarning(Object)
FortressOccident.GameEntity:GetInteractionLocation(Location)
CommonPadInteractable:PathToInteractableExist()
InteractableSelectionManager:SelectClosestToPositionInDirection(Vector3, Vector2)
InteractableSelectionManager:GetNextInteractableInDirection(Vector3, Vector2)
CharacterAnalogueControl:LateUpdate()

collapsing doorway (Canvas).GetInteractionLocation(): NavMesh.SamplePosition didn't return a hit! Try increasing InteractionRadius value.
UnityEngine.Logger:Log(LogType, Object)
UnityEngine.Debug:LogWarning(Object)
FortressOccident.GameEntity:CheckIfCanCreatePathToHavePath(Location)
CommonPadInteractable:PathToInteractableExist()
InteractableSelectionManager:SelectClosestToPositionInDirection(Vector3, Vector2)
InteractableSelectionManager:GetNextInteractableInDirection(Vector3, Vector2)
CharacterAnalogueControl:LateUpdate()

Interacting via cache
UnityEngine.Logger:Log(LogType, Object)
UnityEngine.Debug:Log(Object)
CommonPadInteractable:Interact(Boolean)
InteractableSelectionManager:Interact(Boolean)
CharacterAnalogueControl:LateUpdate()

Scene Loading Scenes/Cunos-shack-int took 89.35547 ms
UnityEngine.Logger:Log(LogType, Object)
UnityEngine.Debug:Log(Object)
FortressOccident.<LoadSceneCoR>d__36:MoveNext()
UnityEngine.SetupCoroutine:InvokeMoveNext(IEnumerator, IntPtr)
FortressOccident.SceneTransitionManager:Load(String, String, Boolean, Boolean, Boolean)
FortressOccident.ApplicationManager:ChangeArea(String, String, Boolean, Boolean, Boolean)
FortressOccident.<Activate>d__6:MoveNext()
UnityEngine.SetupCoroutine:InvokeMoveNext(IEnumerator, IntPtr)

WARNING!  Shaders Prewarmed!
UnityEngine.Logger:Log(LogType, Object)
UnityEngine.Debug:Log(Object)
ShaderWarmupper:Warmup()
System.Action:Invoke()
Voidforge.PrioritizedActionList:Invoke()
FortressOccident.<LoadSceneCoR>d__36:MoveNext()
UnityEngine.SetupCoroutine:InvokeMoveNext(IEnumerator, IntPtr)

Shader warmup: 143 shaders 17874 combinations 0.095s
Interacting via cache
UnityEngine.Logger:Log(LogType, Object)
UnityEngine.Debug:Log(Object)
CommonPadInteractable:Interact(Boolean)
InteractableSelectionManager:Interact(Boolean)
CharacterAnalogueControl:LateUpdate()

Interacting via cache
UnityEngine.Logger:Log(LogType, Object)
UnityEngine.Debug:Log(Object)
CommonPadInteractable:Interact(Boolean)
InteractableSelectionManager:Interact(Boolean)
CharacterAnalogueControl:LateUpdate()

Scene Loading Scenes/Martinaise-ext took 553.2227 ms
UnityEngine.Logger:Log(LogType, Object)
UnityEngine.Debug:Log(Object)
FortressOccident.<LoadSceneCoR>d__36:MoveNext()
UnityEngine.SetupCoroutine:InvokeMoveNext(IEnumerator, IntPtr)
FortressOccident.SceneTransitionManager:Load(String, String, Boolean, Boolean, Boolean)
FortressOccident.ApplicationManager:ChangeArea(String, String, Boolean, Boolean, Boolean)
FortressOccident.<Activate>d__6:MoveNext()
UnityEngine.SetupCoroutine:InvokeMoveNext(IEnumerator, IntPtr)

WARNING!  Shaders Prewarmed!
UnityEngine.Logger:Log(LogType, Object)
UnityEngine.Debug:Log(Object)
ShaderWarmupper:Warmup()
System.Action:Invoke()
Voidforge.PrioritizedActionList:Invoke()
FortressOccident.<LoadSceneCoR>d__36:MoveNext()
UnityEngine.SetupCoroutine:InvokeMoveNext(IEnumerator, IntPtr)

Shader warmup: 143 shaders 17874 combinations 0.080s
Interacting via cache
UnityEngine.Logger:Log(LogType, Object)
UnityEngine.Debug:Log(Object)
CommonPadInteractable:Interact(Boolean)
InteractableSelectionManager:Interact(Boolean)
CharacterAnalogueControl:LateUpdate()

Interacting via cache
UnityEngine.Logger:Log(LogType, Object)
UnityEngine.Debug:Log(Object)
CommonPadInteractable:Interact(Boolean)
InteractableSelectionManager:Interact(Boolean)
CharacterAnalogueControl:LateUpdate()

Joystick disconnected ("Controller (XBOX 360 For Windows)").

Detached native device with handle 1:
UnityEngine.Logger:Log(LogType, Object)
UnityEngine.Debug:Log(Object)
System.Action`1:Invoke(T)
InControl.Logger:LogInfo(String)
InControl.NativeInputDeviceManager:Update(UInt64, Single)
InControl.InputManager:UpdateInternal()

Start thumbnail coroutine
UnityEngine.Logger:Log(LogType, Object)
UnityEngine.Debug:Log(Object)
Sunshine.Views.SaveLoadController:PrepareView(SAVE_LOAD_MODE)
Sunshine.Views.SaveView:SwitchToView(ViewType)
Sunshine.Views.ViewController:ToggleView(ViewType, Boolean)
UnityEngine.DisplaysUpdatedDelegate:Invoke()
UnityEngine.Events.InvokableCall:Invoke(Object[])
UnityEngine.Events.UnityEvent:Invoke()
NavigationManager:HandleNavigationInput()

Stop thumbnail coroutine
UnityEngine.Logger:Log(LogType, Object)
UnityEngine.Debug:Log(Object)
System.Action:Invoke()
<>c__DisplayClass23_0:<SetButtonActions>b__0()
UnityEngine.DisplaysUpdatedDelegate:Invoke()
UnityEngine.Events.InvokableCall:Invoke(Object[])
UnityEngine.Events.UnityEvent:Invoke()

[PersistentDataManager.GetRawData] Memory stream took 8252 KB
UnityEngine.Logger:Log(LogType, Object)
UnityEngine.Debug:Log(Object)
PixelCrushers.DialogueSystem.PersistentDataManager:GetRawData(MemoryStream)
<SaveCoR>d__54:MoveNext()
UnityEngine.SetupCoroutine:InvokeMoveNext(IEnumerator, IntPtr)

[SunshinePersistentFileManager.GetZipBytes] Memory stream took 999 KB (CAPACITY: 4096 KB)
UnityEngine.Logger:Log(LogType, Object)
UnityEngine.Debug:LogWarning(Object)
SunshinePersistenceFileManager:GetZipBytes(ZipFile, Byte[]&, Int32&)
<SaveCoR>d__54:MoveNext()
UnityEngine.SetupCoroutine:InvokeMoveNext(IEnumerator, IntPtr)

SaveCoR GCCollect took 329.3457 ms
UnityEngine.Logger:Log(LogType, Object)
UnityEngine.Debug:Log(Object)
<SaveCoR>d__54:MoveNext()
UnityEngine.SetupCoroutine:InvokeMoveNext(IEnumerator, IntPtr)

[PersistentDataManager.GetRawData] Memory stream took 8252 KB
UnityEngine.Logger:Log(LogType, Object)
UnityEngine.Debug:Log(Object)
PixelCrushers.DialogueSystem.PersistentDataManager:GetRawData(MemoryStream)
<SaveCoR>d__54:MoveNext()
UnityEngine.SetupCoroutine:InvokeMoveNext(IEnumerator, IntPtr)

[SunshinePersistentFileManager.GetZipBytes] Memory stream took 999 KB (CAPACITY: 4096 KB)
UnityEngine.Logger:Log(LogType, Object)
UnityEngine.Debug:LogWarning(Object)
SunshinePersistenceFileManager:GetZipBytes(ZipFile, Byte[]&, Int32&)
<SaveCoR>d__54:MoveNext()
UnityEngine.SetupCoroutine:InvokeMoveNext(IEnumerator, IntPtr)

SaveCoR GCCollect took 231.2012 ms
UnityEngine.Logger:Log(LogType, Object)
UnityEngine.Debug:Log(Object)
<SaveCoR>d__54:MoveNext()
UnityEngine.SetupCoroutine:InvokeMoveNext(IEnumerator, IntPtr)

RemoveObsession(null)
UnityEngine.Logger:LogFormat(LogType, String, Object[])
UnityEngine.Debug:LogFormat(String, Object[])
Sunshine.Metric.InventoryViewData:RemoveObsession(String)
Sunshine.Metric.InventoryViewData:Unequip(EquipmentSlotType, Boolean)
Sunshine.Metric.InventoryViewData:ReplaceEquipped(ItemType, String, String)
Sunshine.Inventory:ChangeEquippedItem(InventoryItem, InventoryItem)
Sunshine.Inventory:DeleteItem(String)
Sunshine.Inventory:TakeOffAndLooseTequilaClothes()
SunshinePersistenceLoadDataManager:LoadAreaAndQueueCallbacksFromMemory(String)
<LoadCoR>d__59:MoveNext()
UnityEngine.SetupCoroutine:InvokeMoveNext(IEnumerator, IntPtr)

RemoveObsession(null)
UnityEngine.Logger:LogFormat(LogType, String, Object[])
UnityEngine.Debug:LogFormat(String, Object[])
Sunshine.Metric.InventoryViewData:RemoveObsession(String)
Sunshine.Metric.InventoryViewData:Unequip(EquipmentSlotType, Boolean)
Sunshine.Metric.InventoryViewData:ReplaceEquipped(ItemType, String, String)
Sunshine.Inventory:ChangeEquippedItem(InventoryItem, InventoryItem)
Sunshine.Inventory:DeleteItem(String)
Sunshine.Inventory:TakeOffAndLooseTequilaClothes()
SunshinePersistenceLoadDataManager:LoadAreaAndQueueCallbacksFromMemory(String)
<LoadCoR>d__59:MoveNext()
UnityEngine.SetupCoroutine:InvokeMoveNext(IEnumerator, IntPtr)

shoes_snakeskin is missing its mesh
UnityEngine.Logger:LogFormat(LogType, String, Object[])
UnityEngine.Debug:LogWarningFormat(String, Object[])
Sunshine.SkinnedCharacterItem:BuildBlendshapesList()
TequilaClothing:Unequip(String)
Sunshine.Metric.InventoryViewData:Unequip(EquipmentSlotType, Boolean)
Sunshine.Metric.InventoryViewData:ReplaceEquipped(ItemType, String, String)
Sunshine.Inventory:ChangeEquippedItem(InventoryItem, InventoryItem)
Sunshine.Inventory:DeleteItem(String)
Sunshine.Inventory:TakeOffAndLooseTequilaClothes()
SunshinePersistenceLoadDataManager:LoadAreaAndQueueCallbacksFromMemory(String)
<LoadCoR>d__59:MoveNext()
UnityEngine.SetupCoroutine:InvokeMoveNext(IEnumerator, IntPtr)

Scene Loading Scenes/Martinaise-ext took 364.502 ms
UnityEngine.Logger:Log(LogType, Object)
UnityEngine.Debug:Log(Object)
FortressOccident.<LoadSceneCoR>d__36:MoveNext()
UnityEngine.SetupCoroutine:InvokeMoveNext(IEnumerator, IntPtr)
FortressOccident.SceneTransitionManager:Load(String, String, Boolean, Boolean, Boolean)
FortressOccident.ApplicationManager:ChangeArea(String, String, Boolean, Boolean, Boolean)
SunshinePersistenceLoadDataManager:LoadAreaAndQueueCallbacksFromMemory(String)
<LoadCoR>d__59:MoveNext()
UnityEngine.SetupCoroutine:InvokeMoveNext(IEnumerator, IntPtr)

LoadCoR GCCollect took 239.0137 ms
UnityEngine.Logger:Log(LogType, Object)
UnityEngine.Debug:Log(Object)
<LoadCoR>d__59:MoveNext()
UnityEngine.SetupCoroutine:InvokeMoveNext(IEnumerator, IntPtr)

WARNING!  Shaders Prewarmed!
UnityEngine.Logger:Log(LogType, Object)
UnityEngine.Debug:Log(Object)
ShaderWarmupper:Warmup()
System.Action:Invoke()
Voidforge.PrioritizedActionList:Invoke()
FortressOccident.<LoadSceneCoR>d__36:MoveNext()
UnityEngine.SetupCoroutine:InvokeMoveNext(IEnumerator, IntPtr)

Shader warmup: 138 shaders 14971 combinations 0.062s
[GameModeController] Hardcore Mode off
UnityEngine.Logger:Log(LogType, Object)
UnityEngine.Debug:Log(Object)
GameModeController:HardcoreModeOn(Boolean)
GameModePersister:Deserialize(GameModeState)
SunshinePersistenceLoadDataManager:LoadDataAfterLoadingArea()
System.Action:Invoke()
Voidforge.PrioritizedActionList:Invoke()
FortressOccident.<LoadSceneCoR>d__36:MoveNext()
UnityEngine.SetupCoroutine:InvokeMoveNext(IEnumerator, IntPtr)

Reset
UnityEngine.Logger:Log(LogType, Object)
UnityEngine.Debug:Log(Object)
ModusMullen:Reset()
PartyPersister:PlacePartyAfterLoading()
SunshinePersistenceLoadDataManager:LoadDataAfterLoadingArea()
System.Action:Invoke()
Voidforge.PrioritizedActionList:Invoke()
FortressOccident.<LoadSceneCoR>d__36:MoveNext()
UnityEngine.SetupCoroutine:InvokeMoveNext(IEnumerator, IntPtr)

[PersistentDataManager.GetRawData] Memory stream took 8252 KB
UnityEngine.Logger:Log(LogType, Object)
UnityEngine.Debug:Log(Object)
PixelCrushers.DialogueSystem.PersistentDataManager:GetRawData(MemoryStream)
<SaveCoR>d__54:MoveNext()
UnityEngine.SetupCoroutine:InvokeMoveNext(IEnumerator, IntPtr)

[SunshinePersistentFileManager.GetZipBytes] Memory stream took 998 KB (CAPACITY: 4096 KB)
UnityEngine.Logger:Log(LogType, Object)
UnityEngine.Debug:LogWarning(Object)
SunshinePersistenceFileManager:GetZipBytes(ZipFile, Byte[]&, Int32&)
<SaveCoR>d__54:MoveNext()
UnityEngine.SetupCoroutine:InvokeMoveNext(IEnumerator, IntPtr)

SaveCoR GCCollect took 240.9668 ms
UnityEngine.Logger:Log(LogType, Object)
UnityEngine.Debug:Log(Object)
<SaveCoR>d__54:MoveNext()
UnityEngine.SetupCoroutine:InvokeMoveNext(IEnumerator, IntPtr)

OpenGameSettingsCoR:  True
UnityEngine.Logger:Log(LogType, Object)
UnityEngine.Debug:Log(Object)
<OpenGameSettingsCoR>d__20:MoveNext()
UnityEngine.SetupCoroutine:InvokeMoveNext(IEnumerator, IntPtr)
SaveFolderAccessor:TouchGameSettingsWrites(Int32)
UnityEngine.DisplaysUpdatedDelegate:Invoke()
UnityEngine.Events.InvokableCall:Invoke(Object[])
UnityEngine.Events.UnityEvent:Invoke()
NavigationManager:HandleNavigationInput()

CloseGameSettingsCoR:  True
UnityEngine.Logger:Log(LogType, Object)
UnityEngine.Debug:Log(Object)
<CloseGameSettingsCoR>d__21:MoveNext()
UnityEngine.SetupCoroutine:InvokeMoveNext(IEnumerator, IntPtr)

