Initialize engine version: 2020.3.12f1 (b3b2c6512326)
[Subsystems] Discovering subsystems at path E:/SteamLibrary/steamapps/common/Disco Elysium/disco_Data/UnitySubsystems
GfxDevice: creating device client; threaded=1
Direct3D:
    Version:  Direct3D 11.0 [level 11.1]
    Renderer: AMD Custom GPU 0405 (RADV VANGOGH) (ID=0x163f)
    Vendor:   
    VRAM:     6101 MB
    Driver:   31.0.21902.5
D3D11 device created for Microsoft Media Foundation video decoding.
<RI> Initializing input.
<RI> Input initialized.
<RI> Initialized touch support.
UnloadTime: 0.649200 ms
Unloading 5 Unused Serialized files (Serialized files now loaded: 3)
[LocalizationManager_Languages] SavedLanguage:English
UnityEngine.Logger:Log(LogType, Object)
UnityEngine.Debug:Log(Object)
I2.Loc.LocalizationManager:SelectStartupLanguage()
I2.Loc.LocalizationManager:InitializeIfNeeded()
I2.Loc.LocalizationManager:get_CurrentLanguageCode()
LocalizationCustomSystem.LocalizationManager:OnEnable()

[LocalizationManager_Languages] SysLanguage:English
UnityEngine.Logger:Log(LogType, Object)
UnityEngine.Debug:Log(Object)
I2.Loc.LocalizationManager:SelectStartupLanguage()
I2.Loc.LocalizationManager:InitializeIfNeeded()
I2.Loc.LocalizationManager:get_CurrentLanguageCode()
LocalizationCustomSystem.LocalizationManager:OnEnable()


Unloading 2 unused Assets to reduce memory usage. Loaded Objects now: 7057.
Total: 5.046900 ms (FindLiveObjects: 0.382800 ms CreateObjectMapping: 0.194100 ms MarkObjects: 4.448500 ms  DeleteObjects: 0.020700 ms)

Loading profile 1 MEDIUM
UnityEngine.Logger:Log(LogType, Object)
UnityEngine.Debug:Log(Object)
FontSizeProfiles.LayoutProfileChanger:LoadProfile(Int32)
FontSizeProfiles.LayoutProfileChanger:Start()

OpenGameSettingsCoR:  True
UnityEngine.Logger:Log(LogType, Object)
UnityEngine.Debug:Log(Object)
<OpenGameSettingsCoR>d__20:MoveNext()
UnityEngine.SetupCoroutine:InvokeMoveNext(IEnumerator, IntPtr)
PreInitialize:Update()

CloseGameSettingsCoR:  True
UnityEngine.Logger:Log(LogType, Object)
UnityEngine.Debug:Log(Object)
<CloseGameSettingsCoR>d__21:MoveNext()
UnityEngine.SetupCoroutine:InvokeMoveNext(IEnumerator, IntPtr)

ReadGameSettings: True
UnityEngine.Logger:Log(LogType, Object)
UnityEngine.Debug:Log(Object)
<ReadGameSettingsCoR>d__7:MoveNext()
UnityEngine.SetupCoroutine:InvokeMoveNext(IEnumerator, IntPtr)

StartupLanguage = English
UnityEngine.Logger:Log(LogType, Object)
UnityEngine.Debug:Log(Object)
<LoadGameData>d__18:MoveNext()
UnityEngine.SetupCoroutine:InvokeMoveNext(IEnumerator, IntPtr)

Amount of Save Games: 11
UnityEngine.Logger:Log(LogType, Object)
UnityEngine.Debug:Log(Object)
<CacheSaveGamesInit>d__53:MoveNext()
UnityEngine.SetupCoroutine:InvokeMoveNext(IEnumerator, IntPtr)

LoadGameData total time: 0.2278227
UnityEngine.Logger:Log(LogType, Object)
UnityEngine.Debug:Log(Object)
<LoadGameData>d__18:MoveNext()
UnityEngine.SetupCoroutine:InvokeMoveNext(IEnumerator, IntPtr)

Init: Move to next scene
UnityEngine.Logger:Log(LogType, Object)
UnityEngine.Debug:Log(Object)
<WaitAndStartTheGame>d__13:MoveNext()
UnityEngine.SetupCoroutine:InvokeMoveNext(IEnumerator, IntPtr)

Unloading 5 Unused Serialized files (Serialized files now loaded: 3)
UnloadTime: 1.010400 ms
InControl (version 1.8.3 build 9361)
UnityEngine.Logger:Log(LogType, Object)
UnityEngine.Debug:Log(Object)
System.Action`1:Invoke(T)
InControl.Logger:LogInfo(String)
InControl.InControlManager:OnEnable()

INITIALIZE ACHIEVEMENTS:  NONE
UnityEngine.Logger:Log(LogType, Object)
UnityEngine.Debug:Log(Object)
Achievements:Initialize()
GogGalaxyManager:Awake()

Selected keyboard layout: QWERTY
UnityEngine.Logger:Log(LogType, Object)
UnityEngine.Debug:Log(Object)
KeyboardLayoutBindings:SetKeyboardLayout(KeyboardLayout)
CrossPlatformInputManager:CreateDefaultBindings(String, KeyboardLayout, Boolean)
CrossPlatformInputManager:Awake()

AttachDevice XInput Controller
UnityEngine.Logger:Log(LogType, Object)
UnityEngine.Debug:Log(Object)
InControl.InputManager:AttachDevice(InputDevice)
InControl.NativeInputDeviceManager:DetectDevice(UInt32, InputDeviceInfo)
InControl.NativeInputDeviceManager:Update(UInt64, Single)
InControl.InputManager:UpdateInternal()
InControl.InControlManager:OnSceneWasLoaded(Scene, LoadSceneMode)
UnityEngine.Events.UnityAction`2:Invoke(T0, T1)
UnityEngine.SceneManagement.SceneManager:Internal_SceneLoaded(Scene, LoadSceneMode)

Attached native device with handle 1:
Name: XInput Controller
Driver Type: XInput
TransportType: Unknown
Location ID: XInput::1
Serial Number: 
Vendor ID: 0xffff
Product ID: 0x0
Version Number: 0x1
Buttons: 14
Analogs: 6
UnityEngine.Logger:Log(LogType, Object)
UnityEngine.Debug:Log(Object)
System.Action`1:Invoke(T)
InControl.Logger:LogInfo(String)
InControl.NativeInputDeviceManager:Update(UInt64, Single)
InControl.InputManager:UpdateInternal()
InControl.InControlManager:OnSceneWasLoaded(Scene, LoadSceneMode)
UnityEngine.Events.UnityAction`2:Invoke(T0, T1)
UnityEngine.SceneManagement.SceneManager:Internal_SceneLoaded(Scene, LoadSceneMode)

AttachDevice XInput Controller
UnityEngine.Logger:Log(LogType, Object)
UnityEngine.Debug:Log(Object)
InControl.InputManager:AttachDevice(InputDevice)
InControl.NativeInputDeviceManager:DetectDevice(UInt32, InputDeviceInfo)
InControl.NativeInputDeviceManager:Update(UInt64, Single)
InControl.InputManager:UpdateInternal()
InControl.InControlManager:OnSceneWasLoaded(Scene, LoadSceneMode)
UnityEngine.Events.UnityAction`2:Invoke(T0, T1)
UnityEngine.SceneManagement.SceneManager:Internal_SceneLoaded(Scene, LoadSceneMode)

Attached native device with handle 2:
Name: XInput Controller
Driver Type: XInput
TransportType: Unknown
Location ID: XInput::2
Serial Number: 
Vendor ID: 0xffff
Product ID: 0x0
Version Number: 0x1
Buttons: 14
Analogs: 6
UnityEngine.Logger:Log(LogType, Object)
UnityEngine.Debug:Log(Object)
System.Action`1:Invoke(T)
InControl.Logger:LogInfo(String)
InControl.NativeInputDeviceManager:Update(UInt64, Single)
InControl.InputManager:UpdateInternal()
InControl.InControlManager:OnSceneWasLoaded(Scene, LoadSceneMode)
UnityEngine.Events.UnityAction`2:Invoke(T0, T1)
UnityEngine.SceneManagement.SceneManager:Internal_SceneLoaded(Scene, LoadSceneMode)

AttachDevice XInput Controller
UnityEngine.Logger:Log(LogType, Object)
UnityEngine.Debug:Log(Object)
InControl.InputManager:AttachDevice(InputDevice)
InControl.NativeInputDeviceManager:DetectDevice(UInt32, InputDeviceInfo)
InControl.NativeInputDeviceManager:Update(UInt64, Single)
InControl.InputManager:UpdateInternal()
InControl.InControlManager:OnSceneWasLoaded(Scene, LoadSceneMode)
UnityEngine.Events.UnityAction`2:Invoke(T0, T1)
UnityEngine.SceneManagement.SceneManager:Internal_SceneLoaded(Scene, LoadSceneMode)

Attached native device with handle 3:
Name: XInput Controller
Driver Type: XInput
TransportType: Unknown
Location ID: XInput::3
Serial Number: 
Vendor ID: 0xffff
Product ID: 0x0
Version Number: 0x1
Buttons: 14
Analogs: 6
UnityEngine.Logger:Log(LogType, Object)
UnityEngine.Debug:Log(Object)
System.Action`1:Invoke(T)
InControl.Logger:LogInfo(String)
InControl.NativeInputDeviceManager:Update(UInt64, Single)
InControl.InputManager:UpdateInternal()
InControl.InControlManager:OnSceneWasLoaded(Scene, LoadSceneMode)
UnityEngine.Events.UnityAction`2:Invoke(T0, T1)
UnityEngine.SceneManagement.SceneManager:Internal_SceneLoaded(Scene, LoadSceneMode)

PlayIntroSequence - start
UnityEngine.Logger:Log(LogType, Object)
UnityEngine.Debug:Log(Object)
IntroSystem.<PlayIntroSequence>d__19:MoveNext()
UnityEngine.SetupCoroutine:InvokeMoveNext(IEnumerator, IntPtr)
IntroSystem.IntroManager:Start()


Unloading 6 unused Assets to reduce memory usage. Loaded Objects now: 21955.
Total: 145.536100 ms (FindLiveObjects: 2.018400 ms CreateObjectMapping: 2.601900 ms MarkObjects: 140.797200 ms  DeleteObjects: 0.116800 ms)

[AreaManager] LoadAreas
UnityEngine.Logger:Log(LogType, Object)
UnityEngine.Debug:Log(Object)
Sunshine.AreaManager:LoadAreas()
UnityEngine.DisplaysUpdatedDelegate:Invoke()
UnityEngine.Events.InvokableCall:Invoke(Object[])
UnityEngine.Events.UnityEvent:Invoke()
<StreamVideo>d__6:MoveNext()
UnityEngine.SetupCoroutine:InvokeMoveNext(IEnumerator, IntPtr)

PlayIntroSequence - end
UnityEngine.Logger:Log(LogType, Object)
UnityEngine.Debug:Log(Object)
IntroSystem.<PlayIntroSequence>d__19:MoveNext()
UnityEngine.SetupCoroutine:InvokeMoveNext(IEnumerator, IntPtr)

The 'Play on Awake' checkbox in the Audio Source for Sound Group 'authority-scene', Variation 'ambient' is checked. This is not used in Master Audio and can lead to buggy behavior. Make sure to uncheck it before hitting Play next time. To play ambient sounds, use an EventSounds component and activate the Start event to play a Sound Group of your choice.
UnityEngine.Logger:Log(LogType, Object)
UnityEngine.Debug:LogWarning(Object)
DarkTonic.MasterAudio.SoundGroupVariation:Awake()

[GameModeController] Hardcore Mode off
UnityEngine.Logger:Log(LogType, Object)
UnityEngine.Debug:Log(Object)
GameModeController:HardcoreModeOn(Boolean)
GameModeController:Awake()

Build Number:94f782a7
UnityEngine.Logger:Log(LogType, Object)
UnityEngine.Debug:Log(Object)
BuildIdDisplay:Awake()

NotSupportedException: To marshal a managed method, please add an attribute named 'MonoPInvokeCallback' to the method definition. The method we're attempting to marshal is: SteamManager::SteamAPIDebugTextHook
  at Steamworks.SteamClient.SetWarningMessageHook (Steamworks.SteamAPIWarningMessageHook_t pFunction) [0x00000] in <00000000000000000000000000000000>:0 
  at SteamManager.OnEnable () [0x00000] in <00000000000000000000000000000000>:0 

[AmplifyTexture] Initializing collections took 0.001852989 sec
UnityEngine.Logger:Log(LogType, Object)
UnityEngine.Debug:Log(Object)
AmplifyTextureManager:InitializeCollections()
AmplifyTextureManager:Awake()

Unloading 6 Unused Serialized files (Serialized files now loaded: 3)
SAME KEYBOARD LAYOUT SELECTED. BAIL OUT
UnityEngine.Logger:Log(LogType, Object)
UnityEngine.Debug:LogWarning(Object)
CrossPlatformInputManager:CreateDefaultBindings(String, KeyboardLayout, Boolean)
KeyboardMappingOption:OnChange()

[SunBehaviour] Toggled shadows ON
UnityEngine.Logger:Log(LogType, Object)
UnityEngine.Debug:Log(Object)
SunBehaviour:OnRenderingQualityChanged(Int32)
PixelCrushers.UnloadSceneDelegate:Invoke(Int32)
ShaderGraphicsOption:OnChange()

[DisplayModeOption] onChange FullScreenWindow
UnityEngine.Logger:Log(LogType, Object)
UnityEngine.Debug:Log(Object)
DisplayModeOption:OnChange()

[AreaManager] LoadAreasCoR finished
UnityEngine.Logger:Log(LogType, Object)
UnityEngine.Debug:Log(Object)
Sunshine.<LoadAreasCoR>d__26:MoveNext()
UnityEngine.SetupCoroutine:InvokeMoveNext(IEnumerator, IntPtr)

<color=#00FFFF>DialogueBundle is not yet ready - we need to wait until DialogBundle is ready.
 Extending Loading</color>
UnityEngine.Logger:Log(LogType, Object)
UnityEngine.Debug:Log(Object)
FortressOccident.ApplicationManager:OnStartCompleted()
IntroSystem.IntroManager:OnLoadCompleted()
UnityEngine.DisplaysUpdatedDelegate:Invoke()
UnityEngine.Events.InvokableCall:Invoke(Object[])
UnityEngine.Events.UnityEvent:Invoke()
Sunshine.<LoadAreasCoR>d__26:MoveNext()
UnityEngine.SetupCoroutine:InvokeMoveNext(IEnumerator, IntPtr)

INITIALIZE ACHIEVEMENTS:  STEAM
UnityEngine.Logger:Log(LogType, Object)
UnityEngine.Debug:Log(Object)
Achievements:Initialize()
SteamAchievements:Start()

Loading profile 1 MEDIUM
UnityEngine.Logger:Log(LogType, Object)
UnityEngine.Debug:Log(Object)
FontSizeProfiles.LayoutProfileChanger:LoadProfile(Int32)
LayoutProfileConfiguration:Start()

[UnregisterEscapeKeyListener]
UnityEngine.Logger:Log(LogType, Object)
UnityEngine.Debug:Log(Object)
Sunshine.Credits:HideCredits()

[LocalizationSettingsOption] Main language set to: English
UnityEngine.Logger:Log(LogType, Object)
UnityEngine.Debug:Log(Object)
LocalizationCustomSystem.LocalizationSettingsOption:Start()

[LocalizationSettingsOption] Switchable language set to: English
UnityEngine.Logger:Log(LogType, Object)
UnityEngine.Debug:Log(Object)


Unloading 74 unused Assets to reduce memory usage. Loaded Objects now: 66241.
Total: 320.421200 ms (FindLiveObjects: 5.683100 ms CreateObjectMapping: 3.336400 ms MarkObjects: 310.919500 ms  DeleteObjects: 0.481000 ms)

<color=#00FFFF>Loading Build Bundle</color>
UnityEngine.Logger:Log(LogType, Object)
UnityEngine.Debug:Log(Object)
DialogueBundleLoader:LoadBuildBundle()
<Start>d__10:MoveNext()
UnityEngine.SetupCoroutine:InvokeMoveNext(IEnumerator, IntPtr)

<color=#00FFFF>Successfully loaded Build Bundle</color>
UnityEngine.Logger:Log(LogType, Object)
UnityEngine.Debug:Log(Object)
DialogueBundleLoader:LoadDone(AsyncOperationHandle`1)
System.Action`1:Invoke(T)
DelegateList`1:Invoke(T)
UnityEngine.ResourceManagement.AsyncOperations.AsyncOperationBase`1:InvokeCompletionEvent()
UnityEngine.ResourceManagement.AsyncOperations.AsyncOperationBase`1:Complete(TObject, Boolean, Exception, Boolean)
UnityEngine.ResourceManagement.AsyncOperations.ProviderOperation`1:ProviderCompleted(T, Boolean, Exception)
UnityEngine.ResourceManagement.ResourceProviders.InternalOp:CompleteOperation()
System.Action`1:Invoke(T)
UnityEngine.AsyncOperation:InvokeCompletionEvent()

Unloading 8 Unused Serialized files (Serialized files now loaded: 4)
UnloadTime: 1.332900 ms
LOADING Scenes/Church-int took 716.0206 ms
UnityEngine.Logger:Log(LogType, Object)
UnityEngine.Debug:Log(Object)
<LoadAllScenes>d__8:MoveNext()
UnityEngine.SetupCoroutine:InvokeMoveNext(IEnumerator, IntPtr)


Unloading 14368 unused Assets to reduce memory usage. Loaded Objects now: 56586.
Total: 692.874800 ms (FindLiveObjects: 5.850000 ms CreateObjectMapping: 3.330000 ms MarkObjects: 677.036800 ms  DeleteObjects: 6.657000 ms)

LOADING Scenes/Whirling-int-f1 took 1285.923 ms
UnityEngine.Logger:Log(LogType, Object)
UnityEngine.Debug:Log(Object)
<LoadAllScenes>d__8:MoveNext()
UnityEngine.SetupCoroutine:InvokeMoveNext(IEnumerator, IntPtr)

LOADING Scenes/Whirling-int-f2 took 214.6091 ms
UnityEngine.Logger:Log(LogType, Object)
UnityEngine.Debug:Log(Object)
<LoadAllScenes>d__8:MoveNext()
UnityEngine.SetupCoroutine:InvokeMoveNext(IEnumerator, IntPtr)

LOADING Scenes/Martinaise-ext took 2246.361 ms
UnityEngine.Logger:Log(LogType, Object)
UnityEngine.Debug:Log(Object)
<LoadAllScenes>d__8:MoveNext()
UnityEngine.SetupCoroutine:InvokeMoveNext(IEnumerator, IntPtr)

LOADING Scenes/Doomed-commerce-int-f2 took 102.4437 ms
UnityEngine.Logger:Log(LogType, Object)
UnityEngine.Debug:Log(Object)
<LoadAllScenes>d__8:MoveNext()
UnityEngine.SetupCoroutine:InvokeMoveNext(IEnumerator, IntPtr)

LOADING Scenes/Doomed-commerce-int-f1 took 82.80945 ms
UnityEngine.Logger:Log(LogType, Object)
UnityEngine.Debug:Log(Object)
<LoadAllScenes>d__8:MoveNext()
UnityEngine.SetupCoroutine:InvokeMoveNext(IEnumerator, IntPtr)

LOADING Scenes/Doomed-commerce-int-s1 took 117.0654 ms
UnityEngine.Logger:Log(LogType, Object)
UnityEngine.Debug:Log(Object)
<LoadAllScenes>d__8:MoveNext()
UnityEngine.SetupCoroutine:InvokeMoveNext(IEnumerator, IntPtr)

LOADING Scenes/Kiosque-int took 115.8447 ms
UnityEngine.Logger:Log(LogType, Object)
UnityEngine.Debug:Log(Object)
<LoadAllScenes>d__8:MoveNext()
UnityEngine.SetupCoroutine:InvokeMoveNext(IEnumerator, IntPtr)

LOADING Scenes/Capeside-apartments-int took 100.174 ms
UnityEngine.Logger:Log(LogType, Object)
UnityEngine.Debug:Log(Object)
<LoadAllScenes>d__8:MoveNext()
UnityEngine.SetupCoroutine:InvokeMoveNext(IEnumerator, IntPtr)

LOADING Scenes/Whirling-int-f3 took 82.87811 ms
UnityEngine.Logger:Log(LogType, Object)
UnityEngine.Debug:Log(Object)
<LoadAllScenes>d__8:MoveNext()
UnityEngine.SetupCoroutine:InvokeMoveNext(IEnumerator, IntPtr)

LOADING Scenes/Whirling-int-f3-antechamber took 68.74847 ms
UnityEngine.Logger:Log(LogType, Object)
UnityEngine.Debug:Log(Object)
<LoadAllScenes>d__8:MoveNext()
UnityEngine.SetupCoroutine:InvokeMoveNext(IEnumerator, IntPtr)

LOADING Scenes/Capeside-coalchamber-int took 67.68417 ms
UnityEngine.Logger:Log(LogType, Object)
UnityEngine.Debug:Log(Object)
<LoadAllScenes>d__8:MoveNext()
UnityEngine.SetupCoroutine:InvokeMoveNext(IEnumerator, IntPtr)

LOADING Scenes/Secretary-int took 62.25014 ms
UnityEngine.Logger:Log(LogType, Object)
UnityEngine.Debug:Log(Object)
<LoadAllScenes>d__8:MoveNext()
UnityEngine.SetupCoroutine:InvokeMoveNext(IEnumerator, IntPtr)

LOADING Scenes/Pawnshop-int took 83.27484 ms
UnityEngine.Logger:Log(LogType, Object)
UnityEngine.Debug:Log(Object)
<LoadAllScenes>d__8:MoveNext()
UnityEngine.SetupCoroutine:InvokeMoveNext(IEnumerator, IntPtr)

LOADING Scenes/Cunos-shack-int took 66.20407 ms
UnityEngine.Logger:Log(LogType, Object)
UnityEngine.Debug:Log(Object)
<LoadAllScenes>d__8:MoveNext()
UnityEngine.SetupCoroutine:InvokeMoveNext(IEnumerator, IntPtr)

LOADING Scenes/Capeside-smoker-int took 66.55884 ms
UnityEngine.Logger:Log(LogType, Object)
UnityEngine.Debug:Log(Object)
<LoadAllScenes>d__8:MoveNext()
UnityEngine.SetupCoroutine:InvokeMoveNext(IEnumerator, IntPtr)

LOADING Scenes/Sea-fortress-int took 83.18138 ms
UnityEngine.Logger:Log(LogType, Object)
UnityEngine.Debug:Log(Object)
<LoadAllScenes>d__8:MoveNext()
UnityEngine.SetupCoroutine:InvokeMoveNext(IEnumerator, IntPtr)

LOADING Scenes/Tent-int took 66.6008 ms
UnityEngine.Logger:Log(LogType, Object)
UnityEngine.Debug:Log(Object)
<LoadAllScenes>d__8:MoveNext()
UnityEngine.SetupCoroutine:InvokeMoveNext(IEnumerator, IntPtr)

LOADING Scenes/Second-home-int took 67.68227 ms
UnityEngine.Logger:Log(LogType, Object)
UnityEngine.Debug:Log(Object)
<LoadAllScenes>d__8:MoveNext()
UnityEngine.SetupCoroutine:InvokeMoveNext(IEnumerator, IntPtr)

LOADING Scenes/FV-house-int took 82.03506 ms
UnityEngine.Logger:Log(LogType, Object)
UnityEngine.Debug:Log(Object)
<LoadAllScenes>d__8:MoveNext()
UnityEngine.SetupCoroutine:InvokeMoveNext(IEnumerator, IntPtr)

LOADING Scenes/Instigators-lair-int took 201.5438 ms
UnityEngine.Logger:Log(LogType, Object)
UnityEngine.Debug:Log(Object)
<LoadAllScenes>d__8:MoveNext()
UnityEngine.SetupCoroutine:InvokeMoveNext(IEnumerator, IntPtr)

LOADING Scenes/Union-container-int took 64.48555 ms
UnityEngine.Logger:Log(LogType, Object)
UnityEngine.Debug:Log(Object)
<LoadAllScenes>d__8:MoveNext()
UnityEngine.SetupCoroutine:InvokeMoveNext(IEnumerator, IntPtr)

LOADING Scenes/Union-boss-int took 133.7605 ms
UnityEngine.Logger:Log(LogType, Object)
UnityEngine.Debug:Log(Object)
<LoadAllScenes>d__8:MoveNext()
UnityEngine.SetupCoroutine:InvokeMoveNext(IEnumerator, IntPtr)

LOADING Scenes/Capeside-wcw-int took 65.32097 ms
UnityEngine.Logger:Log(LogType, Object)
UnityEngine.Debug:Log(Object)
<LoadAllScenes>d__8:MoveNext()
UnityEngine.SetupCoroutine:InvokeMoveNext(IEnumerator, IntPtr)

LOADING Scenes/Crypto-garys-apt-int took 49.53575 ms
UnityEngine.Logger:Log(LogType, Object)
UnityEngine.Debug:Log(Object)
<LoadAllScenes>d__8:MoveNext()
UnityEngine.SetupCoroutine:InvokeMoveNext(IEnumerator, IntPtr)

LOADING Scenes/Dream-2 took 86.61842 ms
UnityEngine.Logger:Log(LogType, Object)
UnityEngine.Debug:Log(Object)
<LoadAllScenes>d__8:MoveNext()
UnityEngine.SetupCoroutine:InvokeMoveNext(IEnumerator, IntPtr)

LOADING Scenes/FV-shack-int took 62.95395 ms
UnityEngine.Logger:Log(LogType, Object)
UnityEngine.Debug:Log(Object)
<LoadAllScenes>d__8:MoveNext()
UnityEngine.SetupCoroutine:InvokeMoveNext(IEnumerator, IntPtr)

LOADING Scenes/Feld-int took 66.04958 ms
UnityEngine.Logger:Log(LogType, Object)
UnityEngine.Debug:Log(Object)
<LoadAllScenes>d__8:MoveNext()
UnityEngine.SetupCoroutine:InvokeMoveNext(IEnumerator, IntPtr)

LOADING Scenes/Dream-3-ext took 102.7145 ms
UnityEngine.Logger:Log(LogType, Object)
UnityEngine.Debug:Log(Object)
<LoadAllScenes>d__8:MoveNext()
UnityEngine.SetupCoroutine:InvokeMoveNext(IEnumerator, IntPtr)

LOADING Scenes/Dream-3-int took 64.95476 ms
UnityEngine.Logger:Log(LogType, Object)
UnityEngine.Debug:Log(Object)
<LoadAllScenes>d__8:MoveNext()
UnityEngine.SetupCoroutine:InvokeMoveNext(IEnumerator, IntPtr)

LOADING Scenes/Commustudent-int took 727.7832 ms
UnityEngine.Logger:Log(LogType, Object)
UnityEngine.Debug:Log(Object)
<LoadAllScenes>d__8:MoveNext()
UnityEngine.SetupCoroutine:InvokeMoveNext(IEnumerator, IntPtr)

LOADING Scenes/CollageMode took 3194.244 ms
UnityEngine.Logger:Log(LogType, Object)
UnityEngine.Debug:Log(Object)
<LoadAllScenes>d__8:MoveNext()
UnityEngine.SetupCoroutine:InvokeMoveNext(IEnumerator, IntPtr)

CleanCacheAndUpdateSources took 18.40591 ms
UnityEngine.Logger:Log(LogType, Object)
UnityEngine.Debug:Log(Object)
<LoadAllScenes>d__8:MoveNext()
UnityEngine.SetupCoroutine:InvokeMoveNext(IEnumerator, IntPtr)

GCCollect took 184.7706 ms
UnityEngine.Logger:Log(LogType, Object)
UnityEngine.Debug:Log(Object)
<LoadAllScenes>d__8:MoveNext()
UnityEngine.SetupCoroutine:InvokeMoveNext(IEnumerator, IntPtr)

TOTAL SCENE LOADING took 0m 10s
UnityEngine.Logger:Log(LogType, Object)
UnityEngine.Debug:Log(Object)
<LoadAllScenes>d__8:MoveNext()
UnityEngine.SetupCoroutine:InvokeMoveNext(IEnumerator, IntPtr)

Unloading 36 Unused Serialized files (Serialized files now loaded: 4)
Scene Loading Scenes/Lobby took 372.282 ms
UnityEngine.Logger:Log(LogType, Object)
UnityEngine.Debug:Log(Object)
FortressOccident.<LoadSceneCoR>d__36:MoveNext()
UnityEngine.SetupCoroutine:InvokeMoveNext(IEnumerator, IntPtr)


Unloading 34 unused Assets to reduce memory usage. Loaded Objects now: 321285.
Total: 765.562000 ms (FindLiveObjects: 20.312500 ms CreateObjectMapping: 19.515300 ms MarkObjects: 725.277500 ms  DeleteObjects: 0.455800 ms)

WARNING!  Shaders Prewarmed!
UnityEngine.Logger:Log(LogType, Object)
UnityEngine.Debug:Log(Object)
ShaderWarmupper:Warmup()
System.Action:Invoke()
Voidforge.PrioritizedActionList:Invoke()
FortressOccident.<LoadSceneCoR>d__36:MoveNext()
UnityEngine.SetupCoroutine:InvokeMoveNext(IEnumerator, IntPtr)

Shader warmup: 135 shaders 14961 combinations 4.060s
Unloading 0 Unused Serialized files (Serialized files now loaded: 4)

Unloading 7 unused Assets to reduce memory usage. Loaded Objects now: 321226.
Total: 750.651000 ms (FindLiveObjects: 19.900700 ms CreateObjectMapping: 19.618800 ms MarkObjects: 710.658500 ms  DeleteObjects: 0.471900 ms)

