[0170:0174][2024-09-21T15:12:59]i001: Burn v3.7.3813.0, Windows v10.0 (Build 18363: Service Pack 0), path: Z:\home\deck\.local\share\Steam\steamapps\common\Steamworks Shared\_CommonRedist\vcredist\2015\vc_redist.x86.EXE, cmdline: '/q /norestart -burn.unelevated BurnPipe.{F4D65AC6-4C9E-4DB2-A09B-FDD3A8D53592} {B9870EA1-8DBB-4444-8E0E-C56D052768D3} 356'
[0170:0174][2024-09-21T15:12:59]i000: Setting string variable 'WixBundleLog' to value 'C:\users\steamuser\Temp\dd_vcredist_x86_20240921151259.log'
[0170:0174][2024-09-21T15:12:59]i000: Setting string variable 'WixBundleOriginalSource' to value 'Z:\home\deck\.local\share\Steam\steamapps\common\Steamworks Shared\_CommonRedist\vcredist\2015\vc_redist.x86.EXE'
[0170:0174][2024-09-21T15:12:59]i000: Setting string variable 'WixBundleOriginalSourceFolder' to value 'Z:\home\deck\.local\share\Steam\steamapps\common\Steamworks Shared\_CommonRedist\vcredist\2015\'
[0170:0174][2024-09-21T15:12:59]i000: Setting string variable 'WixBundleName' to value 'Microsoft Visual C++ 2015 Redistributable (x86) - 14.0.24215'
[0170:0174][2024-09-21T15:12:59]i100: Detect begin, 10 packages
[0170:0174][2024-09-21T15:12:59]i000: Setting version variable 'windows_uCRT_DetectKey' to value '10.0.14393.2247'
[0170:0174][2024-09-21T15:12:59]i000: Setting numeric variable 'windows_uCRT_DetectKeyExists' to value 1
[0170:0174][2024-09-21T15:12:59]i052: Condition '(VersionNT = v6.3 AND NOT VersionNT64) AND (windows_uCRT_DetectKeyExists AND windows_uCRT_DetectKey >= v10.0.10240.0)' evaluates to false.
[0170:0174][2024-09-21T15:12:59]i052: Condition '(VersionNT = v6.3 AND VersionNT64) AND (windows_uCRT_DetectKeyExists AND windows_uCRT_DetectKey >= v10.0.10240.0)' evaluates to false.
[0170:0174][2024-09-21T15:12:59]i052: Condition '(VersionNT = v6.2 AND NOT VersionNT64) AND (windows_uCRT_DetectKeyExists AND windows_uCRT_DetectKey >= v10.0.10240.0)' evaluates to false.
[0170:0174][2024-09-21T15:12:59]i052: Condition '(VersionNT = v6.2 AND VersionNT64) AND (windows_uCRT_DetectKeyExists AND windows_uCRT_DetectKey >= v10.0.10240.0)' evaluates to false.
[0170:0174][2024-09-21T15:12:59]i052: Condition '(VersionNT = v6.1 AND NOT VersionNT64) AND (windows_uCRT_DetectKeyExists AND windows_uCRT_DetectKey >= v10.0.10240.0)' evaluates to false.
[0170:0174][2024-09-21T15:12:59]i052: Condition '(VersionNT = v6.1 AND VersionNT64) AND (windows_uCRT_DetectKeyExists AND windows_uCRT_DetectKey >= v10.0.10240.0)' evaluates to false.
[0170:0174][2024-09-21T15:12:59]i052: Condition '(VersionNT = v6.0 AND NOT VersionNT64) AND (windows_uCRT_DetectKeyExists AND windows_uCRT_DetectKey >= v10.0.10240.0)' evaluates to false.
[0170:0174][2024-09-21T15:12:59]i052: Condition '(VersionNT = v6.0 AND VersionNT64) AND (windows_uCRT_DetectKeyExists AND windows_uCRT_DetectKey >= v10.0.10240.0)' evaluates to false.
[0170:0174][2024-09-21T15:12:59]i101: Detected package: vcRuntimeMinimum_x86, state: Absent, cached: None
[0170:0174][2024-09-21T15:12:59]i101: Detected package: vcRuntimeAdditional_x86, state: Absent, cached: None
[0170:0174][2024-09-21T15:12:59]i101: Detected package: Windows81_x86, state: Absent, cached: None
[0170:0174][2024-09-21T15:12:59]i101: Detected package: Windows81_x64, state: Absent, cached: None
[0170:0174][2024-09-21T15:12:59]i101: Detected package: Windows8_x86, state: Absent, cached: None
[0170:0174][2024-09-21T15:12:59]i101: Detected package: Windows8_x64, state: Absent, cached: None
[0170:0174][2024-09-21T15:12:59]i101: Detected package: Windows7_MSU_x86, state: Absent, cached: None
[0170:0174][2024-09-21T15:12:59]i101: Detected package: Windows7_MSU_x64, state: Absent, cached: None
[0170:0174][2024-09-21T15:12:59]i101: Detected package: WindowsVista_MSU_x86, state: Absent, cached: None
[0170:0174][2024-09-21T15:12:59]i101: Detected package: WindowsVista_MSU_x64, state: Absent, cached: None
[0170:0174][2024-09-21T15:12:59]i052: Condition 'VersionNT >= v6.0 OR (VersionNT = v5.1 AND ServicePackLevel >= 2) OR (VersionNT = v5.2 AND ServicePackLevel >= 1)' evaluates to true.
[0170:0174][2024-09-21T15:12:59]i199: Detect complete, result: 0x0
[0170:0174][2024-09-21T15:12:59]i200: Plan begin, 10 packages, action: Install
[0170:0174][2024-09-21T15:12:59]i000: Setting string variable 'WixBundleRollbackLog_vcRuntimeMinimum_x86' to value 'C:\users\steamuser\Temp\dd_vcredist_x86_20240921151259_000_vcRuntimeMinimum_x86_rollback.log'
[0170:0174][2024-09-21T15:12:59]i000: Setting string variable 'WixBundleLog_vcRuntimeMinimum_x86' to value 'C:\users\steamuser\Temp\dd_vcredist_x86_20240921151259_000_vcRuntimeMinimum_x86.log'
[0170:0174][2024-09-21T15:12:59]i000: Setting string variable 'WixBundleRollbackLog_vcRuntimeAdditional_x86' to value 'C:\users\steamuser\Temp\dd_vcredist_x86_20240921151259_001_vcRuntimeAdditional_x86_rollback.log'
[0170:0174][2024-09-21T15:12:59]i000: Setting string variable 'WixBundleLog_vcRuntimeAdditional_x86' to value 'C:\users\steamuser\Temp\dd_vcredist_x86_20240921151259_001_vcRuntimeAdditional_x86.log'
[0170:0174][2024-09-21T15:12:59]i052: Condition 'VersionNT = v6.3 AND NOT VersionNT64' evaluates to false.
[0170:0174][2024-09-21T15:12:59]w321: Skipping dependency registration on package with no dependency providers: Windows81_x86
[0170:0174][2024-09-21T15:12:59]i052: Condition 'VersionNT = v6.3 AND VersionNT64' evaluates to false.
[0170:0174][2024-09-21T15:12:59]w321: Skipping dependency registration on package with no dependency providers: Windows81_x64
[0170:0174][2024-09-21T15:12:59]i052: Condition 'VersionNT = v6.2 AND NOT VersionNT64' evaluates to false.
[0170:0174][2024-09-21T15:12:59]w321: Skipping dependency registration on package with no dependency providers: Windows8_x86
[0170:0174][2024-09-21T15:12:59]i052: Condition 'VersionNT = v6.2 AND VersionNT64' evaluates to false.
[0170:0174][2024-09-21T15:12:59]w321: Skipping dependency registration on package with no dependency providers: Windows8_x64
[0170:0174][2024-09-21T15:12:59]i052: Condition 'VersionNT = v6.1 AND NOT VersionNT64' evaluates to false.
[0170:0174][2024-09-21T15:12:59]w321: Skipping dependency registration on package with no dependency providers: Windows7_MSU_x86
[0170:0174][2024-09-21T15:12:59]i052: Condition 'VersionNT = v6.1 AND VersionNT64' evaluates to false.
[0170:0174][2024-09-21T15:12:59]w321: Skipping dependency registration on package with no dependency providers: Windows7_MSU_x64
[0170:0174][2024-09-21T15:12:59]i052: Condition 'VersionNT = v6.0 AND NOT VersionNT64' evaluates to false.
[0170:0174][2024-09-21T15:12:59]w321: Skipping dependency registration on package with no dependency providers: WindowsVista_MSU_x86
[0170:0174][2024-09-21T15:12:59]i052: Condition 'VersionNT = v6.0 AND VersionNT64' evaluates to false.
[0170:0174][2024-09-21T15:12:59]w321: Skipping dependency registration on package with no dependency providers: WindowsVista_MSU_x64
[0170:0174][2024-09-21T15:12:59]i201: Planned package: vcRuntimeMinimum_x86, state: Absent, default requested: Present, ba requested: Present, execute: Install, rollback: Uninstall, cache: Yes, uncache: No, dependency: Register
[0170:0174][2024-09-21T15:12:59]i201: Planned package: vcRuntimeAdditional_x86, state: Absent, default requested: Present, ba requested: Present, execute: Install, rollback: Uninstall, cache: Yes, uncache: No, dependency: Register
[0170:0174][2024-09-21T15:12:59]i201: Planned package: Windows81_x86, state: Absent, default requested: Absent, ba requested: Absent, execute: None, rollback: None, cache: No, uncache: No, dependency: None
[0170:0174][2024-09-21T15:12:59]i201: Planned package: Windows81_x64, state: Absent, default requested: Absent, ba requested: Absent, execute: None, rollback: None, cache: No, uncache: No, dependency: None
[0170:0174][2024-09-21T15:12:59]i201: Planned package: Windows8_x86, state: Absent, default requested: Absent, ba requested: Absent, execute: None, rollback: None, cache: No, uncache: No, dependency: None
[0170:0174][2024-09-21T15:12:59]i201: Planned package: Windows8_x64, state: Absent, default requested: Absent, ba requested: Absent, execute: None, rollback: None, cache: No, uncache: No, dependency: None
[0170:0174][2024-09-21T15:12:59]i201: Planned package: Windows7_MSU_x86, state: Absent, default requested: Absent, ba requested: Absent, execute: None, rollback: None, cache: No, uncache: No, dependency: None
[0170:0174][2024-09-21T15:12:59]i201: Planned package: Windows7_MSU_x64, state: Absent, default requested: Absent, ba requested: Absent, execute: None, rollback: None, cache: No, uncache: No, dependency: None
[0170:0174][2024-09-21T15:12:59]i201: Planned package: WindowsVista_MSU_x86, state: Absent, default requested: Absent, ba requested: Absent, execute: None, rollback: None, cache: No, uncache: No, dependency: None
[0170:0174][2024-09-21T15:12:59]i201: Planned package: WindowsVista_MSU_x64, state: Absent, default requested: Absent, ba requested: Absent, execute: None, rollback: None, cache: No, uncache: No, dependency: None
[0170:0174][2024-09-21T15:12:59]i299: Plan complete, result: 0x0
[0170:0174][2024-09-21T15:12:59]i300: Apply begin
[0164:0168][2024-09-21T15:12:59]i360: Creating a system restore point.
[0164:0168][2024-09-21T15:12:59]i361: Created a system restore point.
[0164:0168][2024-09-21T15:12:59]i370: Session begin, registration key: SOFTWARE\Microsoft\Windows\CurrentVersion\Uninstall\{e2803110-78b3-4664-a479-3611a381656a}, options: 0x7, disable resume: No
[0164:0168][2024-09-21T15:12:59]i000: Caching bundle from: 'C:\users\steamuser\Temp\{e2803110-78b3-4664-a479-3611a381656a}\.be\VC_redist.x86.exe' to: 'C:\ProgramData\Package Cache\{e2803110-78b3-4664-a479-3611a381656a}\VC_redist.x86.exe'
[0164:0168][2024-09-21T15:12:59]i320: Registering bundle dependency provider: {e2803110-78b3-4664-a479-3611a381656a}, version: 14.0.24215.1
[0164:0168][2024-09-21T15:12:59]i371: Updating session, registration key: SOFTWARE\Microsoft\Windows\CurrentVersion\Uninstall\{e2803110-78b3-4664-a479-3611a381656a}, resume: Active, restart initiated: No, disable resume: No
[0164:0184][2024-09-21T15:13:00]i304: Verified existing payload: vcRuntimeMinimum_x86 at path: C:\ProgramData\Package Cache\.unverified\vcRuntimeMinimum_x86.
[0164:0184][2024-09-21T15:13:00]i305: Verified acquired payload: vcRuntimeMinimum_x86 at path: C:\ProgramData\Package Cache\.unverified\vcRuntimeMinimum_x86, moving to: C:\ProgramData\Package Cache\{BBF2AC74-720C-3CB3-8291-5E34039232FA}v14.0.24215\packages\vcRuntimeMinimum_x86\vc_runtimeMinimum_x86.msi.
[0164:0184][2024-09-21T15:13:00]i304: Verified existing payload: cab54A5CABBE7274D8A22EB58060AAB7623 at path: C:\ProgramData\Package Cache\.unverified\cab54A5CABBE7274D8A22EB58060AAB7623.
[0164:0184][2024-09-21T15:13:00]i305: Verified acquired payload: cab54A5CABBE7274D8A22EB58060AAB7623 at path: C:\ProgramData\Package Cache\.unverified\cab54A5CABBE7274D8A22EB58060AAB7623, moving to: C:\ProgramData\Package Cache\{BBF2AC74-720C-3CB3-8291-5E34039232FA}v14.0.24215\packages\vcRuntimeMinimum_x86\cab1.cab.
[0164:0184][2024-09-21T15:13:00]i304: Verified existing payload: vcRuntimeAdditional_x86 at path: C:\ProgramData\Package Cache\.unverified\vcRuntimeAdditional_x86.
[0164:0184][2024-09-21T15:13:00]i305: Verified acquired payload: vcRuntimeAdditional_x86 at path: C:\ProgramData\Package Cache\.unverified\vcRuntimeAdditional_x86, moving to: C:\ProgramData\Package Cache\{69BCE4AC-9572-3271-A2FB-9423BDA36A43}v14.0.24215\packages\vcRuntimeAdditional_x86\vc_runtimeAdditional_x86.msi.
[0164:0184][2024-09-21T15:13:00]i304: Verified existing payload: cabB3E1576D1FEFBB979E13B1A5379E0B16 at path: C:\ProgramData\Package Cache\.unverified\cabB3E1576D1FEFBB979E13B1A5379E0B16.
[0164:0184][2024-09-21T15:13:00]i305: Verified acquired payload: cabB3E1576D1FEFBB979E13B1A5379E0B16 at path: C:\ProgramData\Package Cache\.unverified\cabB3E1576D1FEFBB979E13B1A5379E0B16, moving to: C:\ProgramData\Package Cache\{69BCE4AC-9572-3271-A2FB-9423BDA36A43}v14.0.24215\packages\vcRuntimeAdditional_x86\cab1.cab.
[0164:0168][2024-09-21T15:13:00]i301: Applying execute package: vcRuntimeMinimum_x86, action: Install, path: C:\ProgramData\Package Cache\{BBF2AC74-720C-3CB3-8291-5E34039232FA}v14.0.24215\packages\vcRuntimeMinimum_x86\vc_runtimeMinimum_x86.msi, arguments: ' MSIFASTINSTALL="7" NOVSUI="1"'
[0170:0174][2024-09-21T15:13:00]i319: Applied execute package: vcRuntimeMinimum_x86, result: 0x0, restart: None
[0164:0168][2024-09-21T15:13:00]i325: Registering dependency: {e2803110-78b3-4664-a479-3611a381656a} on package provider: Microsoft.VS.VC_RuntimeMinimumVSU_x86,v14, package: vcRuntimeMinimum_x86
[0164:0168][2024-09-21T15:13:00]i301: Applying execute package: vcRuntimeAdditional_x86, action: Install, path: C:\ProgramData\Package Cache\{69BCE4AC-9572-3271-A2FB-9423BDA36A43}v14.0.24215\packages\vcRuntimeAdditional_x86\vc_runtimeAdditional_x86.msi, arguments: ' MSIFASTINSTALL="7" NOVSUI="1"'
[0170:0174][2024-09-21T15:13:01]i319: Applied execute package: vcRuntimeAdditional_x86, result: 0x0, restart: None
[0164:0168][2024-09-21T15:13:01]i325: Registering dependency: {e2803110-78b3-4664-a479-3611a381656a} on package provider: Microsoft.VS.VC_RuntimeAdditionalVSU_x86,v14, package: vcRuntimeAdditional_x86
[0164:0168][2024-09-21T15:13:01]i372: Session end, registration key: SOFTWARE\Microsoft\Windows\CurrentVersion\Uninstall\{e2803110-78b3-4664-a479-3611a381656a}, resume: ARP, restart: None, disable resume: No
[0164:0168][2024-09-21T15:13:01]i371: Updating session, registration key: SOFTWARE\Microsoft\Windows\CurrentVersion\Uninstall\{e2803110-78b3-4664-a479-3611a381656a}, resume: ARP, restart initiated: No, disable resume: No
[0170:0174][2024-09-21T15:13:01]i399: Apply complete, result: 0x0, restart: None, ba requested restart:  No
[0170:0174][2024-09-21T15:13:01]i500: Shutting down, exit code: 0x0
[0170:0174][2024-09-21T15:13:01]i410: Variable: SystemFolder = C:\windows\system32\
[0170:0174][2024-09-21T15:13:01]i410: Variable: VersionNT = 10.0.0.0
[0170:0174][2024-09-21T15:13:01]i410: Variable: VersionNT64 = 10.0.0.0
[0170:0174][2024-09-21T15:13:01]i410: Variable: windows_uCRT_DetectKey = 10.0.14393.2247
[0170:0174][2024-09-21T15:13:01]i410: Variable: windows_uCRT_DetectKeyExists = 1
[0170:0174][2024-09-21T15:13:01]i410: Variable: WixBundleAction = 5
[0170:0174][2024-09-21T15:13:01]i410: Variable: WixBundleCompressed = 1
[0170:0174][2024-09-21T15:13:01]i410: Variable: WixBundleElevated = 1
[0170:0174][2024-09-21T15:13:01]i410: Variable: WixBundleInstalled = 0
[0170:0174][2024-09-21T15:13:01]i410: Variable: WixBundleLog = C:\users\steamuser\Temp\dd_vcredist_x86_20240921151259.log
[0170:0174][2024-09-21T15:13:01]i410: Variable: WixBundleLog_vcRuntimeAdditional_x86 = C:\users\steamuser\Temp\dd_vcredist_x86_20240921151259_001_vcRuntimeAdditional_x86.log
[0170:0174][2024-09-21T15:13:01]i410: Variable: WixBundleLog_vcRuntimeMinimum_x86 = C:\users\steamuser\Temp\dd_vcredist_x86_20240921151259_000_vcRuntimeMinimum_x86.log
[0170:0174][2024-09-21T15:13:01]i410: Variable: WixBundleManufacturer = Microsoft Corporation
[0170:0174][2024-09-21T15:13:01]i410: Variable: WixBundleName = Microsoft Visual C++ 2015 Redistributable (x86) - 14.0.24215
[0170:0174][2024-09-21T15:13:01]i410: Variable: WixBundleOriginalSource = Z:\home\deck\.local\share\Steam\steamapps\common\Steamworks Shared\_CommonRedist\vcredist\2015\vc_redist.x86.EXE
[0170:0174][2024-09-21T15:13:01]i410: Variable: WixBundleOriginalSourceFolder = Z:\home\deck\.local\share\Steam\steamapps\common\Steamworks Shared\_CommonRedist\vcredist\2015\
[0170:0174][2024-09-21T15:13:01]i410: Variable: WixBundleProviderKey = {e2803110-78b3-4664-a479-3611a381656a}
[0170:0174][2024-09-21T15:13:01]i410: Variable: WixBundleRollbackLog_vcRuntimeAdditional_x86 = C:\users\steamuser\Temp\dd_vcredist_x86_20240921151259_001_vcRuntimeAdditional_x86_rollback.log
[0170:0174][2024-09-21T15:13:01]i410: Variable: WixBundleRollbackLog_vcRuntimeMinimum_x86 = C:\users\steamuser\Temp\dd_vcredist_x86_20240921151259_000_vcRuntimeMinimum_x86_rollback.log
[0170:0174][2024-09-21T15:13:01]i410: Variable: WixBundleTag = 
[0170:0174][2024-09-21T15:13:01]i410: Variable: WixBundleVersion = 14.0.24215.1
[0170:0174][2024-09-21T15:13:01]i007: Exit code: 0x0, restarting: No
