1: 0 2: 1033 3: 1252 
=== Logging started: 9/21/2024  3:13:03 ===
Message type: 0, Argument: 1033
Message type: 1, Argument: Microsoft Visual C++ 2015 x64 Additional Runtime - 14.0.24215
Action 3:13:03: INSTALL. 
Action start 3:13:03: INSTALL.
1: 0 2: 1033 3: 1252 
1: 0 2: 1033 3: 1252 
=== Logging started: 9/21/2024  3:13:03 ===
Message type: 0, Argument: 1033
Message type: 1, Argument: Microsoft Visual C++ 2015 x64 Additional Runtime - 14.0.24215
Action 3:13:03: INSTALL. 
Action start 3:13:03: INSTALL.
1: Microsoft Visual C++ 2015 x64 Additional Runtime - 14.0.24215 2: {EF1EC6A9-17DE-3DA9-B040-686A1E8A8B04} 
Action 3:13:03: FindRelatedProducts. Searching for related applications
Action start 3:13:03: FindRelatedProducts.
Action ended 3:13:03: FindRelatedProducts. Return value 1.
Action 3:13:03: LaunchConditions. Evaluating launch conditions
Action start 3:13:03: LaunchConditions.
Action ended 3:13:03: LaunchConditions. Return value 1.
Action 3:13:03: AppSearch. Searching for installed applications
Action start 3:13:03: AppSearch.
Property: REDISTFOUNDVERLANG, Signature: DetectRedistVerLangSignature
Property: REDISTFOUNDVER, Signature: DetectRedistVerSignature
Property: JSHFOUNDVER, Signature: DetectJSHVerSignature
Property: OCMFOUNDVER, Signature: DetectOCMRedistVerSignature
Property: OCMFOUNDVERLANG, Signature: DetectOCMRedistVerLangSignature
Action ended 3:13:03: AppSearch. Return value 1.
Action 3:13:03: ValidateProductID. 
Action start 3:13:03: ValidateProductID.
Action ended 3:13:03: ValidateProductID. Return value 1.
Action 3:13:03: CostInitialize. Computing space requirements
Action start 3:13:03: CostInitialize.
Action ended 3:13:03: CostInitialize. Return value 1.
Action 3:13:03: FileCost. Computing space requirements
Action start 3:13:03: FileCost.
Action ended 3:13:03: FileCost. Return value 1.
Action 3:13:03: CostFinalize. Computing space requirements
Action start 3:13:03: CostFinalize.
Action ended 3:13:03: CostFinalize. Return value 1.
Action 3:13:03: SetODBCFolders. Initializing ODBC directories
Action start 3:13:03: SetODBCFolders.
Action ended 3:13:03: SetODBCFolders. Return value 1.
Action 3:13:03: InstallValidate. Validating install
Action start 3:13:03: InstallValidate.
Action ended 3:13:03: InstallValidate. Return value 1.
Action 3:13:03: InstallInitialize. 
Action start 3:13:03: InstallInitialize.
Action ended 3:13:03: InstallInitialize. Return value 1.
Action 3:13:03: RemoveExistingProducts. Removing applications
Action start 3:13:03: RemoveExistingProducts.
Action ended 3:13:03: RemoveExistingProducts. Return value 1.
Action 3:13:03: AllocateRegistrySpace. Allocating registry space
Action start 3:13:03: AllocateRegistrySpace.
Free space: 0
Action ended 3:13:03: AllocateRegistrySpace. Return value 1.
Action 3:13:03: ProcessComponents. Updating component registration
Action start 3:13:03: ProcessComponents.
Action ended 3:13:03: ProcessComponents. Return value 1.
Action 3:13:03: UnpublishComponents. Unpublishing Qualified Components
Action start 3:13:03: UnpublishComponents.
Action ended 3:13:03: UnpublishComponents. Return value 1.
Action 3:13:03: MsiUnpublishAssemblies. Unpublishing assembly information
Action start 3:13:03: MsiUnpublishAssemblies.
Action ended 3:13:03: MsiUnpublishAssemblies. Return value 1.
Action 3:13:03: UnpublishFeatures. Unpublishing Product Features
Action start 3:13:03: UnpublishFeatures.
Action ended 3:13:03: UnpublishFeatures. Return value 1.
Action 3:13:03: StopServices. Stopping services
Action start 3:13:03: StopServices.
Action ended 3:13:03: StopServices. Return value 1.
Action 3:13:03: DeleteServices. Deleting services
Action start 3:13:03: DeleteServices.
Action ended 3:13:03: DeleteServices. Return value 1.
Action 3:13:03: UnregisterComPlus. Unregistering COM+ Applications and Components
Action start 3:13:03: UnregisterComPlus.
Action ended 3:13:03: UnregisterComPlus. Return value 1.
Action 3:13:03: SelfUnregModules. Unregistering modules
Action start 3:13:03: SelfUnregModules.
Action ended 3:13:03: SelfUnregModules. Return value 1.
Action 3:13:03: UnregisterTypeLibraries. Unregistering type libraries
Action start 3:13:03: UnregisterTypeLibraries.
Action ended 3:13:03: UnregisterTypeLibraries. Return value 1.
Action 3:13:03: RemoveODBC. Removing ODBC components
Action start 3:13:03: RemoveODBC.
Action ended 3:13:03: RemoveODBC. Return value 1.
Action 3:13:03: UnregisterFonts. Unregistering fonts
Action start 3:13:03: UnregisterFonts.
Action ended 3:13:03: UnregisterFonts. Return value 1.
Action 3:13:03: RemoveRegistryValues. Removing system registry values
Action start 3:13:03: RemoveRegistryValues.
Action ended 3:13:03: RemoveRegistryValues. Return value 1.
Action 3:13:03: UnregisterClassInfo. Unregister Class servers
Action start 3:13:03: UnregisterClassInfo.
Action ended 3:13:03: UnregisterClassInfo. Return value 1.
Action 3:13:03: UnregisterMIMEInfo. Unregistering MIME info
Action start 3:13:03: UnregisterMIMEInfo.
Action ended 3:13:03: UnregisterMIMEInfo. Return value 1.
Action 3:13:03: RemoveIniValues. Removing INI files entries
Action start 3:13:03: RemoveIniValues.
Action ended 3:13:03: RemoveIniValues. Return value 1.
Action 3:13:03: RemoveShortcuts. Removing shortcuts
Action start 3:13:03: RemoveShortcuts.
Action ended 3:13:03: RemoveShortcuts. Return value 1.
Action 3:13:03: RemoveEnvironmentStrings. Updating environment strings
Action start 3:13:03: RemoveEnvironmentStrings.
Action ended 3:13:03: RemoveEnvironmentStrings. Return value 1.
Action 3:13:03: RemoveDuplicateFiles. Removing duplicated files
Action start 3:13:03: RemoveDuplicateFiles.
Action ended 3:13:03: RemoveDuplicateFiles. Return value 1.
Action 3:13:03: RemoveFiles. Removing files
Action start 3:13:03: RemoveFiles.
Action ended 3:13:03: RemoveFiles. Return value 1.
Action 3:13:03: RemoveFolders. Removing folders
Action start 3:13:03: RemoveFolders.
Action ended 3:13:03: RemoveFolders. Return value 1.
Action 3:13:03: CreateFolders. Creating folders
Action start 3:13:03: CreateFolders.
Action ended 3:13:03: CreateFolders. Return value 1.
Action 3:13:03: MoveFiles. Moving files
Action start 3:13:03: MoveFiles.
Action ended 3:13:03: MoveFiles. Return value 1.
Action 3:13:03: InstallFiles. Copying new files
Action start 3:13:03: InstallFiles.
Action ended 3:13:03: InstallFiles. Return value 1.
Action 3:13:03: DuplicateFiles. Creating duplicate files
Action start 3:13:03: DuplicateFiles.
Action ended 3:13:03: DuplicateFiles. Return value 1.
Action 3:13:03: BindImage. Binding executables
Action start 3:13:03: BindImage.
Action ended 3:13:03: BindImage. Return value 1.
Action 3:13:03: RegisterClassInfo. Registering Class servers
Action start 3:13:03: RegisterClassInfo.
Action ended 3:13:03: RegisterClassInfo. Return value 1.
Action 3:13:03: RegisterMIMEInfo. Registering MIME info
Action start 3:13:03: RegisterMIMEInfo.
Action ended 3:13:03: RegisterMIMEInfo. Return value 1.
Action 3:13:03: RegisterTypeLibraries. Registering type libraries
Action start 3:13:03: RegisterTypeLibraries.
Action ended 3:13:03: RegisterTypeLibraries. Return value 1.
Action 3:13:03: WriteRegistryValues. Writing system registry values
Action start 3:13:03: WriteRegistryValues.
Action ended 3:13:03: WriteRegistryValues. Return value 1.
Action 3:13:03: WriteIniValues. Writing INI files values
Action start 3:13:03: WriteIniValues.
Action ended 3:13:03: WriteIniValues. Return value 1.
Action 3:13:03: WriteEnvironmentStrings. Updating environment strings
Action start 3:13:03: WriteEnvironmentStrings.
Action ended 3:13:03: WriteEnvironmentStrings. Return value 1.
Action 3:13:03: RegisterFonts. Registering fonts
Action start 3:13:03: RegisterFonts.
Action ended 3:13:03: RegisterFonts. Return value 1.
Action 3:13:03: InstallODBC. Installing ODBC components
Action start 3:13:03: InstallODBC.
Action ended 3:13:03: InstallODBC. Return value 1.
Action 3:13:03: SelfRegModules. Registering modules
Action start 3:13:03: SelfRegModules.
Action ended 3:13:03: SelfRegModules. Return value 1.
Action 3:13:03: RegisterComPlus. Registering COM+ Applications and Components
Action start 3:13:03: RegisterComPlus.
Action ended 3:13:03: RegisterComPlus. Return value 1.
Action 3:13:03: InstallServices. Installing new services
Action start 3:13:03: InstallServices.
Action ended 3:13:03: InstallServices. Return value 1.
Action 3:13:03: StartServices. Starting services
Action start 3:13:03: StartServices.
Action ended 3:13:03: StartServices. Return value 1.
Action 3:13:03: RegisterUser. Registering user
Action start 3:13:03: RegisterUser.
Action ended 3:13:03: RegisterUser. Return value 1.
Action 3:13:03: RegisterProduct. Registering product
Action start 3:13:03: RegisterProduct.
Action ended 3:13:03: RegisterProduct. Return value 1.
Action 3:13:03: PublishComponents. Publishing Qualified Components
Action start 3:13:03: PublishComponents.
Action ended 3:13:03: PublishComponents. Return value 1.
Action 3:13:03: MsiPublishAssemblies. Publishing assembly information
Action start 3:13:03: MsiPublishAssemblies.
Action ended 3:13:03: MsiPublishAssemblies. Return value 1.
Action 3:13:03: PublishFeatures. Publishing Product Features
Action start 3:13:03: PublishFeatures.
Action ended 3:13:03: PublishFeatures. Return value 1.
Action 3:13:03: PublishProduct. Publishing product information
Action start 3:13:03: PublishProduct.
Action ended 3:13:03: PublishProduct. Return value 1.
Action 3:13:03: CreateShortcuts. Creating shortcuts
Action start 3:13:03: CreateShortcuts.
Action ended 3:13:03: CreateShortcuts. Return value 1.
Action 3:13:03: InstallFinalize. 
Action start 3:13:03: InstallFinalize.
Action 3:13:03: ProcessComponents. Updating component registration
Action start 3:13:03: ProcessComponents.
1: {EF1EC6A9-17DE-3DA9-B040-686A1E8A8B04} 2: {8A2BFAB9-B0A3-337B-B182-D69A20A8055F} 3: 02:\SOFTWARE\Microsoft\VisualStudio\14.0\VC\Runtimes\x64\Version 
1: {EF1EC6A9-17DE-3DA9-B040-686A1E8A8B04} 2: {91E55230-49FB-3226-B7D5-83251072D3F9} 3: 02:\SOFTWARE\Microsoft\VisualStudio\14.0\VC\Runtimes\x64\Version 
1: {EF1EC6A9-17DE-3DA9-B040-686A1E8A8B04} 2: {99A922E3-648F-3C37-8AE6-78232F317B1E} 3: C:\windows\system32\mfc140.dll 
1: {EF1EC6A9-17DE-3DA9-B040-686A1E8A8B04} 2: {8924DA15-E863-388D-A06B-E7A3931AD77B} 3: C:\windows\system32\mfc140u.dll 
1: {EF1EC6A9-17DE-3DA9-B040-686A1E8A8B04} 2: {32252141-0BE5-3AFE-9849-D281CD954D43} 3: C:\windows\system32\mfcm140.dll 
1: {EF1EC6A9-17DE-3DA9-B040-686A1E8A8B04} 2: {AD221A2C-956B-3F16-8F64-FC938CBFD1C9} 3: C:\windows\system32\mfcm140u.dll 
1: {EF1EC6A9-17DE-3DA9-B040-686A1E8A8B04} 2: {CA9C8888-CEE6-38D6-A64D-33DA28675281} 3: C:\windows\system32\mfc140chs.dll 
1: {EF1EC6A9-17DE-3DA9-B040-686A1E8A8B04} 2: {F692B585-1C66-3BD5-AC31-442E4221ED80} 3: C:\windows\system32\mfc140cht.dll 
1: {EF1EC6A9-17DE-3DA9-B040-686A1E8A8B04} 2: {7F148EE8-E61F-3462-B6D4-E1411A8EC5C9} 3: C:\windows\system32\mfc140deu.dll 
1: {EF1EC6A9-17DE-3DA9-B040-686A1E8A8B04} 2: {686933F1-9A99-3CD8-A071-2BE11CEA5E99} 3: C:\windows\system32\mfc140enu.dll 
1: {EF1EC6A9-17DE-3DA9-B040-686A1E8A8B04} 2: {674A4EC5-F732-3C6D-A0FB-289D61963665} 3: C:\windows\system32\mfc140esn.dll 
1: {EF1EC6A9-17DE-3DA9-B040-686A1E8A8B04} 2: {3A88BA88-2780-3262-A7A9-7A11D3ED9A88} 3: C:\windows\system32\mfc140fra.dll 
1: {EF1EC6A9-17DE-3DA9-B040-686A1E8A8B04} 2: {8D300AD7-942A-3EDF-AA03-3D442AF99208} 3: C:\windows\system32\mfc140ita.dll 
1: {EF1EC6A9-17DE-3DA9-B040-686A1E8A8B04} 2: {51C499DB-BD7A-31E9-AAFA-5D0813741B43} 3: C:\windows\system32\mfc140jpn.dll 
1: {EF1EC6A9-17DE-3DA9-B040-686A1E8A8B04} 2: {C6C22F1F-CEB2-31D6-A2E9-8F124A82428F} 3: C:\windows\system32\mfc140kor.dll 
1: {EF1EC6A9-17DE-3DA9-B040-686A1E8A8B04} 2: {21B0261D-5191-3D58-9C29-B9232B27D616} 3: C:\windows\system32\mfc140rus.dll 
1: {EF1EC6A9-17DE-3DA9-B040-686A1E8A8B04} 2: {EA0D3A76-AE46-3F46-B94D-309D5097A125} 3: 02:\SOFTWARE\Microsoft\DevDiv\vc\Servicing\14.0\SP 
1: {EF1EC6A9-17DE-3DA9-B040-686A1E8A8B04} 2: {225DB27C-EE31-3DF8-B4BB-AC5506C5673A} 3: 02:\SOFTWARE\Microsoft\DevDiv\vc\Servicing\14.0\RuntimeAdditional\Install 
1: {EF1EC6A9-17DE-3DA9-B040-686A1E8A8B04} 2: {04D1E303-8E0F-36D1-BC1F-E27EE209198A} 3: 02:\SOFTWARE\Microsoft\DevDiv\vc\Servicing\14.0\SP 
1: {EF1EC6A9-17DE-3DA9-B040-686A1E8A8B04} 2: {ABC89929-9E1E-30F1-A5A6-C685BDDDB7E3} 3: 02:\SOFTWARE\Microsoft\DevDiv\vc\Servicing\14.0\RuntimeAdditional\Install 
1: {EF1EC6A9-17DE-3DA9-B040-686A1E8A8B04} 2: {610423BB-1113-392F-8B0A-340000E19044} 3: -1:\Software\Classes\Installer\Dependencies\Microsoft.VS.VC_RuntimeAdditionalVSU_amd64,v14\Version 
Action ended 3:13:03: ProcessComponents. Return value 1.
Action 3:13:03: UnpublishComponents. Unpublishing Qualified Components
Action start 3:13:03: UnpublishComponents.
Action ended 3:13:03: UnpublishComponents. Return value 1.
Action 3:13:03: MsiUnpublishAssemblies. Unpublishing assembly information
Action start 3:13:03: MsiUnpublishAssemblies.
Action ended 3:13:03: MsiUnpublishAssemblies. Return value 1.
Action 3:13:03: UnpublishFeatures. Unpublishing Product Features
Action start 3:13:03: UnpublishFeatures.
Action ended 3:13:03: UnpublishFeatures. Return value 1.
Action 3:13:03: StopServices. Stopping services
Action start 3:13:03: StopServices.
Action ended 3:13:03: StopServices. Return value 1.
Action 3:13:03: DeleteServices. Deleting services
Action start 3:13:03: DeleteServices.
Action ended 3:13:03: DeleteServices. Return value 1.
Action 3:13:03: SelfUnregModules. Unregistering modules
Action start 3:13:03: SelfUnregModules.
Action ended 3:13:03: SelfUnregModules. Return value 1.
Action 3:13:03: UnregisterTypeLibraries. Unregistering type libraries
Action start 3:13:03: UnregisterTypeLibraries.
Action ended 3:13:03: UnregisterTypeLibraries. Return value 1.
Action 3:13:03: RemoveODBC. Removing ODBC components
Action start 3:13:03: RemoveODBC.
Action ended 3:13:03: RemoveODBC. Return value 1.
Action 3:13:03: UnregisterFonts. Unregistering fonts
Action start 3:13:03: UnregisterFonts.
Action ended 3:13:03: UnregisterFonts. Return value 1.
Action 3:13:03: RemoveRegistryValues. Removing system registry values
Action start 3:13:03: RemoveRegistryValues.
Action ended 3:13:03: RemoveRegistryValues. Return value 1.
Action 3:13:03: UnregisterClassInfo. Unregister Class servers
Action start 3:13:03: UnregisterClassInfo.
Action ended 3:13:03: UnregisterClassInfo. Return value 1.
Action 3:13:03: UnregisterMIMEInfo. Unregistering MIME info
Action start 3:13:03: UnregisterMIMEInfo.
Action ended 3:13:03: UnregisterMIMEInfo. Return value 1.
Action 3:13:03: RemoveIniValues. Removing INI files entries
Action start 3:13:03: RemoveIniValues.
Action ended 3:13:03: RemoveIniValues. Return value 1.
Action 3:13:03: RemoveShortcuts. Removing shortcuts
Action start 3:13:03: RemoveShortcuts.
Action ended 3:13:03: RemoveShortcuts. Return value 1.
Action 3:13:03: RemoveEnvironmentStrings. Updating environment strings
Action start 3:13:03: RemoveEnvironmentStrings.
Action ended 3:13:03: RemoveEnvironmentStrings. Return value 1.
Action 3:13:03: RemoveDuplicateFiles. Removing duplicated files
Action start 3:13:03: RemoveDuplicateFiles.
Action ended 3:13:03: RemoveDuplicateFiles. Return value 1.
Action 3:13:03: RemoveFiles. Removing files
Action start 3:13:03: RemoveFiles.
File: mfc140.dll, Directory: System64Folder_amd64_VC
File: mfc140chs.dll, Directory: System64Folder_amd64_VC
File: mfc140cht.dll, Directory: System64Folder_amd64_VC
File: mfc140deu.dll, Directory: System64Folder_amd64_VC
File: mfc140enu.dll, Directory: System64Folder_amd64_VC
File: mfc140esn.dll, Directory: System64Folder_amd64_VC
File: mfc140fra.dll, Directory: System64Folder_amd64_VC
File: mfc140ita.dll, Directory: System64Folder_amd64_VC
File: mfc140jpn.dll, Directory: System64Folder_amd64_VC
File: mfc140kor.dll, Directory: System64Folder_amd64_VC
File: mfc140rus.dll, Directory: System64Folder_amd64_VC
File: mfc140u.dll, Directory: System64Folder_amd64_VC
File: mfcm140.dll, Directory: System64Folder_amd64_VC
File: mfcm140u.dll, Directory: System64Folder_amd64_VC
Action ended 3:13:03: RemoveFiles. Return value 1.
Action 3:13:03: RemoveFolders. Removing folders
Action start 3:13:03: RemoveFolders.
Action ended 3:13:03: RemoveFolders. Return value 1.
Action 3:13:03: CreateFolders. Creating folders
Action start 3:13:03: CreateFolders.
Action ended 3:13:03: CreateFolders. Return value 1.
Action 3:13:03: MoveFiles. Moving files
Action start 3:13:03: MoveFiles.
Action ended 3:13:03: MoveFiles. Return value 1.
Action 3:13:03: InstallFiles. Copying new files
Action start 3:13:03: InstallFiles.
File: mfc140.dll,  Directory: System64Folder_amd64_VC,  Size: 6037296
File: mfc140chs.dll,  Directory: System64Folder_amd64_VC,  Size: 46912
File: mfc140cht.dll,  Directory: System64Folder_amd64_VC,  Size: 46912
File: mfc140deu.dll,  Directory: System64Folder_amd64_VC,  Size: 75584
File: mfc140enu.dll,  Directory: System64Folder_amd64_VC,  Size: 65856
File: mfc140esn.dll,  Directory: System64Folder_amd64_VC,  Size: 74560
File: mfc140fra.dll,  Directory: System64Folder_amd64_VC,  Size: 75584
File: mfc140ita.dll,  Directory: System64Folder_amd64_VC,  Size: 73536
File: mfc140jpn.dll,  Directory: System64Folder_amd64_VC,  Size: 55104
File: mfc140kor.dll,  Directory: System64Folder_amd64_VC,  Size: 54080
File: mfc140rus.dll,  Directory: System64Folder_amd64_VC,  Size: 71488
File: mfc140u.dll,  Directory: System64Folder_amd64_VC,  Size: 6065976
File: mfcm140.dll,  Directory: System64Folder_amd64_VC,  Size: 105776
File: mfcm140u.dll,  Directory: System64Folder_amd64_VC,  Size: 106296
Action ended 3:13:03: InstallFiles. Return value 1.
Action 3:13:03: DuplicateFiles. Creating duplicate files
Action start 3:13:03: DuplicateFiles.
Action ended 3:13:03: DuplicateFiles. Return value 1.
Action 3:13:03: RegisterClassInfo. Registering Class servers
Action start 3:13:03: RegisterClassInfo.
Action ended 3:13:03: RegisterClassInfo. Return value 1.
Action 3:13:03: RegisterMIMEInfo. Registering MIME info
Action start 3:13:03: RegisterMIMEInfo.
Action ended 3:13:03: RegisterMIMEInfo. Return value 1.
Action 3:13:03: RegisterTypeLibraries. Registering type libraries
Action start 3:13:03: RegisterTypeLibraries.
Action ended 3:13:03: RegisterTypeLibraries. Return value 1.
Action 3:13:03: WriteRegistryValues. Writing system registry values
Action start 3:13:03: WriteRegistryValues.
Key: HKEY_LOCAL_MACHINE\SOFTWARE\Microsoft\VisualStudio\14.0\VC\Runtimes\x64, Name: Version, Value: v14.0.24215.01
Key: HKEY_LOCAL_MACHINE\SOFTWARE\Microsoft\VisualStudio\14.0\VC\Runtimes\x64, Name: Version, Value: v14.0.24215.01
Key: HKEY_LOCAL_MACHINE\SOFTWARE\Microsoft\DevDiv\vc\Servicing\14.0, Name: SP, Value: 
Key: HKEY_LOCAL_MACHINE\SOFTWARE\Microsoft\DevDiv\vc\Servicing\14.0\RuntimeAdditional, Name: Install, Value: 
Key: HKEY_LOCAL_MACHINE\SOFTWARE\Microsoft\DevDiv\vc\Servicing\14.0, Name: SP, Value: 
Key: HKEY_LOCAL_MACHINE\SOFTWARE\Microsoft\DevDiv\vc\Servicing\14.0\RuntimeAdditional, Name: Install, Value: 
Key: HKEY_LOCAL_MACHINE\Software\Classes\Installer\Dependencies\Microsoft.VS.VC_RuntimeAdditionalVSU_amd64,v14, Name: Version, Value: 14.0.24215
Key: HKEY_LOCAL_MACHINE\SOFTWARE\Microsoft\VisualStudio\14.0\VC\Runtimes\x64, Name: Installed, Value: 
Key: HKEY_LOCAL_MACHINE\SOFTWARE\Microsoft\VisualStudio\14.0\VC\Runtimes\x64, Name: Major, Value: 
Key: HKEY_LOCAL_MACHINE\SOFTWARE\Microsoft\VisualStudio\14.0\VC\Runtimes\x64, Name: Minor, Value: 
Key: HKEY_LOCAL_MACHINE\SOFTWARE\Microsoft\VisualStudio\14.0\VC\Runtimes\x64, Name: Bld, Value: 
Key: HKEY_LOCAL_MACHINE\SOFTWARE\Microsoft\VisualStudio\14.0\VC\Runtimes\x64, Name: Rbld, Value: 
Key: HKEY_LOCAL_MACHINE\SOFTWARE\Microsoft\VisualStudio\14.0\VC\Runtimes\x64, Name: Installed, Value: 
Key: HKEY_LOCAL_MACHINE\SOFTWARE\Microsoft\VisualStudio\14.0\VC\Runtimes\x64, Name: Major, Value: 
Key: HKEY_LOCAL_MACHINE\SOFTWARE\Microsoft\VisualStudio\14.0\VC\Runtimes\x64, Name: Minor, Value: 
Key: HKEY_LOCAL_MACHINE\SOFTWARE\Microsoft\VisualStudio\14.0\VC\Runtimes\x64, Name: Bld, Value: 
Key: HKEY_LOCAL_MACHINE\SOFTWARE\Microsoft\VisualStudio\14.0\VC\Runtimes\x64, Name: Rbld, Value: 
Key: HKEY_LOCAL_MACHINE\SOFTWARE\Microsoft\DevDiv\vc\Servicing\14.0, Name: SPIndex, Value: 
Key: HKEY_LOCAL_MACHINE\SOFTWARE\Microsoft\DevDiv\vc\Servicing\14.0\RuntimeAdditional, Name: InstallerType, Value: MSI
Key: HKEY_LOCAL_MACHINE\SOFTWARE\Microsoft\DevDiv\vc\Servicing\14.0\RuntimeAdditional, Name: SP, Value: 
Key: HKEY_LOCAL_MACHINE\SOFTWARE\Microsoft\DevDiv\vc\Servicing\14.0\RuntimeAdditional, Name: SPIndex, Value: 
Key: HKEY_LOCAL_MACHINE\SOFTWARE\Microsoft\DevDiv\vc\Servicing\14.0\RuntimeAdditional, Name: SPName, Value: RTM
Key: HKEY_LOCAL_MACHINE\SOFTWARE\Microsoft\DevDiv\vc\Servicing\14.0\RuntimeAdditional, Name: Version, Value: 14.0.24215
Key: HKEY_LOCAL_MACHINE\SOFTWARE\Microsoft\DevDiv\vc\Servicing\14.0\RuntimeAdditional, Name: UpdateVersion, Value: 14.0.24215
Key: HKEY_LOCAL_MACHINE\SOFTWARE\Microsoft\DevDiv\vc\Servicing\14.0, Name: SPIndex, Value: 
Key: HKEY_LOCAL_MACHINE\SOFTWARE\Microsoft\DevDiv\vc\Servicing\14.0\RuntimeAdditional, Name: InstallerType, Value: MSI
Key: HKEY_LOCAL_MACHINE\SOFTWARE\Microsoft\DevDiv\vc\Servicing\14.0\RuntimeAdditional, Name: SP, Value: 
Key: HKEY_LOCAL_MACHINE\SOFTWARE\Microsoft\DevDiv\vc\Servicing\14.0\RuntimeAdditional, Name: SPIndex, Value: 
Key: HKEY_LOCAL_MACHINE\SOFTWARE\Microsoft\DevDiv\vc\Servicing\14.0\RuntimeAdditional, Name: SPName, Value: RTM
Key: HKEY_LOCAL_MACHINE\SOFTWARE\Microsoft\DevDiv\vc\Servicing\14.0\RuntimeAdditional, Name: Version, Value: 14.0.24215
Key: HKEY_LOCAL_MACHINE\SOFTWARE\Microsoft\DevDiv\vc\Servicing\14.0\RuntimeAdditional, Name: UpdateVersion, Value: 14.0.24215
Key: HKEY_LOCAL_MACHINE\Software\Classes\Installer\Dependencies\Microsoft.VS.VC_RuntimeAdditionalVSU_amd64,v14, Name: , Value: {EF1EC6A9-17DE-3DA9-B040-686A1E8A8B04}
Key: HKEY_LOCAL_MACHINE\Software\Classes\Installer\Dependencies\Microsoft.VS.VC_RuntimeAdditionalVSU_amd64,v14, Name: DisplayName, Value: Microsoft Visual C++ 2015 x64 Additional Runtime - 14.0.24215
Action ended 3:13:03: WriteRegistryValues. Return value 1.
Action 3:13:03: WriteIniValues. Writing INI files values
Action start 3:13:03: WriteIniValues.
Action ended 3:13:03: WriteIniValues. Return value 1.
Action 3:13:03: WriteEnvironmentStrings. Updating environment strings
Action start 3:13:03: WriteEnvironmentStrings.
Action ended 3:13:03: WriteEnvironmentStrings. Return value 1.
Action 3:13:03: RegisterFonts. Registering fonts
Action start 3:13:03: RegisterFonts.
Action ended 3:13:03: RegisterFonts. Return value 1.
Action 3:13:03: InstallODBC. Installing ODBC components
Action start 3:13:03: InstallODBC.
Action ended 3:13:03: InstallODBC. Return value 1.
Action 3:13:03: SelfRegModules. Registering modules
Action start 3:13:03: SelfRegModules.
Action ended 3:13:03: SelfRegModules. Return value 1.
Action 3:13:03: InstallServices. Installing new services
Action start 3:13:03: InstallServices.
Action ended 3:13:03: InstallServices. Return value 1.
Action 3:13:03: StartServices. Starting services
Action start 3:13:03: StartServices.
Action ended 3:13:03: StartServices. Return value 1.
Action 3:13:03: RegisterUser. Registering user
Action start 3:13:03: RegisterUser.
1:  
Action ended 3:13:03: RegisterUser. Return value 1.
Action 3:13:03: RegisterProduct. Registering product
Action start 3:13:03: RegisterProduct.
1: {EF1EC6A9-17DE-3DA9-B040-686A1E8A8B04} 
Action ended 3:13:03: RegisterProduct. Return value 1.
Action 3:13:03: PublishComponents. Publishing Qualified Components
Action start 3:13:03: PublishComponents.
Action ended 3:13:03: PublishComponents. Return value 1.
Action 3:13:03: MsiPublishAssemblies. Publishing assembly information
Action start 3:13:03: MsiPublishAssemblies.
Action ended 3:13:03: MsiPublishAssemblies. Return value 1.
Action 3:13:03: PublishFeatures. Publishing Product Features
Action start 3:13:03: PublishFeatures.
Feature: VC_Runtime_Additional
Feature: Provider
Feature: Servicing_Key
Action ended 3:13:03: PublishFeatures. Return value 1.
Action 3:13:03: PublishProduct. Publishing product information
Action start 3:13:03: PublishProduct.
1: {EF1EC6A9-17DE-3DA9-B040-686A1E8A8B04} 
Action ended 3:13:03: PublishProduct. Return value 1.
Action 3:13:03: CreateShortcuts. Creating shortcuts
Action start 3:13:03: CreateShortcuts.
Action ended 3:13:03: CreateShortcuts. Return value 1.
Action ended 3:13:03: InstallFinalize. Return value 1.
Action ended 3:13:03: INSTALL. Return value 1.
1: Microsoft Visual C++ 2015 x64 Additional Runtime - 14.0.24215 2: {EF1EC6A9-17DE-3DA9-B040-686A1E8A8B04} 3: 1 
Property(S): DiskPrompt = 
Property(S): UpgradeCode = {9B0BAA88-E15F-3A1F-ACC0-B206E9DDF71C}
Property(S): REDISTFOUNDVERLANG = #1
Property(S): REDISTFOUNDVER = #1
Property(S): TARGETDIR = C:\
Property(S): System64Folder_amd64_VC = C:\windows\system32\
Property(S): SourceDir = C:\ProgramData\Package Cache\{EF1EC6A9-17DE-3DA9-B040-686A1E8A8B04}v14.0.24215\packages\vcRuntimeAdditional_amd64\
Property(S): System64Folder = C:\windows\system32\
Property(S): VersionNT = 603
Property(S): ALLUSERS = 1
Property(S): ARPHELPLINK = http://go.microsoft.com/fwlink/?LinkId=133405
Property(S): ARPNOMODIFY = 1
Property(S): ARPURLUpdateInfo = http://go.microsoft.com/fwlink/?LinkId=133408
Property(S): ARPCOMMENTS = Caution. Removing this product might prevent some applications from running.
Property(S): comspec_cmd = %comspec%
Property(S): DDPatch = 0
Property(S): FeatureID = 1
Property(S): FILESINUSETEXT = The following applications should be closed before continuing the install:
Property(S): FXAssemblyVersion = 4.0.0.0
Property(S): FXAssemblyVersion35 = 3.5.0.0
Property(S): INSTALLLEVEL = 2
Property(S): LIMITUI = 1
Property(S): NullGUID = {00000000-0000-0000-0000-000000000000}
Property(S): PIDRegEntryName = ProductID
Property(S): PIDUserNameRegKey = SOFTWARE\Microsoft\VisualStudio\7.0\Registration
Property(S): PIDUserNameRegRoot = HKEY_LOCAL_MACHINE
Property(S): PrimaryDir = VS7.3643236F_FC70_11D3_A536_0090278A1BB8
Property(S): REBOOT = ReallySuppress
Property(S): REPAIR_REINSTALLMODE = pecmsu
Property(S): ReserveAdditionalCostVS7UI = 8388608
Property(S): RunCount = 49
Property(S): UpdateProp1 = 0
Property(S): UpdateProp2 = 0
Property(S): UpdateProp3 = 0
Property(S): UpdateProp4 = 0
Property(S): UpdateProp5 = 0
Property(S): UserNameRegEntryName = UserName
Property(S): ARPSYSTEMCOMPONENT = 1
Property(S): BuildType = ret
Property(S): URTVersion = v4.0.30319
Property(S): LocProductName = Microsoft Visual C++ 2015 x64 Runtime
Property(S): ProductCPU = amd64
Property(S): ProductEdition = Runtime
Property(S): ProductFamily = VC
Property(S): ProductImage = net
Property(S): RTM_ProductVersion = 14.0.24215
Property(S): ProductVersionHigh = 720896
Property(S): ProductVersionLow = 1999110144
Property(S): MsiLogging = voicewarmup
Property(S): Manufacturer = Microsoft Corporation
Property(S): ProductCode = {EF1EC6A9-17DE-3DA9-B040-686A1E8A8B04}
Property(S): ProductLanguage = 1033
Property(S): ProductName = Microsoft Visual C++ 2015 x64 Additional Runtime - 14.0.24215
Property(S): ProductVersion = 14.0.24215
Property(S): DirectoryTable100_amd64 = DirectoryTable
Property(S): SecureCustomProperties = IE501FOUND.3643236F_FC70_11D3_A536_0090278A1BB8;IGNOREDEPENDENCIES;INSTALLBLOCKFOUND.3643236F_FC70_11D3_A536_0090278A1BB8;JSHFOUNDVER;NEWERVCRUNTIMEVERSIONDETECTED;OCMFOUNDVER;OCMFOUNDVERLANG;REDISTFOUNDVER;REDISTFOUNDVERLANG;UNINSTALLBLOCKFOUND.3643236F_FC70_11D3_A536_0090278A1BB8;UPGRADEVCRUNTIME
Property(S): WixPdbPath = f:\ddSetup\SD\5\wix\outs\amd64ret\enu\cooked\vc_RuntimeAdditional_net.wixpdb
Property(S): AdminUser = 1
Property(S): Privileged = 1
Property(S): MsiRunningElevated = 1
Property(S): CommonAppDataFolder = C:\ProgramData\
Property(S): FavoritesFolder = C:\users\steamuser\Favorites\
Property(S): FontsFolder = C:\windows\Fonts\
Property(S): SendToFolder = C:\users\steamuser\AppData\Roaming\Microsoft\Windows\SendTo\
Property(S): StartMenuFolder = C:\users\steamuser\AppData\Roaming\Microsoft\Windows\Start Menu\
Property(S): StartupFolder = C:\users\steamuser\AppData\Roaming\Microsoft\Windows\Start Menu\Programs\StartUp\
Property(S): TemplateFolder = C:\users\steamuser\AppData\Roaming\Microsoft\Windows\Templates\
Property(S): DesktopFolder = C:\users\steamuser\Desktop\
Property(S): ProgramMenuFolder = C:\users\steamuser\AppData\Roaming\Microsoft\Windows\Start Menu\Programs\
Property(S): AdminToolsFolder = C:\users\steamuser\AppData\Roaming\Microsoft\Windows\Start Menu\Programs\Administrative Tools\
Property(S): AppDataFolder = C:\users\steamuser\AppData\Roaming\
Property(S): SystemFolder = C:\windows\syswow64\
Property(S): System16Folder = C:\windows\system32\
Property(S): LocalAppDataFolder = C:\users\steamuser\AppData\Local\
Property(S): MyPicturesFolder = C:\users\steamuser\Pictures\
Property(S): PersonalFolder = C:\users\steamuser\Documents\
Property(S): WindowsFolder = C:\windows\
Property(S): PrintHoodFolder = C:\users\steamuser\AppData\Roaming\Microsoft\Windows\Printer Shortcuts\
Property(S): NetHoodFolder = C:\users\steamuser\AppData\Roaming\Microsoft\Windows\Network Shortcuts\
Property(S): RecentFolder = C:\users\steamuser\AppData\Roaming\Microsoft\Windows\Recent\
Property(S): PhysicalMemory = 15838
Property(S): WindowsVolume = C:\
Property(S): TempFolder = C:\users\steamuser\Temp\
Property(S): MsiNTProductType = 1
Property(S): WindowsBuild = 9600
Property(S): ServicePackLevel = 0
Property(S): VersionMsi = 4.5
Property(S): VersionDatabase = 400
Property(S): Intel = 23
Property(S): MsiAMD64 = 23
Property(S): Msix64 = 23
Property(S): VersionNT64 = 603
Property(S): ProgramFiles64Folder = C:\Program Files\
Property(S): ProgramFilesFolder = C:\Program Files (x86)\
Property(S): CommonFiles64Folder = C:\Program Files\Common Files\
Property(S): CommonFilesFolder = C:\Program Files (x86)\Common Files\
Property(S): ScreenX = 1280
Property(S): ScreenY = 720
Property(S): ColorBits = 32
Property(S): UserSID = S-1-5-21-0-0-0-1000
Property(S): MsiNetAssemblySupport = 2.0.50727.4016
Property(S): UserLanguageID = 1033
Property(S): SystemLanguageID = 1033
Property(S): ProductState = -1
Property(S): LogonUser = steamuser
Property(S): ComputerName = STEAMDECK
Property(S): UILevel = 2
Property(S): PackageCode = {2F8046B6-924A-4624-BB8F-A708F8E7DAD3}
Property(S): DATABASE = C:\windows\Installer\3f31.msi
Property(S): OriginalDatabase = C:\ProgramData\Package Cache\{EF1EC6A9-17DE-3DA9-B040-686A1E8A8B04}v14.0.24215\packages\vcRuntimeAdditional_amd64\vc_runtimeAdditional_x64.msi
Property(S): SOURCEDIR = C:\ProgramData\Package Cache\{EF1EC6A9-17DE-3DA9-B040-686A1E8A8B04}v14.0.24215\packages\vcRuntimeAdditional_amd64\
Property(S): MSIFASTINSTALL = 7
Property(S): NOVSUI = 1
Property(S): ACTION = INSTALL
Property(S): EXECUTEACTION = INSTALL
Property(S): CostingComplete = 1
Property(S): ROOTDRIVE = C:\
Property(S): OutOfDiskSpace = 0
Property(S): OutOfNoRbDiskSpace = 0
1: 2 2: 0 
1: 2 2: 1 
Action ended 3:13:03: INSTALL. Return value 1.
