[01B0:01B4][2024-09-21T15:13:01]i001: Burn v3.7.3813.0, Windows v10.0 (Build 18363: Service Pack 0), path: Z:\home\deck\.local\share\Steam\steamapps\common\Steamworks Shared\_CommonRedist\vcredist\2015\vc_redist.x64.exe, cmdline: '/q /norestart -burn.unelevated BurnPipe.{55171F7C-178F-446C-85F5-883B39C7E4A5} {31BE140C-245C-4551-9EE3-38E66B485F3F} 420'
[01B0:01B4][2024-09-21T15:13:01]i000: Setting string variable 'WixBundleLog' to value 'C:\users\steamuser\Temp\dd_vcredist_amd64_20240921151301.log'
[01B0:01B4][2024-09-21T15:13:01]i000: Setting string variable 'WixBundleOriginalSource' to value 'Z:\home\deck\.local\share\Steam\steamapps\common\Steamworks Shared\_CommonRedist\vcredist\2015\vc_redist.x64.exe'
[01B0:01B4][2024-09-21T15:13:01]i000: Setting string variable 'WixBundleOriginalSourceFolder' to value 'Z:\home\deck\.local\share\Steam\steamapps\common\Steamworks Shared\_CommonRedist\vcredist\2015\'
[01B0:01B4][2024-09-21T15:13:02]i000: Setting string variable 'WixBundleName' to value 'Microsoft Visual C++ 2015 Redistributable (x64) - 14.0.24215'
[01B0:01B4][2024-09-21T15:13:02]i100: Detect begin, 10 packages
[01B0:01B4][2024-09-21T15:13:02]i000: Setting version variable 'windows_uCRT_DetectKey' to value '10.0.14393.2247'
[01B0:01B4][2024-09-21T15:13:02]i000: Setting numeric variable 'windows_uCRT_DetectKeyExists' to value 1
[01B0:01B4][2024-09-21T15:13:02]i052: Condition '(VersionNT = v6.3 AND NOT VersionNT64) AND (windows_uCRT_DetectKeyExists AND windows_uCRT_DetectKey >= v10.0.10240.0)' evaluates to false.
[01B0:01B4][2024-09-21T15:13:02]i052: Condition '(VersionNT = v6.3 AND VersionNT64) AND (windows_uCRT_DetectKeyExists AND windows_uCRT_DetectKey >= v10.0.10240.0)' evaluates to false.
[01B0:01B4][2024-09-21T15:13:02]i052: Condition '(VersionNT = v6.2 AND NOT VersionNT64) AND (windows_uCRT_DetectKeyExists AND windows_uCRT_DetectKey >= v10.0.10240.0)' evaluates to false.
[01B0:01B4][2024-09-21T15:13:02]i052: Condition '(VersionNT = v6.2 AND VersionNT64) AND (windows_uCRT_DetectKeyExists AND windows_uCRT_DetectKey >= v10.0.10240.0)' evaluates to false.
[01B0:01B4][2024-09-21T15:13:02]i052: Condition '(VersionNT = v6.1 AND NOT VersionNT64) AND (windows_uCRT_DetectKeyExists AND windows_uCRT_DetectKey >= v10.0.10240.0)' evaluates to false.
[01B0:01B4][2024-09-21T15:13:02]i052: Condition '(VersionNT = v6.1 AND VersionNT64) AND (windows_uCRT_DetectKeyExists AND windows_uCRT_DetectKey >= v10.0.10240.0)' evaluates to false.
[01B0:01B4][2024-09-21T15:13:02]i052: Condition '(VersionNT = v6.0 AND NOT VersionNT64) AND (windows_uCRT_DetectKeyExists AND windows_uCRT_DetectKey >= v10.0.10240.0)' evaluates to false.
[01B0:01B4][2024-09-21T15:13:02]i052: Condition '(VersionNT = v6.0 AND VersionNT64) AND (windows_uCRT_DetectKeyExists AND windows_uCRT_DetectKey >= v10.0.10240.0)' evaluates to false.
[01B0:01B4][2024-09-21T15:13:02]i101: Detected package: vcRuntimeMinimum_x64, state: Absent, cached: None
[01B0:01B4][2024-09-21T15:13:02]i101: Detected package: vcRuntimeAdditional_x64, state: Absent, cached: None
[01B0:01B4][2024-09-21T15:13:02]i101: Detected package: Windows81_x86, state: Absent, cached: None
[01B0:01B4][2024-09-21T15:13:02]i101: Detected package: Windows81_x64, state: Absent, cached: None
[01B0:01B4][2024-09-21T15:13:02]i101: Detected package: Windows8_x86, state: Absent, cached: None
[01B0:01B4][2024-09-21T15:13:02]i101: Detected package: Windows8_x64, state: Absent, cached: None
[01B0:01B4][2024-09-21T15:13:02]i101: Detected package: Windows7_MSU_x86, state: Absent, cached: None
[01B0:01B4][2024-09-21T15:13:02]i101: Detected package: Windows7_MSU_x64, state: Absent, cached: None
[01B0:01B4][2024-09-21T15:13:02]i101: Detected package: WindowsVista_MSU_x86, state: Absent, cached: None
[01B0:01B4][2024-09-21T15:13:02]i101: Detected package: WindowsVista_MSU_x64, state: Absent, cached: None
[01B0:01B4][2024-09-21T15:13:02]i052: Condition 'VersionNT64 >= v6.0 OR (VersionNT64 = v5.2 AND ServicePackLevel >= 1)' evaluates to true.
[01B0:01B4][2024-09-21T15:13:02]i199: Detect complete, result: 0x0
[01B0:01B4][2024-09-21T15:13:02]i200: Plan begin, 10 packages, action: Install
[01B0:01B4][2024-09-21T15:13:02]i052: Condition '(VersionNT64)' evaluates to true.
[01B0:01B4][2024-09-21T15:13:02]i000: Setting string variable 'WixBundleRollbackLog_vcRuntimeMinimum_x64' to value 'C:\users\steamuser\Temp\dd_vcredist_amd64_20240921151301_000_vcRuntimeMinimum_x64_rollback.log'
[01B0:01B4][2024-09-21T15:13:02]i000: Setting string variable 'WixBundleLog_vcRuntimeMinimum_x64' to value 'C:\users\steamuser\Temp\dd_vcredist_amd64_20240921151301_000_vcRuntimeMinimum_x64.log'
[01B0:01B4][2024-09-21T15:13:02]i052: Condition '(VersionNT64)' evaluates to true.
[01B0:01B4][2024-09-21T15:13:02]i000: Setting string variable 'WixBundleRollbackLog_vcRuntimeAdditional_x64' to value 'C:\users\steamuser\Temp\dd_vcredist_amd64_20240921151301_001_vcRuntimeAdditional_x64_rollback.log'
[01B0:01B4][2024-09-21T15:13:02]i000: Setting string variable 'WixBundleLog_vcRuntimeAdditional_x64' to value 'C:\users\steamuser\Temp\dd_vcredist_amd64_20240921151301_001_vcRuntimeAdditional_x64.log'
[01B0:01B4][2024-09-21T15:13:02]i052: Condition 'VersionNT = v6.3 AND NOT VersionNT64' evaluates to false.
[01B0:01B4][2024-09-21T15:13:02]w321: Skipping dependency registration on package with no dependency providers: Windows81_x86
[01B0:01B4][2024-09-21T15:13:02]i052: Condition 'VersionNT = v6.3 AND VersionNT64' evaluates to false.
[01B0:01B4][2024-09-21T15:13:02]w321: Skipping dependency registration on package with no dependency providers: Windows81_x64
[01B0:01B4][2024-09-21T15:13:02]i052: Condition 'VersionNT = v6.2 AND NOT VersionNT64' evaluates to false.
[01B0:01B4][2024-09-21T15:13:02]w321: Skipping dependency registration on package with no dependency providers: Windows8_x86
[01B0:01B4][2024-09-21T15:13:02]i052: Condition 'VersionNT = v6.2 AND VersionNT64' evaluates to false.
[01B0:01B4][2024-09-21T15:13:02]w321: Skipping dependency registration on package with no dependency providers: Windows8_x64
[01B0:01B4][2024-09-21T15:13:02]i052: Condition 'VersionNT = v6.1 AND NOT VersionNT64' evaluates to false.
[01B0:01B4][2024-09-21T15:13:02]w321: Skipping dependency registration on package with no dependency providers: Windows7_MSU_x86
[01B0:01B4][2024-09-21T15:13:02]i052: Condition 'VersionNT = v6.1 AND VersionNT64' evaluates to false.
[01B0:01B4][2024-09-21T15:13:02]w321: Skipping dependency registration on package with no dependency providers: Windows7_MSU_x64
[01B0:01B4][2024-09-21T15:13:02]i052: Condition 'VersionNT = v6.0 AND NOT VersionNT64' evaluates to false.
[01B0:01B4][2024-09-21T15:13:02]w321: Skipping dependency registration on package with no dependency providers: WindowsVista_MSU_x86
[01B0:01B4][2024-09-21T15:13:02]i052: Condition 'VersionNT = v6.0 AND VersionNT64' evaluates to false.
[01B0:01B4][2024-09-21T15:13:02]w321: Skipping dependency registration on package with no dependency providers: WindowsVista_MSU_x64
[01B0:01B4][2024-09-21T15:13:02]i201: Planned package: vcRuntimeMinimum_x64, state: Absent, default requested: Present, ba requested: Present, execute: Install, rollback: Uninstall, cache: Yes, uncache: No, dependency: Register
[01B0:01B4][2024-09-21T15:13:02]i201: Planned package: vcRuntimeAdditional_x64, state: Absent, default requested: Present, ba requested: Present, execute: Install, rollback: Uninstall, cache: Yes, uncache: No, dependency: Register
[01B0:01B4][2024-09-21T15:13:02]i201: Planned package: Windows81_x86, state: Absent, default requested: Absent, ba requested: Absent, execute: None, rollback: None, cache: No, uncache: No, dependency: None
[01B0:01B4][2024-09-21T15:13:02]i201: Planned package: Windows81_x64, state: Absent, default requested: Absent, ba requested: Absent, execute: None, rollback: None, cache: No, uncache: No, dependency: None
[01B0:01B4][2024-09-21T15:13:02]i201: Planned package: Windows8_x86, state: Absent, default requested: Absent, ba requested: Absent, execute: None, rollback: None, cache: No, uncache: No, dependency: None
[01B0:01B4][2024-09-21T15:13:02]i201: Planned package: Windows8_x64, state: Absent, default requested: Absent, ba requested: Absent, execute: None, rollback: None, cache: No, uncache: No, dependency: None
[01B0:01B4][2024-09-21T15:13:02]i201: Planned package: Windows7_MSU_x86, state: Absent, default requested: Absent, ba requested: Absent, execute: None, rollback: None, cache: No, uncache: No, dependency: None
[01B0:01B4][2024-09-21T15:13:02]i201: Planned package: Windows7_MSU_x64, state: Absent, default requested: Absent, ba requested: Absent, execute: None, rollback: None, cache: No, uncache: No, dependency: None
[01B0:01B4][2024-09-21T15:13:02]i201: Planned package: WindowsVista_MSU_x86, state: Absent, default requested: Absent, ba requested: Absent, execute: None, rollback: None, cache: No, uncache: No, dependency: None
[01B0:01B4][2024-09-21T15:13:02]i201: Planned package: WindowsVista_MSU_x64, state: Absent, default requested: Absent, ba requested: Absent, execute: None, rollback: None, cache: No, uncache: No, dependency: None
[01B0:01B4][2024-09-21T15:13:02]i299: Plan complete, result: 0x0
[01B0:01B4][2024-09-21T15:13:02]i300: Apply begin
[01A4:01A8][2024-09-21T15:13:02]i360: Creating a system restore point.
[01A4:01A8][2024-09-21T15:13:02]i361: Created a system restore point.
[01A4:01A8][2024-09-21T15:13:02]i370: Session begin, registration key: SOFTWARE\Microsoft\Windows\CurrentVersion\Uninstall\{d992c12e-cab2-426f-bde3-fb8c53950b0d}, options: 0x7, disable resume: No
[01A4:01A8][2024-09-21T15:13:02]i000: Caching bundle from: 'C:\users\steamuser\Temp\{d992c12e-cab2-426f-bde3-fb8c53950b0d}\.be\VC_redist.x64.exe' to: 'C:\ProgramData\Package Cache\{d992c12e-cab2-426f-bde3-fb8c53950b0d}\VC_redist.x64.exe'
[01A4:01A8][2024-09-21T15:13:02]i320: Registering bundle dependency provider: {d992c12e-cab2-426f-bde3-fb8c53950b0d}, version: 14.0.24215.1
[01A4:01A8][2024-09-21T15:13:02]i371: Updating session, registration key: SOFTWARE\Microsoft\Windows\CurrentVersion\Uninstall\{d992c12e-cab2-426f-bde3-fb8c53950b0d}, resume: Active, restart initiated: No, disable resume: No
[01A4:01C4][2024-09-21T15:13:02]i304: Verified existing payload: vcRuntimeMinimum_x64 at path: C:\ProgramData\Package Cache\.unverified\vcRuntimeMinimum_x64.
[01A4:01C4][2024-09-21T15:13:02]i305: Verified acquired payload: vcRuntimeMinimum_x64 at path: C:\ProgramData\Package Cache\.unverified\vcRuntimeMinimum_x64, moving to: C:\ProgramData\Package Cache\{50A2BC33-C9CD-3BF1-A8FF-53C10A0B183C}v14.0.24215\packages\vcRuntimeMinimum_amd64\vc_runtimeMinimum_x64.msi.
[01A4:01C4][2024-09-21T15:13:02]i304: Verified existing payload: cab5046A8AB272BF37297BB7928664C9503 at path: C:\ProgramData\Package Cache\.unverified\cab5046A8AB272BF37297BB7928664C9503.
[01A4:01C4][2024-09-21T15:13:02]i305: Verified acquired payload: cab5046A8AB272BF37297BB7928664C9503 at path: C:\ProgramData\Package Cache\.unverified\cab5046A8AB272BF37297BB7928664C9503, moving to: C:\ProgramData\Package Cache\{50A2BC33-C9CD-3BF1-A8FF-53C10A0B183C}v14.0.24215\packages\vcRuntimeMinimum_amd64\cab1.cab.
[01A4:01C4][2024-09-21T15:13:02]i304: Verified existing payload: vcRuntimeAdditional_x64 at path: C:\ProgramData\Package Cache\.unverified\vcRuntimeAdditional_x64.
[01A4:01C4][2024-09-21T15:13:02]i305: Verified acquired payload: vcRuntimeAdditional_x64 at path: C:\ProgramData\Package Cache\.unverified\vcRuntimeAdditional_x64, moving to: C:\ProgramData\Package Cache\{EF1EC6A9-17DE-3DA9-B040-686A1E8A8B04}v14.0.24215\packages\vcRuntimeAdditional_amd64\vc_runtimeAdditional_x64.msi.
[01A4:01C4][2024-09-21T15:13:02]i304: Verified existing payload: cab2C04DDC374BD96EB5C8EB8208F2C7C92 at path: C:\ProgramData\Package Cache\.unverified\cab2C04DDC374BD96EB5C8EB8208F2C7C92.
[01A4:01C4][2024-09-21T15:13:02]i305: Verified acquired payload: cab2C04DDC374BD96EB5C8EB8208F2C7C92 at path: C:\ProgramData\Package Cache\.unverified\cab2C04DDC374BD96EB5C8EB8208F2C7C92, moving to: C:\ProgramData\Package Cache\{EF1EC6A9-17DE-3DA9-B040-686A1E8A8B04}v14.0.24215\packages\vcRuntimeAdditional_amd64\cab1.cab.
[01A4:01A8][2024-09-21T15:13:02]i301: Applying execute package: vcRuntimeMinimum_x64, action: Install, path: C:\ProgramData\Package Cache\{50A2BC33-C9CD-3BF1-A8FF-53C10A0B183C}v14.0.24215\packages\vcRuntimeMinimum_amd64\vc_runtimeMinimum_x64.msi, arguments: ' MSIFASTINSTALL="7" NOVSUI="1"'
[01B0:01B4][2024-09-21T15:13:03]i319: Applied execute package: vcRuntimeMinimum_x64, result: 0x0, restart: None
[01A4:01A8][2024-09-21T15:13:03]i325: Registering dependency: {d992c12e-cab2-426f-bde3-fb8c53950b0d} on package provider: Microsoft.VS.VC_RuntimeMinimumVSU_amd64,v14, package: vcRuntimeMinimum_x64
[01A4:01A8][2024-09-21T15:13:03]i301: Applying execute package: vcRuntimeAdditional_x64, action: Install, path: C:\ProgramData\Package Cache\{EF1EC6A9-17DE-3DA9-B040-686A1E8A8B04}v14.0.24215\packages\vcRuntimeAdditional_amd64\vc_runtimeAdditional_x64.msi, arguments: ' MSIFASTINSTALL="7" NOVSUI="1"'
[01B0:01B4][2024-09-21T15:13:03]i319: Applied execute package: vcRuntimeAdditional_x64, result: 0x0, restart: None
[01A4:01A8][2024-09-21T15:13:03]i325: Registering dependency: {d992c12e-cab2-426f-bde3-fb8c53950b0d} on package provider: Microsoft.VS.VC_RuntimeAdditionalVSU_amd64,v14, package: vcRuntimeAdditional_x64
[01A4:01A8][2024-09-21T15:13:03]i372: Session end, registration key: SOFTWARE\Microsoft\Windows\CurrentVersion\Uninstall\{d992c12e-cab2-426f-bde3-fb8c53950b0d}, resume: ARP, restart: None, disable resume: No
[01A4:01A8][2024-09-21T15:13:03]i371: Updating session, registration key: SOFTWARE\Microsoft\Windows\CurrentVersion\Uninstall\{d992c12e-cab2-426f-bde3-fb8c53950b0d}, resume: ARP, restart initiated: No, disable resume: No
[01B0:01B4][2024-09-21T15:13:03]i399: Apply complete, result: 0x0, restart: None, ba requested restart:  No
[01B0:01B4][2024-09-21T15:13:03]i500: Shutting down, exit code: 0x0
[01B0:01B4][2024-09-21T15:13:03]i410: Variable: SystemFolder = C:\windows\system32\
[01B0:01B4][2024-09-21T15:13:03]i410: Variable: VersionNT = 10.0.0.0
[01B0:01B4][2024-09-21T15:13:03]i410: Variable: VersionNT64 = 10.0.0.0
[01B0:01B4][2024-09-21T15:13:03]i410: Variable: windows_uCRT_DetectKey = 10.0.14393.2247
[01B0:01B4][2024-09-21T15:13:03]i410: Variable: windows_uCRT_DetectKeyExists = 1
[01B0:01B4][2024-09-21T15:13:03]i410: Variable: WixBundleAction = 5
[01B0:01B4][2024-09-21T15:13:03]i410: Variable: WixBundleCompressed = 1
[01B0:01B4][2024-09-21T15:13:03]i410: Variable: WixBundleElevated = 1
[01B0:01B4][2024-09-21T15:13:03]i410: Variable: WixBundleInstalled = 0
[01B0:01B4][2024-09-21T15:13:03]i410: Variable: WixBundleLog = C:\users\steamuser\Temp\dd_vcredist_amd64_20240921151301.log
[01B0:01B4][2024-09-21T15:13:03]i410: Variable: WixBundleLog_vcRuntimeAdditional_x64 = C:\users\steamuser\Temp\dd_vcredist_amd64_20240921151301_001_vcRuntimeAdditional_x64.log
[01B0:01B4][2024-09-21T15:13:03]i410: Variable: WixBundleLog_vcRuntimeMinimum_x64 = C:\users\steamuser\Temp\dd_vcredist_amd64_20240921151301_000_vcRuntimeMinimum_x64.log
[01B0:01B4][2024-09-21T15:13:03]i410: Variable: WixBundleManufacturer = Microsoft Corporation
[01B0:01B4][2024-09-21T15:13:03]i410: Variable: WixBundleName = Microsoft Visual C++ 2015 Redistributable (x64) - 14.0.24215
[01B0:01B4][2024-09-21T15:13:03]i410: Variable: WixBundleOriginalSource = Z:\home\deck\.local\share\Steam\steamapps\common\Steamworks Shared\_CommonRedist\vcredist\2015\vc_redist.x64.exe
[01B0:01B4][2024-09-21T15:13:03]i410: Variable: WixBundleOriginalSourceFolder = Z:\home\deck\.local\share\Steam\steamapps\common\Steamworks Shared\_CommonRedist\vcredist\2015\
[01B0:01B4][2024-09-21T15:13:03]i410: Variable: WixBundleProviderKey = {d992c12e-cab2-426f-bde3-fb8c53950b0d}
[01B0:01B4][2024-09-21T15:13:03]i410: Variable: WixBundleRollbackLog_vcRuntimeAdditional_x64 = C:\users\steamuser\Temp\dd_vcredist_amd64_20240921151301_001_vcRuntimeAdditional_x64_rollback.log
[01B0:01B4][2024-09-21T15:13:03]i410: Variable: WixBundleRollbackLog_vcRuntimeMinimum_x64 = C:\users\steamuser\Temp\dd_vcredist_amd64_20240921151301_000_vcRuntimeMinimum_x64_rollback.log
[01B0:01B4][2024-09-21T15:13:03]i410: Variable: WixBundleTag = 
[01B0:01B4][2024-09-21T15:13:03]i410: Variable: WixBundleVersion = 14.0.24215.1
[01B0:01B4][2024-09-21T15:13:03]i007: Exit code: 0x0, restarting: No
