1: 0 2: 1033 3: 1252 
=== Logging started: 9/21/2024  3:13:02 ===
Message type: 0, Argument: 1033
Message type: 1, Argument: Microsoft Visual C++ 2015 x64 Minimum Runtime - 14.0.24215
Action 3:13:02: INSTALL. 
Action start 3:13:02: INSTALL.
1: 0 2: 1033 3: 1252 
1: 0 2: 1033 3: 1252 
=== Logging started: 9/21/2024  3:13:02 ===
Message type: 0, Argument: 1033
Message type: 1, Argument: Microsoft Visual C++ 2015 x64 Minimum Runtime - 14.0.24215
Action 3:13:02: INSTALL. 
Action start 3:13:02: INSTALL.
1: Microsoft Visual C++ 2015 x64 Minimum Runtime - 14.0.24215 2: {50A2BC33-C9CD-3BF1-A8FF-53C10A0B183C} 
Action 3:13:02: FindRelatedProducts. Searching for related applications
Action start 3:13:02: FindRelatedProducts.
Action ended 3:13:02: FindRelatedProducts. Return value 1.
Action 3:13:02: LaunchConditions. Evaluating launch conditions
Action start 3:13:02: LaunchConditions.
Action ended 3:13:02: LaunchConditions. Return value 1.
Action 3:13:02: AppSearch. Searching for installed applications
Action start 3:13:02: AppSearch.
Property: REDISTFOUNDVERLANG, Signature: DetectRedistVerLangSignature
Property: REDISTFOUNDVER, Signature: DetectRedistVerSignature
Property: JSHFOUNDVER, Signature: DetectJSHVerSignature
Property: OCMFOUNDVER, Signature: DetectOCMRedistVerSignature
Property: OCMFOUNDVERLANG, Signature: DetectOCMRedistVerLangSignature
Action ended 3:13:02: AppSearch. Return value 1.
Action 3:13:02: ValidateProductID. 
Action start 3:13:02: ValidateProductID.
Action ended 3:13:02: ValidateProductID. Return value 1.
Action 3:13:02: CostInitialize. Computing space requirements
Action start 3:13:02: CostInitialize.
Action ended 3:13:02: CostInitialize. Return value 1.
Action 3:13:02: FileCost. Computing space requirements
Action start 3:13:02: FileCost.
Action ended 3:13:02: FileCost. Return value 1.
Action 3:13:02: CostFinalize. Computing space requirements
Action start 3:13:02: CostFinalize.
Action ended 3:13:02: CostFinalize. Return value 1.
Action 3:13:02: SetODBCFolders. Initializing ODBC directories
Action start 3:13:02: SetODBCFolders.
Action ended 3:13:02: SetODBCFolders. Return value 1.
Action 3:13:02: InstallValidate. Validating install
Action start 3:13:02: InstallValidate.
Action ended 3:13:02: InstallValidate. Return value 1.
Action 3:13:02: InstallInitialize. 
Action start 3:13:02: InstallInitialize.
Action ended 3:13:02: InstallInitialize. Return value 1.
Action 3:13:02: RemoveExistingProducts. Removing applications
Action start 3:13:02: RemoveExistingProducts.
Action ended 3:13:02: RemoveExistingProducts. Return value 1.
Action 3:13:02: AllocateRegistrySpace. Allocating registry space
Action start 3:13:02: AllocateRegistrySpace.
Free space: 0
Action ended 3:13:02: AllocateRegistrySpace. Return value 1.
Action 3:13:02: ProcessComponents. Updating component registration
Action start 3:13:02: ProcessComponents.
Action ended 3:13:02: ProcessComponents. Return value 1.
Action 3:13:02: UnpublishComponents. Unpublishing Qualified Components
Action start 3:13:02: UnpublishComponents.
Action ended 3:13:02: UnpublishComponents. Return value 1.
Action 3:13:02: MsiUnpublishAssemblies. Unpublishing assembly information
Action start 3:13:02: MsiUnpublishAssemblies.
Action ended 3:13:02: MsiUnpublishAssemblies. Return value 1.
Action 3:13:02: UnpublishFeatures. Unpublishing Product Features
Action start 3:13:02: UnpublishFeatures.
Action ended 3:13:02: UnpublishFeatures. Return value 1.
Action 3:13:02: StopServices. Stopping services
Action start 3:13:02: StopServices.
Action ended 3:13:02: StopServices. Return value 1.
Action 3:13:02: DeleteServices. Deleting services
Action start 3:13:02: DeleteServices.
Action ended 3:13:02: DeleteServices. Return value 1.
Action 3:13:02: UnregisterComPlus. Unregistering COM+ Applications and Components
Action start 3:13:02: UnregisterComPlus.
Action ended 3:13:02: UnregisterComPlus. Return value 1.
Action 3:13:02: SelfUnregModules. Unregistering modules
Action start 3:13:02: SelfUnregModules.
Action ended 3:13:02: SelfUnregModules. Return value 1.
Action 3:13:02: UnregisterTypeLibraries. Unregistering type libraries
Action start 3:13:02: UnregisterTypeLibraries.
Action ended 3:13:02: UnregisterTypeLibraries. Return value 1.
Action 3:13:02: RemoveODBC. Removing ODBC components
Action start 3:13:02: RemoveODBC.
Action ended 3:13:02: RemoveODBC. Return value 1.
Action 3:13:02: UnregisterFonts. Unregistering fonts
Action start 3:13:02: UnregisterFonts.
Action ended 3:13:02: UnregisterFonts. Return value 1.
Action 3:13:02: RemoveRegistryValues. Removing system registry values
Action start 3:13:02: RemoveRegistryValues.
Action ended 3:13:02: RemoveRegistryValues. Return value 1.
Action 3:13:02: UnregisterClassInfo. Unregister Class servers
Action start 3:13:02: UnregisterClassInfo.
Action ended 3:13:02: UnregisterClassInfo. Return value 1.
Action 3:13:02: UnregisterMIMEInfo. Unregistering MIME info
Action start 3:13:02: UnregisterMIMEInfo.
Action ended 3:13:02: UnregisterMIMEInfo. Return value 1.
Action 3:13:02: RemoveIniValues. Removing INI files entries
Action start 3:13:02: RemoveIniValues.
Action ended 3:13:02: RemoveIniValues. Return value 1.
Action 3:13:02: RemoveShortcuts. Removing shortcuts
Action start 3:13:02: RemoveShortcuts.
Action ended 3:13:02: RemoveShortcuts. Return value 1.
Action 3:13:02: RemoveEnvironmentStrings. Updating environment strings
Action start 3:13:02: RemoveEnvironmentStrings.
Action ended 3:13:02: RemoveEnvironmentStrings. Return value 1.
Action 3:13:02: RemoveDuplicateFiles. Removing duplicated files
Action start 3:13:02: RemoveDuplicateFiles.
Action ended 3:13:02: RemoveDuplicateFiles. Return value 1.
Action 3:13:02: RemoveFiles. Removing files
Action start 3:13:02: RemoveFiles.
Action ended 3:13:02: RemoveFiles. Return value 1.
Action 3:13:02: RemoveFolders. Removing folders
Action start 3:13:02: RemoveFolders.
Action ended 3:13:02: RemoveFolders. Return value 1.
Action 3:13:02: CreateFolders. Creating folders
Action start 3:13:02: CreateFolders.
Action ended 3:13:02: CreateFolders. Return value 1.
Action 3:13:02: MoveFiles. Moving files
Action start 3:13:02: MoveFiles.
Action ended 3:13:02: MoveFiles. Return value 1.
Action 3:13:02: InstallFiles. Copying new files
Action start 3:13:02: InstallFiles.
Action ended 3:13:02: InstallFiles. Return value 1.
Action 3:13:02: DuplicateFiles. Creating duplicate files
Action start 3:13:02: DuplicateFiles.
Action ended 3:13:02: DuplicateFiles. Return value 1.
Action 3:13:02: BindImage. Binding executables
Action start 3:13:02: BindImage.
Action ended 3:13:02: BindImage. Return value 1.
Action 3:13:02: RegisterClassInfo. Registering Class servers
Action start 3:13:02: RegisterClassInfo.
Action ended 3:13:02: RegisterClassInfo. Return value 1.
Action 3:13:02: RegisterMIMEInfo. Registering MIME info
Action start 3:13:02: RegisterMIMEInfo.
Action ended 3:13:02: RegisterMIMEInfo. Return value 1.
Action 3:13:02: RegisterTypeLibraries. Registering type libraries
Action start 3:13:02: RegisterTypeLibraries.
Action ended 3:13:02: RegisterTypeLibraries. Return value 1.
Action 3:13:02: WriteRegistryValues. Writing system registry values
Action start 3:13:02: WriteRegistryValues.
Action ended 3:13:02: WriteRegistryValues. Return value 1.
Action 3:13:02: WriteIniValues. Writing INI files values
Action start 3:13:02: WriteIniValues.
Action ended 3:13:02: WriteIniValues. Return value 1.
Action 3:13:02: WriteEnvironmentStrings. Updating environment strings
Action start 3:13:02: WriteEnvironmentStrings.
Action ended 3:13:02: WriteEnvironmentStrings. Return value 1.
Action 3:13:02: RegisterFonts. Registering fonts
Action start 3:13:02: RegisterFonts.
Action ended 3:13:02: RegisterFonts. Return value 1.
Action 3:13:02: InstallODBC. Installing ODBC components
Action start 3:13:02: InstallODBC.
Action ended 3:13:02: InstallODBC. Return value 1.
Action 3:13:02: SelfRegModules. Registering modules
Action start 3:13:02: SelfRegModules.
Action ended 3:13:02: SelfRegModules. Return value 1.
Action 3:13:02: RegisterComPlus. Registering COM+ Applications and Components
Action start 3:13:02: RegisterComPlus.
Action ended 3:13:02: RegisterComPlus. Return value 1.
Action 3:13:02: InstallServices. Installing new services
Action start 3:13:02: InstallServices.
Action ended 3:13:02: InstallServices. Return value 1.
Action 3:13:02: StartServices. Starting services
Action start 3:13:02: StartServices.
Action ended 3:13:02: StartServices. Return value 1.
Action 3:13:02: RegisterUser. Registering user
Action start 3:13:02: RegisterUser.
Action ended 3:13:02: RegisterUser. Return value 1.
Action 3:13:02: RegisterProduct. Registering product
Action start 3:13:02: RegisterProduct.
Action ended 3:13:02: RegisterProduct. Return value 1.
Action 3:13:02: PublishComponents. Publishing Qualified Components
Action start 3:13:02: PublishComponents.
Action ended 3:13:02: PublishComponents. Return value 1.
Action 3:13:02: MsiPublishAssemblies. Publishing assembly information
Action start 3:13:02: MsiPublishAssemblies.
Action ended 3:13:02: MsiPublishAssemblies. Return value 1.
Action 3:13:02: PublishFeatures. Publishing Product Features
Action start 3:13:02: PublishFeatures.
Action ended 3:13:02: PublishFeatures. Return value 1.
Action 3:13:02: PublishProduct. Publishing product information
Action start 3:13:02: PublishProduct.
Action ended 3:13:02: PublishProduct. Return value 1.
Action 3:13:02: CreateShortcuts. Creating shortcuts
Action start 3:13:02: CreateShortcuts.
Action ended 3:13:02: CreateShortcuts. Return value 1.
Action 3:13:02: InstallFinalize. 
Action start 3:13:02: InstallFinalize.
Action 3:13:02: ProcessComponents. Updating component registration
Action start 3:13:02: ProcessComponents.
1: {50A2BC33-C9CD-3BF1-A8FF-53C10A0B183C} 2: {4609DEE2-65F1-3235-8765-C98E56CD154E} 3: 02:\SOFTWARE\Microsoft\VisualStudio\14.0\VC\Runtimes\x64\Version 
1: {50A2BC33-C9CD-3BF1-A8FF-53C10A0B183C} 2: {E15966DB-54F3-35FA-9A2F-D76F9E8D7752} 3: 02:\SOFTWARE\Microsoft\VisualStudio\14.0\VC\Runtimes\x64\Version 
1: {50A2BC33-C9CD-3BF1-A8FF-53C10A0B183C} 2: {03C1EACE-7E47-3142-A7E7-F36508D02BD1} 3:  
1: {50A2BC33-C9CD-3BF1-A8FF-53C10A0B183C} 2: {B33258FD-750C-3B42-8BE4-535B48E97DB4} 3: C:\windows\system32\vcruntime140.dll 
1: {50A2BC33-C9CD-3BF1-A8FF-53C10A0B183C} 2: {22824972-0C4A-31B4-AEEF-9FC7596F1305} 3: C:\windows\system32\msvcp140.dll 
1: {50A2BC33-C9CD-3BF1-A8FF-53C10A0B183C} 2: {35B5C1D2-EB5B-3569-83EB-78E34F5C3254} 3: C:\windows\system32\concrt140.dll 
1: {50A2BC33-C9CD-3BF1-A8FF-53C10A0B183C} 2: {D227D7DF-D9F8-33AF-B935-4BF2F47F2EA4} 3: C:\windows\system32\vccorlib140.dll 
1: {50A2BC33-C9CD-3BF1-A8FF-53C10A0B183C} 2: {7050289E-BECF-32C7-89DC-08C4480E482B} 3: C:\windows\system32\vcamp140.dll 
1: {50A2BC33-C9CD-3BF1-A8FF-53C10A0B183C} 2: {F5E98D96-3C7F-37D7-821F-E4BB03D4384B} 3: C:\windows\system32\vcomp140.dll 
1: {50A2BC33-C9CD-3BF1-A8FF-53C10A0B183C} 2: {EA0D3A76-AE46-3F46-B94D-309D5097A125} 3: 02:\SOFTWARE\Microsoft\DevDiv\vc\Servicing\14.0\SP 
1: {50A2BC33-C9CD-3BF1-A8FF-53C10A0B183C} 2: {38F26AF8-73D2-34A5-9BB3-83CE1900A2AE} 3: 02:\SOFTWARE\Microsoft\DevDiv\vc\Servicing\14.0\RuntimeMinimum\Install 
1: {50A2BC33-C9CD-3BF1-A8FF-53C10A0B183C} 2: {04D1E303-8E0F-36D1-BC1F-E27EE209198A} 3: 02:\SOFTWARE\Microsoft\DevDiv\vc\Servicing\14.0\SP 
1: {50A2BC33-C9CD-3BF1-A8FF-53C10A0B183C} 2: {F53F2531-272C-39F4-9C5B-312B318B91E5} 3: 02:\SOFTWARE\Microsoft\DevDiv\vc\Servicing\14.0\RuntimeMinimum\Install 
1: {50A2BC33-C9CD-3BF1-A8FF-53C10A0B183C} 2: {31FF3687-EC05-3A6B-A8CE-ADD81BF1506E} 3: -1:\Software\Classes\Installer\Dependencies\Microsoft.VS.VC_RuntimeMinimumVSU_amd64,v14\Version 
Action ended 3:13:02: ProcessComponents. Return value 1.
Action 3:13:02: UnpublishComponents. Unpublishing Qualified Components
Action start 3:13:02: UnpublishComponents.
Action ended 3:13:02: UnpublishComponents. Return value 1.
Action 3:13:02: MsiUnpublishAssemblies. Unpublishing assembly information
Action start 3:13:02: MsiUnpublishAssemblies.
Action ended 3:13:02: MsiUnpublishAssemblies. Return value 1.
Action 3:13:02: UnpublishFeatures. Unpublishing Product Features
Action start 3:13:02: UnpublishFeatures.
Action ended 3:13:02: UnpublishFeatures. Return value 1.
Action 3:13:02: StopServices. Stopping services
Action start 3:13:02: StopServices.
Action ended 3:13:02: StopServices. Return value 1.
Action 3:13:02: DeleteServices. Deleting services
Action start 3:13:02: DeleteServices.
Action ended 3:13:02: DeleteServices. Return value 1.
Action 3:13:02: SelfUnregModules. Unregistering modules
Action start 3:13:02: SelfUnregModules.
Action ended 3:13:02: SelfUnregModules. Return value 1.
Action 3:13:02: UnregisterTypeLibraries. Unregistering type libraries
Action start 3:13:02: UnregisterTypeLibraries.
Action ended 3:13:02: UnregisterTypeLibraries. Return value 1.
Action 3:13:02: RemoveODBC. Removing ODBC components
Action start 3:13:02: RemoveODBC.
Action ended 3:13:02: RemoveODBC. Return value 1.
Action 3:13:02: UnregisterFonts. Unregistering fonts
Action start 3:13:02: UnregisterFonts.
Action ended 3:13:02: UnregisterFonts. Return value 1.
Action 3:13:02: RemoveRegistryValues. Removing system registry values
Action start 3:13:02: RemoveRegistryValues.
Action ended 3:13:02: RemoveRegistryValues. Return value 1.
Action 3:13:02: UnregisterClassInfo. Unregister Class servers
Action start 3:13:02: UnregisterClassInfo.
Action ended 3:13:02: UnregisterClassInfo. Return value 1.
Action 3:13:02: UnregisterMIMEInfo. Unregistering MIME info
Action start 3:13:02: UnregisterMIMEInfo.
Action ended 3:13:02: UnregisterMIMEInfo. Return value 1.
Action 3:13:02: RemoveIniValues. Removing INI files entries
Action start 3:13:02: RemoveIniValues.
Action ended 3:13:02: RemoveIniValues. Return value 1.
Action 3:13:02: RemoveShortcuts. Removing shortcuts
Action start 3:13:02: RemoveShortcuts.
Action ended 3:13:02: RemoveShortcuts. Return value 1.
Action 3:13:02: RemoveEnvironmentStrings. Updating environment strings
Action start 3:13:02: RemoveEnvironmentStrings.
Action ended 3:13:02: RemoveEnvironmentStrings. Return value 1.
Action 3:13:02: RemoveDuplicateFiles. Removing duplicated files
Action start 3:13:02: RemoveDuplicateFiles.
Action ended 3:13:02: RemoveDuplicateFiles. Return value 1.
Action 3:13:02: RemoveFiles. Removing files
Action start 3:13:02: RemoveFiles.
File: api-ms-win-core-console-l1-1-0.dll, Directory: System64Folder_amd64_VC
File: api-ms-win-core-datetime-l1-1-0.dll, Directory: System64Folder_amd64_VC
File: api-ms-win-core-debug-l1-1-0.dll, Directory: System64Folder_amd64_VC
File: api-ms-win-core-errorhandling-l1-1-0.dll, Directory: System64Folder_amd64_VC
File: api-ms-win-core-file-l1-1-0.dll, Directory: System64Folder_amd64_VC
File: api-ms-win-core-file-l1-2-0.dll, Directory: System64Folder_amd64_VC
File: api-ms-win-core-file-l2-1-0.dll, Directory: System64Folder_amd64_VC
File: api-ms-win-core-handle-l1-1-0.dll, Directory: System64Folder_amd64_VC
File: api-ms-win-core-heap-l1-1-0.dll, Directory: System64Folder_amd64_VC
File: api-ms-win-core-interlocked-l1-1-0.dll, Directory: System64Folder_amd64_VC
File: api-ms-win-core-libraryloader-l1-1-0.dll, Directory: System64Folder_amd64_VC
File: api-ms-win-core-localization-l1-2-0.dll, Directory: System64Folder_amd64_VC
File: api-ms-win-core-memory-l1-1-0.dll, Directory: System64Folder_amd64_VC
File: api-ms-win-core-namedpipe-l1-1-0.dll, Directory: System64Folder_amd64_VC
File: api-ms-win-core-processenvironment-l1-1-0.dll, Directory: System64Folder_amd64_VC
File: api-ms-win-core-processthreads-l1-1-0.dll, Directory: System64Folder_amd64_VC
File: api-ms-win-core-processthreads-l1-1-1.dll, Directory: System64Folder_amd64_VC
File: api-ms-win-core-profile-l1-1-0.dll, Directory: System64Folder_amd64_VC
File: api-ms-win-core-rtlsupport-l1-1-0.dll, Directory: System64Folder_amd64_VC
File: api-ms-win-core-string-l1-1-0.dll, Directory: System64Folder_amd64_VC
File: api-ms-win-core-synch-l1-1-0.dll, Directory: System64Folder_amd64_VC
File: api-ms-win-core-synch-l1-2-0.dll, Directory: System64Folder_amd64_VC
File: api-ms-win-core-sysinfo-l1-1-0.dll, Directory: System64Folder_amd64_VC
File: api-ms-win-core-timezone-l1-1-0.dll, Directory: System64Folder_amd64_VC
File: api-ms-win-core-util-l1-1-0.dll, Directory: System64Folder_amd64_VC
File: api-ms-win-crt-conio-l1-1-0.dll, Directory: System64Folder_amd64_VC
File: api-ms-win-crt-convert-l1-1-0.dll, Directory: System64Folder_amd64_VC
File: api-ms-win-crt-environment-l1-1-0.dll, Directory: System64Folder_amd64_VC
File: api-ms-win-crt-filesystem-l1-1-0.dll, Directory: System64Folder_amd64_VC
File: api-ms-win-crt-heap-l1-1-0.dll, Directory: System64Folder_amd64_VC
File: api-ms-win-crt-locale-l1-1-0.dll, Directory: System64Folder_amd64_VC
File: api-ms-win-crt-math-l1-1-0.dll, Directory: System64Folder_amd64_VC
File: api-ms-win-crt-multibyte-l1-1-0.dll, Directory: System64Folder_amd64_VC
File: api-ms-win-crt-private-l1-1-0.dll, Directory: System64Folder_amd64_VC
File: api-ms-win-crt-process-l1-1-0.dll, Directory: System64Folder_amd64_VC
File: api-ms-win-crt-runtime-l1-1-0.dll, Directory: System64Folder_amd64_VC
File: api-ms-win-crt-stdio-l1-1-0.dll, Directory: System64Folder_amd64_VC
File: api-ms-win-crt-string-l1-1-0.dll, Directory: System64Folder_amd64_VC
File: api-ms-win-crt-time-l1-1-0.dll, Directory: System64Folder_amd64_VC
File: api-ms-win-crt-utility-l1-1-0.dll, Directory: System64Folder_amd64_VC
File: concrt140.dll, Directory: System64Folder_amd64_VC
File: msvcp140.dll, Directory: System64Folder_amd64_VC
File: ucrtbase.dll, Directory: System64Folder_amd64_VC
File: vcamp140.dll, Directory: System64Folder_amd64_VC
File: vccorlib140.dll, Directory: System64Folder_amd64_VC
File: vcomp140.dll, Directory: System64Folder_amd64_VC
File: vcruntime140.dll, Directory: System64Folder_amd64_VC
Action ended 3:13:02: RemoveFiles. Return value 1.
Action 3:13:02: RemoveFolders. Removing folders
Action start 3:13:02: RemoveFolders.
Action ended 3:13:02: RemoveFolders. Return value 1.
Action 3:13:02: CreateFolders. Creating folders
Action start 3:13:02: CreateFolders.
Action ended 3:13:02: CreateFolders. Return value 1.
Action 3:13:02: MoveFiles. Moving files
Action start 3:13:02: MoveFiles.
Action ended 3:13:02: MoveFiles. Return value 1.
Action 3:13:02: InstallFiles. Copying new files
Action start 3:13:02: InstallFiles.
File: api-ms-win-core-console-l1-1-0.dll,  Directory: System64Folder_amd64_VC,  Size: 19864
File: api-ms-win-core-datetime-l1-1-0.dll,  Directory: System64Folder_amd64_VC,  Size: 19352
File: api-ms-win-core-debug-l1-1-0.dll,  Directory: System64Folder_amd64_VC,  Size: 19352
File: api-ms-win-core-errorhandling-l1-1-0.dll,  Directory: System64Folder_amd64_VC,  Size: 19376
File: api-ms-win-core-file-l1-1-0.dll,  Directory: System64Folder_amd64_VC,  Size: 22928
File: api-ms-win-core-file-l1-2-0.dll,  Directory: System64Folder_amd64_VC,  Size: 19344
File: api-ms-win-core-file-l2-1-0.dll,  Directory: System64Folder_amd64_VC,  Size: 19336
File: api-ms-win-core-handle-l1-1-0.dll,  Directory: System64Folder_amd64_VC,  Size: 19352
File: api-ms-win-core-heap-l1-1-0.dll,  Directory: System64Folder_amd64_VC,  Size: 19856
File: api-ms-win-core-interlocked-l1-1-0.dll,  Directory: System64Folder_amd64_VC,  Size: 19368
File: api-ms-win-core-libraryloader-l1-1-0.dll,  Directory: System64Folder_amd64_VC,  Size: 19888
File: api-ms-win-core-localization-l1-2-0.dll,  Directory: System64Folder_amd64_VC,  Size: 21936
File: api-ms-win-core-memory-l1-1-0.dll,  Directory: System64Folder_amd64_VC,  Size: 19856
File: api-ms-win-core-namedpipe-l1-1-0.dll,  Directory: System64Folder_amd64_VC,  Size: 19360
File: api-ms-win-core-processenvironment-l1-1-0.dll,  Directory: System64Folder_amd64_VC,  Size: 20424
File: api-ms-win-core-processthreads-l1-1-0.dll,  Directory: System64Folder_amd64_VC,  Size: 21432
File: api-ms-win-core-processthreads-l1-1-1.dll,  Directory: System64Folder_amd64_VC,  Size: 19896
File: api-ms-win-core-profile-l1-1-0.dll,  Directory: System64Folder_amd64_VC,  Size: 18840
File: api-ms-win-core-rtlsupport-l1-1-0.dll,  Directory: System64Folder_amd64_VC,  Size: 19880
File: api-ms-win-core-string-l1-1-0.dll,  Directory: System64Folder_amd64_VC,  Size: 19352
File: api-ms-win-core-synch-l1-1-0.dll,  Directory: System64Folder_amd64_VC,  Size: 21392
File: api-ms-win-core-synch-l1-2-0.dll,  Directory: System64Folder_amd64_VC,  Size: 19856
File: api-ms-win-core-sysinfo-l1-1-0.dll,  Directory: System64Folder_amd64_VC,  Size: 20376
File: api-ms-win-core-timezone-l1-1-0.dll,  Directory: System64Folder_amd64_VC,  Size: 19360
File: api-ms-win-core-util-l1-1-0.dll,  Directory: System64Folder_amd64_VC,  Size: 19336
File: api-ms-win-crt-conio-l1-1-0.dll,  Directory: System64Folder_amd64_VC,  Size: 20368
File: api-ms-win-crt-convert-l1-1-0.dll,  Directory: System64Folder_amd64_VC,  Size: 23448
File: api-ms-win-crt-environment-l1-1-0.dll,  Directory: System64Folder_amd64_VC,  Size: 19872
File: api-ms-win-crt-filesystem-l1-1-0.dll,  Directory: System64Folder_amd64_VC,  Size: 21408
File: api-ms-win-crt-heap-l1-1-0.dll,  Directory: System64Folder_amd64_VC,  Size: 20360
File: api-ms-win-crt-locale-l1-1-0.dll,  Directory: System64Folder_amd64_VC,  Size: 19856
File: api-ms-win-crt-math-l1-1-0.dll,  Directory: System64Folder_amd64_VC,  Size: 28552
File: api-ms-win-crt-multibyte-l1-1-0.dll,  Directory: System64Folder_amd64_VC,  Size: 27552
File: api-ms-win-crt-private-l1-1-0.dll,  Directory: System64Folder_amd64_VC,  Size: 71576
File: api-ms-win-crt-process-l1-1-0.dll,  Directory: System64Folder_amd64_VC,  Size: 20376
File: api-ms-win-crt-runtime-l1-1-0.dll,  Directory: System64Folder_amd64_VC,  Size: 23960
File: api-ms-win-crt-stdio-l1-1-0.dll,  Directory: System64Folder_amd64_VC,  Size: 25480
File: api-ms-win-crt-string-l1-1-0.dll,  Directory: System64Folder_amd64_VC,  Size: 25496
File: api-ms-win-crt-time-l1-1-0.dll,  Directory: System64Folder_amd64_VC,  Size: 21896
File: api-ms-win-crt-utility-l1-1-0.dll,  Directory: System64Folder_amd64_VC,  Size: 19864
File: concrt140.dll,  Directory: System64Folder_amd64_VC,  Size: 333632
File: msvcp140.dll,  Directory: System64Folder_amd64_VC,  Size: 633144
File: ucrtbase.dll,  Directory: System64Folder_amd64_VC,  Size: 993592
File: vcamp140.dll,  Directory: System64Folder_amd64_VC,  Size: 545080
File: vccorlib140.dll,  Directory: System64Folder_amd64_VC,  Size: 395592
File: vcomp140.dll,  Directory: System64Folder_amd64_VC,  Size: 185144
File: vcruntime140.dll,  Directory: System64Folder_amd64_VC,  Size: 87880
Action ended 3:13:02: InstallFiles. Return value 1.
Action 3:13:02: DuplicateFiles. Creating duplicate files
Action start 3:13:02: DuplicateFiles.
Action ended 3:13:02: DuplicateFiles. Return value 1.
Action 3:13:02: RegisterClassInfo. Registering Class servers
Action start 3:13:02: RegisterClassInfo.
Action ended 3:13:02: RegisterClassInfo. Return value 1.
Action 3:13:02: RegisterMIMEInfo. Registering MIME info
Action start 3:13:02: RegisterMIMEInfo.
Action ended 3:13:02: RegisterMIMEInfo. Return value 1.
Action 3:13:02: RegisterTypeLibraries. Registering type libraries
Action start 3:13:02: RegisterTypeLibraries.
Action ended 3:13:02: RegisterTypeLibraries. Return value 1.
Action 3:13:02: WriteRegistryValues. Writing system registry values
Action start 3:13:02: WriteRegistryValues.
Key: HKEY_LOCAL_MACHINE\SOFTWARE\Microsoft\VisualStudio\14.0\VC\Runtimes\x64, Name: Version, Value: v14.0.24215.01
Key: HKEY_LOCAL_MACHINE\SOFTWARE\Microsoft\VisualStudio\14.0\VC\Runtimes\x64, Name: Version, Value: v14.0.24215.01
Key: HKEY_LOCAL_MACHINE\SOFTWARE\Microsoft\DevDiv\vc\Servicing\14.0, Name: SP, Value: 
Key: HKEY_LOCAL_MACHINE\SOFTWARE\Microsoft\DevDiv\vc\Servicing\14.0\RuntimeMinimum, Name: Install, Value: 
Key: HKEY_LOCAL_MACHINE\SOFTWARE\Microsoft\DevDiv\vc\Servicing\14.0, Name: SP, Value: 
Key: HKEY_LOCAL_MACHINE\SOFTWARE\Microsoft\DevDiv\vc\Servicing\14.0\RuntimeMinimum, Name: Install, Value: 
Key: HKEY_LOCAL_MACHINE\Software\Classes\Installer\Dependencies\Microsoft.VS.VC_RuntimeMinimumVSU_amd64,v14, Name: Version, Value: 14.0.24215
Key: HKEY_LOCAL_MACHINE\SOFTWARE\Microsoft\VisualStudio\14.0\VC\Runtimes\x64, Name: Installed, Value: 
Key: HKEY_LOCAL_MACHINE\SOFTWARE\Microsoft\VisualStudio\14.0\VC\Runtimes\x64, Name: Major, Value: 
Key: HKEY_LOCAL_MACHINE\SOFTWARE\Microsoft\VisualStudio\14.0\VC\Runtimes\x64, Name: Minor, Value: 
Key: HKEY_LOCAL_MACHINE\SOFTWARE\Microsoft\VisualStudio\14.0\VC\Runtimes\x64, Name: Bld, Value: 
Key: HKEY_LOCAL_MACHINE\SOFTWARE\Microsoft\VisualStudio\14.0\VC\Runtimes\x64, Name: Rbld, Value: 
Key: HKEY_LOCAL_MACHINE\SOFTWARE\Microsoft\VisualStudio\14.0\VC\Runtimes\x64, Name: Installed, Value: 
Key: HKEY_LOCAL_MACHINE\SOFTWARE\Microsoft\VisualStudio\14.0\VC\Runtimes\x64, Name: Major, Value: 
Key: HKEY_LOCAL_MACHINE\SOFTWARE\Microsoft\VisualStudio\14.0\VC\Runtimes\x64, Name: Minor, Value: 
Key: HKEY_LOCAL_MACHINE\SOFTWARE\Microsoft\VisualStudio\14.0\VC\Runtimes\x64, Name: Bld, Value: 
Key: HKEY_LOCAL_MACHINE\SOFTWARE\Microsoft\VisualStudio\14.0\VC\Runtimes\x64, Name: Rbld, Value: 
Key: HKEY_LOCAL_MACHINE\SOFTWARE\Microsoft\DevDiv\vc\Servicing\14.0, Name: SPIndex, Value: 
Key: HKEY_LOCAL_MACHINE\SOFTWARE\Microsoft\DevDiv\vc\Servicing\14.0\RuntimeMinimum, Name: InstallerType, Value: MSI
Key: HKEY_LOCAL_MACHINE\SOFTWARE\Microsoft\DevDiv\vc\Servicing\14.0\RuntimeMinimum, Name: SP, Value: 
Key: HKEY_LOCAL_MACHINE\SOFTWARE\Microsoft\DevDiv\vc\Servicing\14.0\RuntimeMinimum, Name: SPIndex, Value: 
Key: HKEY_LOCAL_MACHINE\SOFTWARE\Microsoft\DevDiv\vc\Servicing\14.0\RuntimeMinimum, Name: SPName, Value: RTM
Key: HKEY_LOCAL_MACHINE\SOFTWARE\Microsoft\DevDiv\vc\Servicing\14.0\RuntimeMinimum, Name: Version, Value: 14.0.24215
Key: HKEY_LOCAL_MACHINE\SOFTWARE\Microsoft\DevDiv\vc\Servicing\14.0\RuntimeMinimum, Name: UpdateVersion, Value: 14.0.24215
Key: HKEY_LOCAL_MACHINE\SOFTWARE\Microsoft\DevDiv\vc\Servicing\14.0, Name: SPIndex, Value: 
Key: HKEY_LOCAL_MACHINE\SOFTWARE\Microsoft\DevDiv\vc\Servicing\14.0\RuntimeMinimum, Name: InstallerType, Value: MSI
Key: HKEY_LOCAL_MACHINE\SOFTWARE\Microsoft\DevDiv\vc\Servicing\14.0\RuntimeMinimum, Name: SP, Value: 
Key: HKEY_LOCAL_MACHINE\SOFTWARE\Microsoft\DevDiv\vc\Servicing\14.0\RuntimeMinimum, Name: SPIndex, Value: 
Key: HKEY_LOCAL_MACHINE\SOFTWARE\Microsoft\DevDiv\vc\Servicing\14.0\RuntimeMinimum, Name: SPName, Value: RTM
Key: HKEY_LOCAL_MACHINE\SOFTWARE\Microsoft\DevDiv\vc\Servicing\14.0\RuntimeMinimum, Name: Version, Value: 14.0.24215
Key: HKEY_LOCAL_MACHINE\SOFTWARE\Microsoft\DevDiv\vc\Servicing\14.0\RuntimeMinimum, Name: UpdateVersion, Value: 14.0.24215
Key: HKEY_LOCAL_MACHINE\Software\Classes\Installer\Dependencies\Microsoft.VS.VC_RuntimeMinimumVSU_amd64,v14, Name: , Value: {50A2BC33-C9CD-3BF1-A8FF-53C10A0B183C}
Key: HKEY_LOCAL_MACHINE\Software\Classes\Installer\Dependencies\Microsoft.VS.VC_RuntimeMinimumVSU_amd64,v14, Name: DisplayName, Value: Microsoft Visual C++ 2015 x64 Minimum Runtime - 14.0.24215
Action ended 3:13:03: WriteRegistryValues. Return value 1.
Action 3:13:03: WriteIniValues. Writing INI files values
Action start 3:13:03: WriteIniValues.
Action ended 3:13:03: WriteIniValues. Return value 1.
Action 3:13:03: WriteEnvironmentStrings. Updating environment strings
Action start 3:13:03: WriteEnvironmentStrings.
Action ended 3:13:03: WriteEnvironmentStrings. Return value 1.
Action 3:13:03: RegisterFonts. Registering fonts
Action start 3:13:03: RegisterFonts.
Action ended 3:13:03: RegisterFonts. Return value 1.
Action 3:13:03: InstallODBC. Installing ODBC components
Action start 3:13:03: InstallODBC.
Action ended 3:13:03: InstallODBC. Return value 1.
Action 3:13:03: SelfRegModules. Registering modules
Action start 3:13:03: SelfRegModules.
Action ended 3:13:03: SelfRegModules. Return value 1.
Action 3:13:03: InstallServices. Installing new services
Action start 3:13:03: InstallServices.
Action ended 3:13:03: InstallServices. Return value 1.
Action 3:13:03: StartServices. Starting services
Action start 3:13:03: StartServices.
Action ended 3:13:03: StartServices. Return value 1.
Action 3:13:03: RegisterUser. Registering user
Action start 3:13:03: RegisterUser.
1:  
Action ended 3:13:03: RegisterUser. Return value 1.
Action 3:13:03: RegisterProduct. Registering product
Action start 3:13:03: RegisterProduct.
1: {50A2BC33-C9CD-3BF1-A8FF-53C10A0B183C} 
Action ended 3:13:03: RegisterProduct. Return value 1.
Action 3:13:03: PublishComponents. Publishing Qualified Components
Action start 3:13:03: PublishComponents.
Action ended 3:13:03: PublishComponents. Return value 1.
Action 3:13:03: MsiPublishAssemblies. Publishing assembly information
Action start 3:13:03: MsiPublishAssemblies.
Action ended 3:13:03: MsiPublishAssemblies. Return value 1.
Action 3:13:03: PublishFeatures. Publishing Product Features
Action start 3:13:03: PublishFeatures.
Feature: VC_Runtime_Minimum
Feature: Provider
Feature: Servicing_Key
Action ended 3:13:03: PublishFeatures. Return value 1.
Action 3:13:03: PublishProduct. Publishing product information
Action start 3:13:03: PublishProduct.
1: {50A2BC33-C9CD-3BF1-A8FF-53C10A0B183C} 
Action ended 3:13:03: PublishProduct. Return value 1.
Action 3:13:03: CreateShortcuts. Creating shortcuts
Action start 3:13:03: CreateShortcuts.
Action ended 3:13:03: CreateShortcuts. Return value 1.
Action ended 3:13:03: InstallFinalize. Return value 1.
Action ended 3:13:03: INSTALL. Return value 1.
1: Microsoft Visual C++ 2015 x64 Minimum Runtime - 14.0.24215 2: {50A2BC33-C9CD-3BF1-A8FF-53C10A0B183C} 3: 1 
Property(S): DiskPrompt = 
Property(S): UpgradeCode = {36F68A90-239C-34DF-B58C-64B30153CE35}
Property(S): REDISTFOUNDVERLANG = #1
Property(S): REDISTFOUNDVER = #1
Property(S): TARGETDIR = C:\
Property(S): System64Folder_amd64_VC = C:\windows\system32\
Property(S): SourceDir = C:\ProgramData\Package Cache\{50A2BC33-C9CD-3BF1-A8FF-53C10A0B183C}v14.0.24215\packages\vcRuntimeMinimum_amd64\
Property(S): System64Folder = C:\windows\system32\
Property(S): VersionNT = 603
Property(S): ALLUSERS = 1
Property(S): ARPHELPLINK = http://go.microsoft.com/fwlink/?LinkId=133405
Property(S): ARPNOMODIFY = 1
Property(S): ARPURLUpdateInfo = http://go.microsoft.com/fwlink/?LinkId=133408
Property(S): ARPCOMMENTS = Caution. Removing this product might prevent some applications from running.
Property(S): comspec_cmd = %comspec%
Property(S): DDPatch = 0
Property(S): FeatureID = 1
Property(S): FILESINUSETEXT = The following applications should be closed before continuing the install:
Property(S): FXAssemblyVersion = 4.0.0.0
Property(S): FXAssemblyVersion35 = 3.5.0.0
Property(S): INSTALLLEVEL = 2
Property(S): LIMITUI = 1
Property(S): NullGUID = {00000000-0000-0000-0000-000000000000}
Property(S): PIDRegEntryName = ProductID
Property(S): PIDUserNameRegKey = SOFTWARE\Microsoft\VisualStudio\7.0\Registration
Property(S): PIDUserNameRegRoot = HKEY_LOCAL_MACHINE
Property(S): PrimaryDir = VS7.3643236F_FC70_11D3_A536_0090278A1BB8
Property(S): REBOOT = ReallySuppress
Property(S): REPAIR_REINSTALLMODE = pecmsu
Property(S): ReserveAdditionalCostVS7UI = 8388608
Property(S): RunCount = 49
Property(S): UpdateProp1 = 0
Property(S): UpdateProp2 = 0
Property(S): UpdateProp3 = 0
Property(S): UpdateProp4 = 0
Property(S): UpdateProp5 = 0
Property(S): UserNameRegEntryName = UserName
Property(S): ARPSYSTEMCOMPONENT = 1
Property(S): BuildType = ret
Property(S): URTVersion = v4.0.30319
Property(S): LocProductName = Microsoft Visual C++ 2015 x64 Runtime
Property(S): ProductCPU = amd64
Property(S): ProductEdition = Runtime
Property(S): ProductFamily = VC
Property(S): ProductImage = net
Property(S): RTM_ProductVersion = 14.0.24215
Property(S): ProductVersionHigh = 720896
Property(S): ProductVersionLow = 1999110144
Property(S): MsiLogging = voicewarmup
Property(S): Manufacturer = Microsoft Corporation
Property(S): ProductCode = {50A2BC33-C9CD-3BF1-A8FF-53C10A0B183C}
Property(S): ProductLanguage = 1033
Property(S): ProductName = Microsoft Visual C++ 2015 x64 Minimum Runtime - 14.0.24215
Property(S): ProductVersion = 14.0.24215
Property(S): DirectoryTable100_amd64 = DirectoryTable
Property(S): SecureCustomProperties = IE501FOUND.3643236F_FC70_11D3_A536_0090278A1BB8;IGNOREDEPENDENCIES;INSTALLBLOCKFOUND.3643236F_FC70_11D3_A536_0090278A1BB8;JSHFOUNDVER;NEWERVCRUNTIMEVERSIONDETECTED;OCMFOUNDVER;OCMFOUNDVERLANG;REDISTFOUNDVER;REDISTFOUNDVERLANG;UNINSTALLBLOCKFOUND.3643236F_FC70_11D3_A536_0090278A1BB8;UPGRADEVCRUNTIME
Property(S): WixPdbPath = f:\ddSetup\SD\5\wix\outs\amd64ret\enu\cooked\vc_RuntimeMinimum_net.wixpdb
Property(S): AdminUser = 1
Property(S): Privileged = 1
Property(S): MsiRunningElevated = 1
Property(S): CommonAppDataFolder = C:\ProgramData\
Property(S): FavoritesFolder = C:\users\steamuser\Favorites\
Property(S): FontsFolder = C:\windows\Fonts\
Property(S): SendToFolder = C:\users\steamuser\AppData\Roaming\Microsoft\Windows\SendTo\
Property(S): StartMenuFolder = C:\users\steamuser\AppData\Roaming\Microsoft\Windows\Start Menu\
Property(S): StartupFolder = C:\users\steamuser\AppData\Roaming\Microsoft\Windows\Start Menu\Programs\StartUp\
Property(S): TemplateFolder = C:\users\steamuser\AppData\Roaming\Microsoft\Windows\Templates\
Property(S): DesktopFolder = C:\users\steamuser\Desktop\
Property(S): ProgramMenuFolder = C:\users\steamuser\AppData\Roaming\Microsoft\Windows\Start Menu\Programs\
Property(S): AdminToolsFolder = C:\users\steamuser\AppData\Roaming\Microsoft\Windows\Start Menu\Programs\Administrative Tools\
Property(S): AppDataFolder = C:\users\steamuser\AppData\Roaming\
Property(S): SystemFolder = C:\windows\syswow64\
Property(S): System16Folder = C:\windows\system32\
Property(S): LocalAppDataFolder = C:\users\steamuser\AppData\Local\
Property(S): MyPicturesFolder = C:\users\steamuser\Pictures\
Property(S): PersonalFolder = C:\users\steamuser\Documents\
Property(S): WindowsFolder = C:\windows\
Property(S): PrintHoodFolder = C:\users\steamuser\AppData\Roaming\Microsoft\Windows\Printer Shortcuts\
Property(S): NetHoodFolder = C:\users\steamuser\AppData\Roaming\Microsoft\Windows\Network Shortcuts\
Property(S): RecentFolder = C:\users\steamuser\AppData\Roaming\Microsoft\Windows\Recent\
Property(S): PhysicalMemory = 15838
Property(S): WindowsVolume = C:\
Property(S): TempFolder = C:\users\steamuser\Temp\
Property(S): MsiNTProductType = 1
Property(S): WindowsBuild = 9600
Property(S): ServicePackLevel = 0
Property(S): VersionMsi = 4.5
Property(S): VersionDatabase = 400
Property(S): Intel = 23
Property(S): MsiAMD64 = 23
Property(S): Msix64 = 23
Property(S): VersionNT64 = 603
Property(S): ProgramFiles64Folder = C:\Program Files\
Property(S): ProgramFilesFolder = C:\Program Files (x86)\
Property(S): CommonFiles64Folder = C:\Program Files\Common Files\
Property(S): CommonFilesFolder = C:\Program Files (x86)\Common Files\
Property(S): ScreenX = 1280
Property(S): ScreenY = 720
Property(S): ColorBits = 32
Property(S): UserSID = S-1-5-21-0-0-0-1000
Property(S): MsiNetAssemblySupport = 2.0.50727.4016
Property(S): UserLanguageID = 1033
Property(S): SystemLanguageID = 1033
Property(S): ProductState = -1
Property(S): LogonUser = steamuser
Property(S): ComputerName = STEAMDECK
Property(S): UILevel = 2
Property(S): PackageCode = {9424290F-5253-43B3-82AC-20E043295A91}
Property(S): DATABASE = C:\windows\Installer\3e29.msi
Property(S): OriginalDatabase = C:\ProgramData\Package Cache\{50A2BC33-C9CD-3BF1-A8FF-53C10A0B183C}v14.0.24215\packages\vcRuntimeMinimum_amd64\vc_runtimeMinimum_x64.msi
Property(S): SOURCEDIR = C:\ProgramData\Package Cache\{50A2BC33-C9CD-3BF1-A8FF-53C10A0B183C}v14.0.24215\packages\vcRuntimeMinimum_amd64\
Property(S): MSIFASTINSTALL = 7
Property(S): NOVSUI = 1
Property(S): ACTION = INSTALL
Property(S): EXECUTEACTION = INSTALL
Property(S): CostingComplete = 1
Property(S): ROOTDRIVE = C:\
Property(S): OutOfDiskSpace = 0
Property(S): OutOfNoRbDiskSpace = 0
1: 2 2: 0 
1: 2 2: 1 
Action ended 3:13:03: INSTALL. Return value 1.
