[01D4:01D8][2024-09-02T19:51:10]i001: Burn v3.10.4.4718, Windows v10.0 (Build 19043: Service Pack 0), path: C:\windows\temp\{EAD80B3D-D9D1-461C-AECA-7B8986589DEB}\.cr\VC_redist.x64.exe
[01D4:01D8][2024-09-02T19:51:10]i009: Command Line: '"-burn.clean.room=Z:\home\deck\.local\share\Steam\steamapps\common\Steamworks Shared\_CommonRedist\vcredist\2022\VC_redist.x64.exe" -burn.filehandle.attached=144 -burn.filehandle.self=148 /q /norestart'
[01D4:01D8][2024-09-02T19:51:10]i000: Setting string variable 'WixBundleOriginalSource' to value 'Z:\home\deck\.local\share\Steam\steamapps\common\Steamworks Shared\_CommonRedist\vcredist\2022\VC_redist.x64.exe'
[01D4:01D8][2024-09-02T19:51:10]i000: Setting string variable 'WixBundleOriginalSourceFolder' to value 'Z:\home\deck\.local\share\Steam\steamapps\common\Steamworks Shared\_CommonRedist\vcredist\2022\'
[01D4:01D8][2024-09-02T19:51:10]i000: Setting string variable 'WixBundleLog' to value 'C:\users\steamuser\Temp\dd_vcredist_amd64_20240902195110.log'
[01D4:01D8][2024-09-02T19:51:10]i000: Setting string variable 'WixBundleName' to value 'Microsoft Visual C++ 2015-2022 Redistributable (x64) - 14.40.33810'
[01D4:01D8][2024-09-02T19:51:10]i000: Setting string variable 'WixBundleManufacturer' to value 'Microsoft Corporation'
[01D4:01EC][2024-09-02T19:51:10]i000: Setting version variable 'WixBundleFileVersion' to value '14.40.33810.0'
[01D4:01D8][2024-09-02T19:51:10]i100: Detect begin, 11 packages
[01D4:01D8][2024-09-02T19:51:10]i000: Setting string variable 'Arm64_Check' to value 'AMD64'
[01D4:01D8][2024-09-02T19:51:10]i000: Setting version variable 'windows_uCRT_DetectKey' to value '10.0.14393.2247'
[01D4:01D8][2024-09-02T19:51:10]i000: Setting numeric variable 'windows_uCRT_DetectKeyExists' to value 1
[01D4:01D8][2024-09-02T19:51:10]i052: Condition '(VersionNT = v6.3 AND NOT VersionNT64) AND (windows_uCRT_DetectKeyExists AND windows_uCRT_DetectKey >= v10.0.10240.0)' evaluates to false.
[01D4:01D8][2024-09-02T19:51:10]i052: Condition '(VersionNT = v6.3 AND VersionNT64) AND (windows_uCRT_DetectKeyExists AND windows_uCRT_DetectKey >= v10.0.10240.0)' evaluates to false.
[01D4:01D8][2024-09-02T19:51:10]i052: Condition '(VersionNT = v6.2 AND NOT VersionNT64) AND (windows_uCRT_DetectKeyExists AND windows_uCRT_DetectKey >= v10.0.10240.0)' evaluates to false.
[01D4:01D8][2024-09-02T19:51:10]i052: Condition '(VersionNT = v6.2 AND VersionNT64) AND (windows_uCRT_DetectKeyExists AND windows_uCRT_DetectKey >= v10.0.10240.0)' evaluates to false.
[01D4:01D8][2024-09-02T19:51:10]i052: Condition '(VersionNT = v6.1 AND NOT VersionNT64) AND (windows_uCRT_DetectKeyExists AND windows_uCRT_DetectKey >= v10.0.10240.0)' evaluates to false.
[01D4:01D8][2024-09-02T19:51:10]i052: Condition '(VersionNT = v6.1 AND VersionNT64) AND (windows_uCRT_DetectKeyExists AND windows_uCRT_DetectKey >= v10.0.10240.0)' evaluates to false.
[01D4:01D8][2024-09-02T19:51:10]i052: Condition '(VersionNT = v6.0 AND NOT VersionNT64) AND (windows_uCRT_DetectKeyExists AND windows_uCRT_DetectKey >= v10.0.10240.0)' evaluates to false.
[01D4:01D8][2024-09-02T19:51:10]i052: Condition '(VersionNT = v6.0 AND VersionNT64) AND (windows_uCRT_DetectKeyExists AND windows_uCRT_DetectKey >= v10.0.10240.0)' evaluates to false.
[01D4:01D8][2024-09-02T19:51:10]i101: Detected package: Windows81_x86, state: Absent, cached: None
[01D4:01D8][2024-09-02T19:51:10]i101: Detected package: Windows81_x64, state: Absent, cached: None
[01D4:01D8][2024-09-02T19:51:10]i101: Detected package: Windows8_x86, state: Absent, cached: None
[01D4:01D8][2024-09-02T19:51:10]i101: Detected package: Windows8_x64, state: Absent, cached: None
[01D4:01D8][2024-09-02T19:51:10]i101: Detected package: Windows7_MSU_x86, state: Absent, cached: None
[01D4:01D8][2024-09-02T19:51:10]i101: Detected package: Windows7_MSU_x64, state: Absent, cached: None
[01D4:01D8][2024-09-02T19:51:10]i101: Detected package: WindowsVista_MSU_x86, state: Absent, cached: None
[01D4:01D8][2024-09-02T19:51:10]i101: Detected package: WindowsVista_MSU_x64, state: Absent, cached: None
[01D4:01D8][2024-09-02T19:51:10]i101: Detected package: vcRuntimeMinimum_x64, state: Absent, cached: None
[01D4:01D8][2024-09-02T19:51:10]i101: Detected package: vcRuntimeAdditional_x64, state: Absent, cached: None
[01D4:01D8][2024-09-02T19:51:10]i101: Detected package: vcRuntime_arm64, state: Absent, cached: None
[01D4:01D8][2024-09-02T19:51:10]i052: Condition 'VersionNT >= v6.1' evaluates to true.
[01D4:01D8][2024-09-02T19:51:10]i199: Detect complete, result: 0x0
[01D4:01D8][2024-09-02T19:51:10]i200: Plan begin, 11 packages, action: Install
[01D4:01D8][2024-09-02T19:51:10]i052: Condition 'VersionNT = v6.3 AND NOT VersionNT64' evaluates to false.
[01D4:01D8][2024-09-02T19:51:10]w321: Skipping dependency registration on package with no dependency providers: Windows81_x86
[01D4:01D8][2024-09-02T19:51:10]i052: Condition 'VersionNT = v6.3 AND VersionNT64' evaluates to false.
[01D4:01D8][2024-09-02T19:51:10]w321: Skipping dependency registration on package with no dependency providers: Windows81_x64
[01D4:01D8][2024-09-02T19:51:10]i052: Condition 'VersionNT = v6.2 AND NOT VersionNT64' evaluates to false.
[01D4:01D8][2024-09-02T19:51:10]w321: Skipping dependency registration on package with no dependency providers: Windows8_x86
[01D4:01D8][2024-09-02T19:51:10]i052: Condition 'VersionNT = v6.2 AND VersionNT64' evaluates to false.
[01D4:01D8][2024-09-02T19:51:10]w321: Skipping dependency registration on package with no dependency providers: Windows8_x64
[01D4:01D8][2024-09-02T19:51:10]i052: Condition 'VersionNT = v6.1 AND NOT VersionNT64' evaluates to false.
[01D4:01D8][2024-09-02T19:51:10]w321: Skipping dependency registration on package with no dependency providers: Windows7_MSU_x86
[01D4:01D8][2024-09-02T19:51:10]i052: Condition 'VersionNT = v6.1 AND VersionNT64' evaluates to false.
[01D4:01D8][2024-09-02T19:51:10]w321: Skipping dependency registration on package with no dependency providers: Windows7_MSU_x64
[01D4:01D8][2024-09-02T19:51:10]i052: Condition 'VersionNT = v6.0 AND NOT VersionNT64' evaluates to false.
[01D4:01D8][2024-09-02T19:51:10]w321: Skipping dependency registration on package with no dependency providers: WindowsVista_MSU_x86
[01D4:01D8][2024-09-02T19:51:10]i052: Condition 'VersionNT = v6.0 AND VersionNT64' evaluates to false.
[01D4:01D8][2024-09-02T19:51:10]w321: Skipping dependency registration on package with no dependency providers: WindowsVista_MSU_x64
[01D4:01D8][2024-09-02T19:51:10]i052: Condition '(VersionNT64) AND NOT (Arm64_Check = "ARM64")' evaluates to true.
[01D4:01D8][2024-09-02T19:51:10]i000: Setting string variable 'WixBundleRollbackLog_vcRuntimeMinimum_x64' to value 'C:\users\steamuser\Temp\dd_vcredist_amd64_20240902195110_000_vcRuntimeMinimum_x64_rollback.log'
[01D4:01D8][2024-09-02T19:51:10]i000: Setting string variable 'WixBundleLog_vcRuntimeMinimum_x64' to value 'C:\users\steamuser\Temp\dd_vcredist_amd64_20240902195110_000_vcRuntimeMinimum_x64.log'
[01D4:01D8][2024-09-02T19:51:10]i052: Condition '(VersionNT64) AND NOT (Arm64_Check = "ARM64")' evaluates to true.
[01D4:01D8][2024-09-02T19:51:10]i000: Setting string variable 'WixBundleRollbackLog_vcRuntimeAdditional_x64' to value 'C:\users\steamuser\Temp\dd_vcredist_amd64_20240902195110_001_vcRuntimeAdditional_x64_rollback.log'
[01D4:01D8][2024-09-02T19:51:10]i000: Setting string variable 'WixBundleLog_vcRuntimeAdditional_x64' to value 'C:\users\steamuser\Temp\dd_vcredist_amd64_20240902195110_001_vcRuntimeAdditional_x64.log'
[01D4:01D8][2024-09-02T19:51:10]i052: Condition 'Arm64_Check = "ARM64"' evaluates to false.
[01D4:01D8][2024-09-02T19:51:10]i201: Planned package: Windows81_x86, state: Absent, default requested: Absent, ba requested: Absent, execute: None, rollback: None, cache: No, uncache: No, dependency: None
[01D4:01D8][2024-09-02T19:51:10]i201: Planned package: Windows81_x64, state: Absent, default requested: Absent, ba requested: Absent, execute: None, rollback: None, cache: No, uncache: No, dependency: None
[01D4:01D8][2024-09-02T19:51:10]i201: Planned package: Windows8_x86, state: Absent, default requested: Absent, ba requested: Absent, execute: None, rollback: None, cache: No, uncache: No, dependency: None
[01D4:01D8][2024-09-02T19:51:10]i201: Planned package: Windows8_x64, state: Absent, default requested: Absent, ba requested: Absent, execute: None, rollback: None, cache: No, uncache: No, dependency: None
[01D4:01D8][2024-09-02T19:51:10]i201: Planned package: Windows7_MSU_x86, state: Absent, default requested: Absent, ba requested: Absent, execute: None, rollback: None, cache: No, uncache: No, dependency: None
[01D4:01D8][2024-09-02T19:51:10]i201: Planned package: Windows7_MSU_x64, state: Absent, default requested: Absent, ba requested: Absent, execute: None, rollback: None, cache: No, uncache: No, dependency: None
[01D4:01D8][2024-09-02T19:51:10]i201: Planned package: WindowsVista_MSU_x86, state: Absent, default requested: Absent, ba requested: Absent, execute: None, rollback: None, cache: No, uncache: No, dependency: None
[01D4:01D8][2024-09-02T19:51:10]i201: Planned package: WindowsVista_MSU_x64, state: Absent, default requested: Absent, ba requested: Absent, execute: None, rollback: None, cache: No, uncache: No, dependency: None
[01D4:01D8][2024-09-02T19:51:10]i201: Planned package: vcRuntimeMinimum_x64, state: Absent, default requested: Present, ba requested: Present, execute: Install, rollback: Uninstall, cache: Yes, uncache: No, dependency: Register
[01D4:01D8][2024-09-02T19:51:10]i201: Planned package: vcRuntimeAdditional_x64, state: Absent, default requested: Present, ba requested: Present, execute: Install, rollback: Uninstall, cache: Yes, uncache: No, dependency: Register
[01D4:01D8][2024-09-02T19:51:10]i201: Planned package: vcRuntime_arm64, state: Absent, default requested: Absent, ba requested: Absent, execute: None, rollback: None, cache: No, uncache: No, dependency: None
[01D4:01D8][2024-09-02T19:51:10]i299: Plan complete, result: 0x0
[01D4:01D8][2024-09-02T19:51:10]i300: Apply begin
[01D4:01D8][2024-09-02T19:51:10]i010: Launching elevated engine process.
[01D4:01D8][2024-09-02T19:51:10]i011: Launched elevated engine process.
[01D4:01D8][2024-09-02T19:51:10]i012: Connected to elevated engine.
[01F4:01F8][2024-09-02T19:51:10]i358: Pausing automatic updates.
[01F4:01F8][2024-09-02T19:51:10]i359: Paused automatic updates.
[01F4:01F8][2024-09-02T19:51:10]i360: Creating a system restore point.
[01F4:01F8][2024-09-02T19:51:10]i361: Created a system restore point.
[01F4:01F8][2024-09-02T19:51:10]i370: Session begin, registration key: SOFTWARE\Microsoft\Windows\CurrentVersion\Uninstall\{5af95fd8-a22e-458f-acee-c61bd787178e}, options: 0x7, disable resume: No
[01F4:01F8][2024-09-02T19:51:10]i000: Caching bundle from: 'C:\windows\Temp\{2B287CFC-EC35-42AC-A136-0FA0D05D6EC2}\.be\VC_redist.x64.exe' to: 'C:\ProgramData\Package Cache\{5af95fd8-a22e-458f-acee-c61bd787178e}\VC_redist.x64.exe'
[01F4:01F8][2024-09-02T19:51:10]i320: Registering bundle dependency provider: VC,redist.x64,amd64,14.40,bundle, version: 14.40.33810.0
[01F4:01F8][2024-09-02T19:51:10]i371: Updating session, registration key: SOFTWARE\Microsoft\Windows\CurrentVersion\Uninstall\{5af95fd8-a22e-458f-acee-c61bd787178e}, resume: Active, restart initiated: No, disable resume: No
[01F4:020C][2024-09-02T19:51:10]i305: Verified acquired payload: vcRuntimeMinimum_x64 at path: C:\ProgramData\Package Cache\.unverified\vcRuntimeMinimum_x64, moving to: C:\ProgramData\Package Cache\{B8B3BB4A-A10D-4F51-91B7-A64FFAC31EA7}v14.40.33810\packages\vcRuntimeMinimum_amd64\vc_runtimeMinimum_x64.msi.
[01F4:020C][2024-09-02T19:51:10]i305: Verified acquired payload: cab5046A8AB272BF37297BB7928664C9503 at path: C:\ProgramData\Package Cache\.unverified\cab5046A8AB272BF37297BB7928664C9503, moving to: C:\ProgramData\Package Cache\{B8B3BB4A-A10D-4F51-91B7-A64FFAC31EA7}v14.40.33810\packages\vcRuntimeMinimum_amd64\cab1.cab.
[01F4:020C][2024-09-02T19:51:10]i305: Verified acquired payload: vcRuntimeAdditional_x64 at path: C:\ProgramData\Package Cache\.unverified\vcRuntimeAdditional_x64, moving to: C:\ProgramData\Package Cache\{59CED48F-EBFE-480C-8A38-FC079C2BEC0F}v14.40.33810\packages\vcRuntimeAdditional_amd64\vc_runtimeAdditional_x64.msi.
[01F4:020C][2024-09-02T19:51:10]i305: Verified acquired payload: cab2C04DDC374BD96EB5C8EB8208F2C7C92 at path: C:\ProgramData\Package Cache\.unverified\cab2C04DDC374BD96EB5C8EB8208F2C7C92, moving to: C:\ProgramData\Package Cache\{59CED48F-EBFE-480C-8A38-FC079C2BEC0F}v14.40.33810\packages\vcRuntimeAdditional_amd64\cab1.cab.
[01F4:01F8][2024-09-02T19:51:10]i301: Applying execute package: vcRuntimeMinimum_x64, action: Install, path: C:\ProgramData\Package Cache\{B8B3BB4A-A10D-4F51-91B7-A64FFAC31EA7}v14.40.33810\packages\vcRuntimeMinimum_amd64\vc_runtimeMinimum_x64.msi, arguments: ' MSIFASTINSTALL="7" NOVSUI="1"'
[01D4:01D8][2024-09-02T19:51:10]i319: Applied execute package: vcRuntimeMinimum_x64, result: 0x0, restart: None
[01F4:01F8][2024-09-02T19:51:10]i325: Registering dependency: {5af95fd8-a22e-458f-acee-c61bd787178e} on package provider: Microsoft.VS.VC_RuntimeMinimumVSU_amd64,v14, package: vcRuntimeMinimum_x64
[01F4:01F8][2024-09-02T19:51:10]i301: Applying execute package: vcRuntimeAdditional_x64, action: Install, path: C:\ProgramData\Package Cache\{59CED48F-EBFE-480C-8A38-FC079C2BEC0F}v14.40.33810\packages\vcRuntimeAdditional_amd64\vc_runtimeAdditional_x64.msi, arguments: ' MSIFASTINSTALL="7" NOVSUI="1"'
[01D4:01D8][2024-09-02T19:51:11]i319: Applied execute package: vcRuntimeAdditional_x64, result: 0x0, restart: None
[01F4:01F8][2024-09-02T19:51:11]i325: Registering dependency: {5af95fd8-a22e-458f-acee-c61bd787178e} on package provider: Microsoft.VS.VC_RuntimeAdditionalVSU_amd64,v14, package: vcRuntimeAdditional_x64
[01F4:01F8][2024-09-02T19:51:11]i372: Session end, registration key: SOFTWARE\Microsoft\Windows\CurrentVersion\Uninstall\{5af95fd8-a22e-458f-acee-c61bd787178e}, resume: ARP, restart: None, disable resume: No
[01F4:01F8][2024-09-02T19:51:11]i371: Updating session, registration key: SOFTWARE\Microsoft\Windows\CurrentVersion\Uninstall\{5af95fd8-a22e-458f-acee-c61bd787178e}, resume: ARP, restart initiated: No, disable resume: No
[01D4:01D8][2024-09-02T19:51:11]i399: Apply complete, result: 0x0, restart: None, ba requested restart:  No
[01D4:01D8][2024-09-02T19:51:11]i500: Shutting down, exit code: 0x0
[01D4:01D8][2024-09-02T19:51:11]i410: Variable: Arm64_Check = AMD64
[01D4:01D8][2024-09-02T19:51:11]i410: Variable: SystemFolder = C:\windows\system32\
[01D4:01D8][2024-09-02T19:51:11]i410: Variable: VersionNT = 10.0.0.0
[01D4:01D8][2024-09-02T19:51:11]i410: Variable: VersionNT64 = 10.0.0.0
[01D4:01D8][2024-09-02T19:51:11]i410: Variable: windows_uCRT_DetectKey = 10.0.14393.2247
[01D4:01D8][2024-09-02T19:51:11]i410: Variable: windows_uCRT_DetectKeyExists = 1
[01D4:01D8][2024-09-02T19:51:11]i410: Variable: WixBundleAction = 5
[01D4:01D8][2024-09-02T19:51:11]i410: Variable: WixBundleElevated = 1
[01D4:01D8][2024-09-02T19:51:11]i410: Variable: WixBundleFileVersion = 14.40.33810.0
[01D4:01D8][2024-09-02T19:51:11]i410: Variable: WixBundleInstalled = 0
[01D4:01D8][2024-09-02T19:51:11]i410: Variable: WixBundleLog = C:\users\steamuser\Temp\dd_vcredist_amd64_20240902195110.log
[01D4:01D8][2024-09-02T19:51:11]i410: Variable: WixBundleLog_vcRuntimeAdditional_x64 = C:\users\steamuser\Temp\dd_vcredist_amd64_20240902195110_001_vcRuntimeAdditional_x64.log
[01D4:01D8][2024-09-02T19:51:11]i410: Variable: WixBundleLog_vcRuntimeMinimum_x64 = C:\users\steamuser\Temp\dd_vcredist_amd64_20240902195110_000_vcRuntimeMinimum_x64.log
[01D4:01D8][2024-09-02T19:51:11]i410: Variable: WixBundleManufacturer = Microsoft Corporation
[01D4:01D8][2024-09-02T19:51:11]i410: Variable: WixBundleName = Microsoft Visual C++ 2015-2022 Redistributable (x64) - 14.40.33810
[01D4:01D8][2024-09-02T19:51:11]i410: Variable: WixBundleOriginalSource = Z:\home\deck\.local\share\Steam\steamapps\common\Steamworks Shared\_CommonRedist\vcredist\2022\VC_redist.x64.exe
[01D4:01D8][2024-09-02T19:51:11]i410: Variable: WixBundleOriginalSourceFolder = Z:\home\deck\.local\share\Steam\steamapps\common\Steamworks Shared\_CommonRedist\vcredist\2022\
[01D4:01D8][2024-09-02T19:51:11]i410: Variable: WixBundleProviderKey = VC,redist.x64,amd64,14.40,bundle
[01D4:01D8][2024-09-02T19:51:11]i410: Variable: WixBundleRollbackLog_vcRuntimeAdditional_x64 = C:\users\steamuser\Temp\dd_vcredist_amd64_20240902195110_001_vcRuntimeAdditional_x64_rollback.log
[01D4:01D8][2024-09-02T19:51:11]i410: Variable: WixBundleRollbackLog_vcRuntimeMinimum_x64 = C:\users\steamuser\Temp\dd_vcredist_amd64_20240902195110_000_vcRuntimeMinimum_x64_rollback.log
[01D4:01D8][2024-09-02T19:51:11]i410: Variable: WixBundleSourceProcessFolder = Z:\home\deck\.local\share\Steam\steamapps\common\Steamworks Shared\_CommonRedist\vcredist\2022\
[01D4:01D8][2024-09-02T19:51:11]i410: Variable: WixBundleSourceProcessPath = Z:\home\deck\.local\share\Steam\steamapps\common\Steamworks Shared\_CommonRedist\vcredist\2022\VC_redist.x64.exe
[01D4:01D8][2024-09-02T19:51:11]i410: Variable: WixBundleTag = 
[01D4:01D8][2024-09-02T19:51:11]i410: Variable: WixBundleVersion = 14.40.33810.0
[01D4:01D8][2024-09-02T19:51:11]i007: Exit code: 0x0, restarting: No
