1: 0 2: 1033 3: 1252 
=== Logging started: 9/2/2024  8:14:42 ===
Message type: 0, Argument: 1033, 1252
Message type: 1, Argument: Microsoft Visual C++ 2022 X86 Minimum Runtime - 14.40.33810
Action 8:14:42: INSTALL. 
Action start 8:14:42: INSTALL.
1: 0 2: 1033 3: 1252 
1: 0 2: 1033 3: 1252 
=== Logging started: 9/2/2024  8:14:42 ===
Message type: 0, Argument: 1033, 1252
Message type: 1, Argument: Microsoft Visual C++ 2022 X86 Minimum Runtime - 14.40.33810
Action 8:14:42: INSTALL. 
Action start 8:14:42: INSTALL.
1: Microsoft Visual C++ 2022 X86 Minimum Runtime - 14.40.33810 2: {0C3457A0-3DCE-4A33-BEF0-9B528C557771} 
Action 8:14:42: FindRelatedProducts. Searching for related applications
Action start 8:14:42: FindRelatedProducts.
Action ended 8:14:42: FindRelatedProducts. Return value 1.
Action 8:14:42: LaunchConditions. Evaluating launch conditions
Action start 8:14:42: LaunchConditions.
Action ended 8:14:42: LaunchConditions. Return value 1.
Action 8:14:42: ValidateProductID. 
Action start 8:14:42: ValidateProductID.
Action ended 8:14:42: ValidateProductID. Return value 1.
Action 8:14:42: CostInitialize. Computing space requirements
Action start 8:14:42: CostInitialize.
Action ended 8:14:42: CostInitialize. Return value 1.
Action 8:14:42: FileCost. Computing space requirements
Action start 8:14:42: FileCost.
Action ended 8:14:42: FileCost. Return value 1.
Action 8:14:42: CostFinalize. Computing space requirements
Action start 8:14:42: CostFinalize.
Action ended 8:14:43: CostFinalize. Return value 1.
Action 8:14:43: InstallValidate. Validating install
Action start 8:14:43: InstallValidate.
Action ended 8:14:43: InstallValidate. Return value 1.
Action 8:14:43: InstallInitialize. 
Action start 8:14:43: InstallInitialize.
Action ended 8:14:43: InstallInitialize. Return value 1.
Action 8:14:43: RemoveExistingProducts. Removing applications
Action start 8:14:43: RemoveExistingProducts.
Action ended 8:14:43: RemoveExistingProducts. Return value 1.
Action 8:14:43: ProcessComponents. Updating component registration
Action start 8:14:43: ProcessComponents.
Action ended 8:14:43: ProcessComponents. Return value 1.
Action 8:14:43: UnpublishFeatures. Unpublishing Product Features
Action start 8:14:43: UnpublishFeatures.
Action ended 8:14:43: UnpublishFeatures. Return value 1.
Action 8:14:43: RemoveRegistryValues. Removing system registry values
Action start 8:14:43: RemoveRegistryValues.
Action ended 8:14:43: RemoveRegistryValues. Return value 1.
Action 8:14:43: RemoveFiles. Removing files
Action start 8:14:43: RemoveFiles.
Action ended 8:14:43: RemoveFiles. Return value 1.
Action 8:14:43: InstallFiles. Copying new files
Action start 8:14:43: InstallFiles.
Action ended 8:14:43: InstallFiles. Return value 1.
Action 8:14:43: WriteRegistryValues. Writing system registry values
Action start 8:14:43: WriteRegistryValues.
Action ended 8:14:43: WriteRegistryValues. Return value 1.
Action 8:14:43: RegisterUser. Registering user
Action start 8:14:43: RegisterUser.
Action ended 8:14:43: RegisterUser. Return value 1.
Action 8:14:43: RegisterProduct. Registering product
Action start 8:14:43: RegisterProduct.
Action ended 8:14:43: RegisterProduct. Return value 1.
Action 8:14:43: PublishFeatures. Publishing Product Features
Action start 8:14:43: PublishFeatures.
Action ended 8:14:43: PublishFeatures. Return value 1.
Action 8:14:43: PublishProduct. Publishing product information
Action start 8:14:43: PublishProduct.
Action ended 8:14:43: PublishProduct. Return value 1.
Action 8:14:43: InstallFinalize. 
Action start 8:14:43: InstallFinalize.
Action 8:14:43: ProcessComponents. Updating component registration
Action start 8:14:43: ProcessComponents.
1: {0C3457A0-3DCE-4A33-BEF0-9B528C557771} 2: {E3819B64-3C56-3DD7-921D-00B011AD31DE} 3: 02:\SOFTWARE\Microsoft\VisualStudio\14.0\VC\Runtimes\X86\Version 
1: {0C3457A0-3DCE-4A33-BEF0-9B528C557771} 2: {E8E39D3B-4F35-36D8-B892-4B28336FE041} 3: C:\windows\syswow64\vcruntime140.dll 
1: {0C3457A0-3DCE-4A33-BEF0-9B528C557771} 2: {F4F89385-AC80-4040-ADA6-06D37B69832E} 3: C:\windows\syswow64\vcruntime140_threads.dll 
1: {0C3457A0-3DCE-4A33-BEF0-9B528C557771} 2: {A2AA960C-FD3C-3A6D-BD6F-14933011AFB3} 3: C:\windows\syswow64\msvcp140.dll 
1: {0C3457A0-3DCE-4A33-BEF0-9B528C557771} 2: {A2E7203F-60C2-3D7E-8A46-DB3D381A2CE6} 3: C:\windows\syswow64\msvcp140_1.dll 
1: {0C3457A0-3DCE-4A33-BEF0-9B528C557771} 2: {BC0399EF-5E9D-3C7C-BFF5-5E9A95C96DAF} 3: C:\windows\syswow64\msvcp140_2.dll 
1: {0C3457A0-3DCE-4A33-BEF0-9B528C557771} 2: {763CEC2D-A166-4806-9E55-7D0676C9B2C2} 3: C:\windows\syswow64\msvcp140_atomic_wait.dll 
1: {0C3457A0-3DCE-4A33-BEF0-9B528C557771} 2: {A09E2159-AF75-436E-AA4D-25B6B0A11D60} 3: C:\windows\syswow64\msvcp140_codecvt_ids.dll 
1: {0C3457A0-3DCE-4A33-BEF0-9B528C557771} 2: {9FC931F8-9ED1-3263-A0F1-8ADE330D0ECE} 3: C:\windows\syswow64\concrt140.dll 
1: {0C3457A0-3DCE-4A33-BEF0-9B528C557771} 2: {0200CF79-B9A1-3BE4-955A-29FA9D4B1A5C} 3: C:\windows\syswow64\vccorlib140.dll 
1: {0C3457A0-3DCE-4A33-BEF0-9B528C557771} 2: {240E5802-BDC9-3681-9267-7CA35F29EEBF} 3: C:\windows\syswow64\vcamp140.dll 
1: {0C3457A0-3DCE-4A33-BEF0-9B528C557771} 2: {64DE6BFD-3D7C-36DF-9427-2DE6858F45CE} 3: C:\windows\syswow64\vcomp140.dll 
1: {0C3457A0-3DCE-4A33-BEF0-9B528C557771} 2: {C96DC6F1-894A-33E0-A8C1-3E9E7394FA28} 3: 02:\SOFTWARE\Microsoft\DevDiv\VC\Servicing\14.0\SP 
1: {0C3457A0-3DCE-4A33-BEF0-9B528C557771} 2: {7ACE84BA-4FF6-351B-AE91-E198DDB852EE} 3: 02:\SOFTWARE\Microsoft\DevDiv\VC\Servicing\14.0\RuntimeMinimum\Install 
1: {0C3457A0-3DCE-4A33-BEF0-9B528C557771} 2: {7F616D2F-B149-3802-BE4C-0F971B293B6C} 3: -1:\Software\Classes\Installer\Dependencies\Microsoft.VS.VC_RuntimeMinimumVSU_x86,v14\Version 
Action ended 8:14:43: ProcessComponents. Return value 1.
Action 8:14:43: UnpublishFeatures. Unpublishing Product Features
Action start 8:14:43: UnpublishFeatures.
Action ended 8:14:43: UnpublishFeatures. Return value 1.
Action 8:14:43: RemoveRegistryValues. Removing system registry values
Action start 8:14:43: RemoveRegistryValues.
Action ended 8:14:43: RemoveRegistryValues. Return value 1.
Action 8:14:43: RemoveFiles. Removing files
Action start 8:14:43: RemoveFiles.
File: concrt140.dll, Directory: SystemFolder
File: msvcp140.dll, Directory: SystemFolder
File: msvcp140_1.dll, Directory: SystemFolder
File: msvcp140_2.dll, Directory: SystemFolder
File: msvcp140_atomic_wait.dll, Directory: SystemFolder
File: msvcp140_codecvt_ids.dll, Directory: SystemFolder
File: vcamp140.dll, Directory: SystemFolder
File: vccorlib140.dll, Directory: SystemFolder
File: vcomp140.dll, Directory: SystemFolder
File: vcruntime140.dll, Directory: SystemFolder
File: vcruntime140_threads.dll, Directory: SystemFolder
Action ended 8:14:43: RemoveFiles. Return value 1.
Action 8:14:43: InstallFiles. Copying new files
Action start 8:14:43: InstallFiles.
File: concrt140.dll,  Directory: SystemFolder,  Size: 258128
File: msvcp140.dll,  Directory: SystemFolder,  Size: 449616
File: msvcp140_1.dll,  Directory: SystemFolder,  Size: 33872
File: msvcp140_2.dll,  Directory: SystemFolder,  Size: 250992
File: msvcp140_atomic_wait.dll,  Directory: SystemFolder,  Size: 47184
File: msvcp140_codecvt_ids.dll,  Directory: SystemFolder,  Size: 30832
File: vcamp140.dll,  Directory: SystemFolder,  Size: 363088
File: vccorlib140.dll,  Directory: SystemFolder,  Size: 286312
File: vcomp140.dll,  Directory: SystemFolder,  Size: 162928
File: vcruntime140.dll,  Directory: SystemFolder,  Size: 91112
File: vcruntime140_threads.dll,  Directory: SystemFolder,  Size: 35952
Action ended 8:14:43: InstallFiles. Return value 1.
Action 8:14:43: WriteRegistryValues. Writing system registry values
Action start 8:14:43: WriteRegistryValues.
Key: HKEY_LOCAL_MACHINE\SOFTWARE\Microsoft\VisualStudio\14.0\VC\Runtimes\X86, Name: Version, Value: v14.40.33810.00
Key: HKEY_LOCAL_MACHINE\SOFTWARE\Microsoft\DevDiv\VC\Servicing\14.0, Name: SP, Value: 
Key: HKEY_LOCAL_MACHINE\SOFTWARE\Microsoft\DevDiv\VC\Servicing\14.0\RuntimeMinimum, Name: Install, Value: 
Key: HKEY_LOCAL_MACHINE\Software\Classes\Installer\Dependencies\Microsoft.VS.VC_RuntimeMinimumVSU_x86,v14, Name: Version, Value: 14.40.33810
Key: HKEY_LOCAL_MACHINE\SOFTWARE\Microsoft\VisualStudio\14.0\VC\Runtimes\X86, Name: Installed, Value: 
Key: HKEY_LOCAL_MACHINE\SOFTWARE\Microsoft\VisualStudio\14.0\VC\Runtimes\X86, Name: Major, Value: 
Key: HKEY_LOCAL_MACHINE\SOFTWARE\Microsoft\VisualStudio\14.0\VC\Runtimes\X86, Name: Minor, Value: 
Key: HKEY_LOCAL_MACHINE\SOFTWARE\Microsoft\VisualStudio\14.0\VC\Runtimes\X86, Name: Bld, Value: 
Key: HKEY_LOCAL_MACHINE\SOFTWARE\Microsoft\VisualStudio\14.0\VC\Runtimes\X86, Name: Rbld, Value: 
Key: HKEY_LOCAL_MACHINE\SOFTWARE\Microsoft\DevDiv\VC\Servicing\14.0, Name: SPIndex, Value: 
Key: HKEY_LOCAL_MACHINE\SOFTWARE\Microsoft\DevDiv\VC\Servicing\14.0\RuntimeMinimum, Name: InstallerType, Value: MSI
Key: HKEY_LOCAL_MACHINE\SOFTWARE\Microsoft\DevDiv\VC\Servicing\14.0\RuntimeMinimum, Name: SP, Value: 
Key: HKEY_LOCAL_MACHINE\SOFTWARE\Microsoft\DevDiv\VC\Servicing\14.0\RuntimeMinimum, Name: SPIndex, Value: 
Key: HKEY_LOCAL_MACHINE\SOFTWARE\Microsoft\DevDiv\VC\Servicing\14.0\RuntimeMinimum, Name: SPName, Value: RTM
Key: HKEY_LOCAL_MACHINE\SOFTWARE\Microsoft\DevDiv\VC\Servicing\14.0\RuntimeMinimum, Name: Version, Value: 14.40.33810
Key: HKEY_LOCAL_MACHINE\SOFTWARE\Microsoft\DevDiv\VC\Servicing\14.0\RuntimeMinimum, Name: UpdateVersion, Value: 14.40.33810
Key: HKEY_LOCAL_MACHINE\Software\Classes\Installer\Dependencies\Microsoft.VS.VC_RuntimeMinimumVSU_x86,v14, Name: , Value: {0C3457A0-3DCE-4A33-BEF0-9B528C557771}
Key: HKEY_LOCAL_MACHINE\Software\Classes\Installer\Dependencies\Microsoft.VS.VC_RuntimeMinimumVSU_x86,v14, Name: DisplayName, Value: Microsoft Visual C++ 2022 X86 Minimum Runtime - 14.40.33810
Action ended 8:14:43: WriteRegistryValues. Return value 1.
Action 8:14:43: RegisterUser. Registering user
Action start 8:14:43: RegisterUser.
1:  
Action ended 8:14:43: RegisterUser. Return value 1.
Action 8:14:43: RegisterProduct. Registering product
Action start 8:14:43: RegisterProduct.
1: {0C3457A0-3DCE-4A33-BEF0-9B528C557771} 
Action ended 8:14:43: RegisterProduct. Return value 1.
Action 8:14:43: PublishFeatures. Publishing Product Features
Action start 8:14:43: PublishFeatures.
Feature: VC_Runtime_Minimum
Feature: Provider
Feature: Servicing_Key
Action ended 8:14:43: PublishFeatures. Return value 1.
Action 8:14:43: PublishProduct. Publishing product information
Action start 8:14:43: PublishProduct.
1: {0C3457A0-3DCE-4A33-BEF0-9B528C557771} 
Action ended 8:14:43: PublishProduct. Return value 1.
Action ended 8:14:43: InstallFinalize. Return value 1.
Action ended 8:14:43: INSTALL. Return value 1.
1: Microsoft Visual C++ 2022 X86 Minimum Runtime - 14.40.33810 2: {0C3457A0-3DCE-4A33-BEF0-9B528C557771} 3: 1 
Property(S): UpgradeCode = {65E5BD06-6392-3027-8C26-853107D3CF1A}
Property(S): TARGETDIR = C:\
Property(S): SystemFolder = C:\windows\syswow64\
Property(S): SourceDir = C:\ProgramData\Package Cache\{0C3457A0-3DCE-4A33-BEF0-9B528C557771}v14.40.33810\packages\vcRuntimeMinimum_x86\
Property(S): ALLUSERS = 1
Property(S): FILESINUSETEXT = The following applications should be closed before continuing the install:
Property(S): INSTALLLEVEL = 2
Property(S): LIMITUI = 1
Property(S): REBOOT = ReallySuppress
Property(S): REPAIR_REINSTALLMODE = pecmsu
Property(S): ARPSYSTEMCOMPONENT = 1
Property(S): LocProductName = Microsoft Visual C++ 2022 X86 Runtime
Property(S): ProductCPU = x86
Property(S): ProductEdition = RuntimeMinimum
Property(S): ProductFamily = VC
Property(S): RTM_ProductVersion = 14.40.33810
Property(S): MsiLogging = voicewarmupx
Property(S): Manufacturer = Microsoft Corporation
Property(S): ProductCode = {0C3457A0-3DCE-4A33-BEF0-9B528C557771}
Property(S): ProductLanguage = 1033
Property(S): ProductName = Microsoft Visual C++ 2022 X86 Minimum Runtime - 14.40.33810
Property(S): ProductVersion = 14.40.33810
Property(S): DirectoryTable100_x86 = DirectoryTable
Property(S): SecureCustomProperties = IGNOREDEPENDENCIES;NEWERVCRUNTIMEVERSIONDETECTED;UPGRADEVCRUNTIME
Property(S): AdminUser = 1
Property(S): Privileged = 1
Property(S): MsiRunningElevated = 1
Property(S): CommonAppDataFolder = C:\ProgramData\
Property(S): FavoritesFolder = C:\users\steamuser\Favorites\
Property(S): FontsFolder = C:\windows\Fonts\
Property(S): SendToFolder = C:\users\steamuser\AppData\Roaming\Microsoft\Windows\SendTo\
Property(S): StartMenuFolder = C:\users\steamuser\AppData\Roaming\Microsoft\Windows\Start Menu\
Property(S): StartupFolder = C:\users\steamuser\AppData\Roaming\Microsoft\Windows\Start Menu\Programs\StartUp\
Property(S): TemplateFolder = C:\users\steamuser\AppData\Roaming\Microsoft\Windows\Templates\
Property(S): DesktopFolder = C:\users\steamuser\Desktop\
Property(S): ProgramMenuFolder = C:\users\steamuser\AppData\Roaming\Microsoft\Windows\Start Menu\Programs\
Property(S): AdminToolsFolder = C:\users\steamuser\AppData\Roaming\Microsoft\Windows\Start Menu\Programs\Administrative Tools\
Property(S): AppDataFolder = C:\users\steamuser\AppData\Roaming\
Property(S): System16Folder = C:\windows\system32\
Property(S): LocalAppDataFolder = C:\users\steamuser\AppData\Local\
Property(S): MyPicturesFolder = C:\users\steamuser\Pictures\
Property(S): PersonalFolder = C:\users\steamuser\Documents\
Property(S): WindowsFolder = C:\windows\
Property(S): PrintHoodFolder = C:\users\steamuser\AppData\Roaming\Microsoft\Windows\Printer Shortcuts\
Property(S): NetHoodFolder = C:\users\steamuser\AppData\Roaming\Microsoft\Windows\Network Shortcuts\
Property(S): RecentFolder = C:\users\steamuser\AppData\Roaming\Microsoft\Windows\Recent\
Property(S): PhysicalMemory = 15838
Property(S): WindowsVolume = C:\
Property(S): TempFolder = C:\users\steamuser\Temp\
Property(S): VersionNT = 603
Property(S): MsiNTProductType = 1
Property(S): WindowsBuild = 9600
Property(S): ServicePackLevel = 0
Property(S): VersionMsi = 4.5
Property(S): VersionDatabase = 400
Property(S): Intel = 23
Property(S): MsiAMD64 = 23
Property(S): Msix64 = 23
Property(S): VersionNT64 = 603
Property(S): System64Folder = C:\windows\system32\
Property(S): ProgramFiles64Folder = C:\Program Files\
Property(S): ProgramFilesFolder = C:\Program Files (x86)\
Property(S): CommonFiles64Folder = C:\Program Files\Common Files\
Property(S): CommonFilesFolder = C:\Program Files (x86)\Common Files\
Property(S): ScreenX = 1280
Property(S): ScreenY = 800
Property(S): ColorBits = 32
Property(S): UserSID = S-1-5-21-0-0-0-1000
Property(S): MsiNetAssemblySupport = 2.0.50727.4016
Property(S): UserLanguageID = 1033
Property(S): SystemLanguageID = 1033
Property(S): ProductState = -1
Property(S): LogonUser = steamuser
Property(S): ComputerName = STEAMDECK
Property(S): UILevel = 2
Property(S): PackageCode = {4B836928-B829-4902-8C78-C2CED840BB29}
Property(S): DATABASE = C:\windows\Installer\b9ff.msi
Property(S): OriginalDatabase = C:\ProgramData\Package Cache\{0C3457A0-3DCE-4A33-BEF0-9B528C557771}v14.40.33810\packages\vcRuntimeMinimum_x86\vc_runtimeMinimum_x86.msi
Property(S): SOURCEDIR = C:\ProgramData\Package Cache\{0C3457A0-3DCE-4A33-BEF0-9B528C557771}v14.40.33810\packages\vcRuntimeMinimum_x86\
Property(S): MSIFASTINSTALL = 7
Property(S): NOVSUI = 1
Property(S): ACTION = INSTALL
Property(S): EXECUTEACTION = INSTALL
Property(S): CostingComplete = 1
Property(S): ROOTDRIVE = C:\
Property(S): OutOfDiskSpace = 0
Property(S): OutOfNoRbDiskSpace = 0
1: 2 2: 0 
1: 2 2: 1 
Action ended 8:14:43: INSTALL. Return value 1.
